ARM GAS  /tmp/ccAJ7SND.s 			page 1


   1              		.cpu cortex-m3
   2              		.eabi_attribute 20, 1
   3              		.eabi_attribute 21, 1
   4              		.eabi_attribute 23, 3
   5              		.eabi_attribute 24, 1
   6              		.eabi_attribute 25, 1
   7              		.eabi_attribute 26, 1
   8              		.eabi_attribute 30, 1
   9              		.eabi_attribute 34, 1
  10              		.eabi_attribute 18, 4
  11              		.file	"stm32f1xx_hal.c"
  12              		.text
  13              	.Ltext0:
  14              		.cfi_sections	.debug_frame
  15              		.section	.text.HAL_MspInit,"ax",%progbits
  16              		.align	1
  17              		.weak	HAL_MspInit
  18              		.arch armv7-m
  19              		.syntax unified
  20              		.thumb
  21              		.thumb_func
  22              		.fpu softvfp
  24              	HAL_MspInit:
  25              	.LFB68:
  26              		.file 1 "Drivers/STM32F1xx_HAL_Driver/Src/stm32f1xx_hal.c"
   1:Drivers/STM32F1xx_HAL_Driver/Src/stm32f1xx_hal.c **** /**
   2:Drivers/STM32F1xx_HAL_Driver/Src/stm32f1xx_hal.c ****   ******************************************************************************
   3:Drivers/STM32F1xx_HAL_Driver/Src/stm32f1xx_hal.c ****   * @file    stm32f1xx_hal.c
   4:Drivers/STM32F1xx_HAL_Driver/Src/stm32f1xx_hal.c ****   * @author  MCD Application Team
   5:Drivers/STM32F1xx_HAL_Driver/Src/stm32f1xx_hal.c ****   * @brief   HAL module driver.
   6:Drivers/STM32F1xx_HAL_Driver/Src/stm32f1xx_hal.c ****   *          This is the common part of the HAL initialization
   7:Drivers/STM32F1xx_HAL_Driver/Src/stm32f1xx_hal.c ****   *
   8:Drivers/STM32F1xx_HAL_Driver/Src/stm32f1xx_hal.c ****   @verbatim
   9:Drivers/STM32F1xx_HAL_Driver/Src/stm32f1xx_hal.c ****   ==============================================================================
  10:Drivers/STM32F1xx_HAL_Driver/Src/stm32f1xx_hal.c ****                      ##### How to use this driver #####
  11:Drivers/STM32F1xx_HAL_Driver/Src/stm32f1xx_hal.c ****   ==============================================================================
  12:Drivers/STM32F1xx_HAL_Driver/Src/stm32f1xx_hal.c ****     [..]
  13:Drivers/STM32F1xx_HAL_Driver/Src/stm32f1xx_hal.c ****     The common HAL driver contains a set of generic and common APIs that can be
  14:Drivers/STM32F1xx_HAL_Driver/Src/stm32f1xx_hal.c ****     used by the PPP peripheral drivers and the user to start using the HAL.
  15:Drivers/STM32F1xx_HAL_Driver/Src/stm32f1xx_hal.c ****     [..]
  16:Drivers/STM32F1xx_HAL_Driver/Src/stm32f1xx_hal.c ****     The HAL contains two APIs' categories:
  17:Drivers/STM32F1xx_HAL_Driver/Src/stm32f1xx_hal.c ****          (+) Common HAL APIs
  18:Drivers/STM32F1xx_HAL_Driver/Src/stm32f1xx_hal.c ****          (+) Services HAL APIs
  19:Drivers/STM32F1xx_HAL_Driver/Src/stm32f1xx_hal.c **** 
  20:Drivers/STM32F1xx_HAL_Driver/Src/stm32f1xx_hal.c ****   @endverbatim
  21:Drivers/STM32F1xx_HAL_Driver/Src/stm32f1xx_hal.c ****   ******************************************************************************
  22:Drivers/STM32F1xx_HAL_Driver/Src/stm32f1xx_hal.c ****   * @attention
  23:Drivers/STM32F1xx_HAL_Driver/Src/stm32f1xx_hal.c ****   *
  24:Drivers/STM32F1xx_HAL_Driver/Src/stm32f1xx_hal.c ****   * <h2><center>&copy; COPYRIGHT(c) 2016 STMicroelectronics</center></h2>
  25:Drivers/STM32F1xx_HAL_Driver/Src/stm32f1xx_hal.c ****   *
  26:Drivers/STM32F1xx_HAL_Driver/Src/stm32f1xx_hal.c ****   * Redistribution and use in source and binary forms, with or without modification,
  27:Drivers/STM32F1xx_HAL_Driver/Src/stm32f1xx_hal.c ****   * are permitted provided that the following conditions are met:
  28:Drivers/STM32F1xx_HAL_Driver/Src/stm32f1xx_hal.c ****   *   1. Redistributions of source code must retain the above copyright notice,
  29:Drivers/STM32F1xx_HAL_Driver/Src/stm32f1xx_hal.c ****   *      this list of conditions and the following disclaimer.
  30:Drivers/STM32F1xx_HAL_Driver/Src/stm32f1xx_hal.c ****   *   2. Redistributions in binary form must reproduce the above copyright notice,
  31:Drivers/STM32F1xx_HAL_Driver/Src/stm32f1xx_hal.c ****   *      this list of conditions and the following disclaimer in the documentation
  32:Drivers/STM32F1xx_HAL_Driver/Src/stm32f1xx_hal.c ****   *      and/or other materials provided with the distribution.
ARM GAS  /tmp/ccAJ7SND.s 			page 2


  33:Drivers/STM32F1xx_HAL_Driver/Src/stm32f1xx_hal.c ****   *   3. Neither the name of STMicroelectronics nor the names of its contributors
  34:Drivers/STM32F1xx_HAL_Driver/Src/stm32f1xx_hal.c ****   *      may be used to endorse or promote products derived from this software
  35:Drivers/STM32F1xx_HAL_Driver/Src/stm32f1xx_hal.c ****   *      without specific prior written permission.
  36:Drivers/STM32F1xx_HAL_Driver/Src/stm32f1xx_hal.c ****   *
  37:Drivers/STM32F1xx_HAL_Driver/Src/stm32f1xx_hal.c ****   * THIS SOFTWARE IS PROVIDED BY THE COPYRIGHT HOLDERS AND CONTRIBUTORS "AS IS"
  38:Drivers/STM32F1xx_HAL_Driver/Src/stm32f1xx_hal.c ****   * AND ANY EXPRESS OR IMPLIED WARRANTIES, INCLUDING, BUT NOT LIMITED TO, THE
  39:Drivers/STM32F1xx_HAL_Driver/Src/stm32f1xx_hal.c ****   * IMPLIED WARRANTIES OF MERCHANTABILITY AND FITNESS FOR A PARTICULAR PURPOSE ARE
  40:Drivers/STM32F1xx_HAL_Driver/Src/stm32f1xx_hal.c ****   * DISCLAIMED. IN NO EVENT SHALL THE COPYRIGHT HOLDER OR CONTRIBUTORS BE LIABLE
  41:Drivers/STM32F1xx_HAL_Driver/Src/stm32f1xx_hal.c ****   * FOR ANY DIRECT, INDIRECT, INCIDENTAL, SPECIAL, EXEMPLARY, OR CONSEQUENTIAL
  42:Drivers/STM32F1xx_HAL_Driver/Src/stm32f1xx_hal.c ****   * DAMAGES (INCLUDING, BUT NOT LIMITED TO, PROCUREMENT OF SUBSTITUTE GOODS OR
  43:Drivers/STM32F1xx_HAL_Driver/Src/stm32f1xx_hal.c ****   * SERVICES; LOSS OF USE, DATA, OR PROFITS; OR BUSINESS INTERRUPTION) HOWEVER
  44:Drivers/STM32F1xx_HAL_Driver/Src/stm32f1xx_hal.c ****   * CAUSED AND ON ANY THEORY OF LIABILITY, WHETHER IN CONTRACT, STRICT LIABILITY,
  45:Drivers/STM32F1xx_HAL_Driver/Src/stm32f1xx_hal.c ****   * OR TORT (INCLUDING NEGLIGENCE OR OTHERWISE) ARISING IN ANY WAY OUT OF THE USE
  46:Drivers/STM32F1xx_HAL_Driver/Src/stm32f1xx_hal.c ****   * OF THIS SOFTWARE, EVEN IF ADVISED OF THE POSSIBILITY OF SUCH DAMAGE.
  47:Drivers/STM32F1xx_HAL_Driver/Src/stm32f1xx_hal.c ****   *
  48:Drivers/STM32F1xx_HAL_Driver/Src/stm32f1xx_hal.c ****   ******************************************************************************
  49:Drivers/STM32F1xx_HAL_Driver/Src/stm32f1xx_hal.c ****   */
  50:Drivers/STM32F1xx_HAL_Driver/Src/stm32f1xx_hal.c **** 
  51:Drivers/STM32F1xx_HAL_Driver/Src/stm32f1xx_hal.c **** /* Includes ------------------------------------------------------------------*/
  52:Drivers/STM32F1xx_HAL_Driver/Src/stm32f1xx_hal.c **** #include "stm32f1xx_hal.h"
  53:Drivers/STM32F1xx_HAL_Driver/Src/stm32f1xx_hal.c **** 
  54:Drivers/STM32F1xx_HAL_Driver/Src/stm32f1xx_hal.c **** /** @addtogroup STM32F1xx_HAL_Driver
  55:Drivers/STM32F1xx_HAL_Driver/Src/stm32f1xx_hal.c ****   * @{
  56:Drivers/STM32F1xx_HAL_Driver/Src/stm32f1xx_hal.c ****   */
  57:Drivers/STM32F1xx_HAL_Driver/Src/stm32f1xx_hal.c **** 
  58:Drivers/STM32F1xx_HAL_Driver/Src/stm32f1xx_hal.c **** /** @defgroup HAL HAL
  59:Drivers/STM32F1xx_HAL_Driver/Src/stm32f1xx_hal.c ****   * @brief HAL module driver.
  60:Drivers/STM32F1xx_HAL_Driver/Src/stm32f1xx_hal.c ****   * @{
  61:Drivers/STM32F1xx_HAL_Driver/Src/stm32f1xx_hal.c ****   */
  62:Drivers/STM32F1xx_HAL_Driver/Src/stm32f1xx_hal.c **** 
  63:Drivers/STM32F1xx_HAL_Driver/Src/stm32f1xx_hal.c **** #ifdef HAL_MODULE_ENABLED
  64:Drivers/STM32F1xx_HAL_Driver/Src/stm32f1xx_hal.c **** 
  65:Drivers/STM32F1xx_HAL_Driver/Src/stm32f1xx_hal.c **** /* Private typedef -----------------------------------------------------------*/
  66:Drivers/STM32F1xx_HAL_Driver/Src/stm32f1xx_hal.c **** /* Private define ------------------------------------------------------------*/
  67:Drivers/STM32F1xx_HAL_Driver/Src/stm32f1xx_hal.c **** 
  68:Drivers/STM32F1xx_HAL_Driver/Src/stm32f1xx_hal.c **** /** @defgroup HAL_Private_Constants HAL Private Constants
  69:Drivers/STM32F1xx_HAL_Driver/Src/stm32f1xx_hal.c ****   * @{
  70:Drivers/STM32F1xx_HAL_Driver/Src/stm32f1xx_hal.c ****   */
  71:Drivers/STM32F1xx_HAL_Driver/Src/stm32f1xx_hal.c **** /**
  72:Drivers/STM32F1xx_HAL_Driver/Src/stm32f1xx_hal.c ****  * @brief STM32F1xx HAL Driver version number V1.1.2
  73:Drivers/STM32F1xx_HAL_Driver/Src/stm32f1xx_hal.c ****    */
  74:Drivers/STM32F1xx_HAL_Driver/Src/stm32f1xx_hal.c **** #define __STM32F1xx_HAL_VERSION_MAIN   (0x01U) /*!< [31:24] main version */
  75:Drivers/STM32F1xx_HAL_Driver/Src/stm32f1xx_hal.c **** #define __STM32F1xx_HAL_VERSION_SUB1   (0x01U) /*!< [23:16] sub1 version */
  76:Drivers/STM32F1xx_HAL_Driver/Src/stm32f1xx_hal.c **** #define __STM32F1xx_HAL_VERSION_SUB2   (0x02U) /*!< [15:8]  sub2 version */
  77:Drivers/STM32F1xx_HAL_Driver/Src/stm32f1xx_hal.c **** #define __STM32F1xx_HAL_VERSION_RC     (0x00U) /*!< [7:0]  release candidate */
  78:Drivers/STM32F1xx_HAL_Driver/Src/stm32f1xx_hal.c **** #define __STM32F1xx_HAL_VERSION         ((__STM32F1xx_HAL_VERSION_MAIN << 24)\
  79:Drivers/STM32F1xx_HAL_Driver/Src/stm32f1xx_hal.c ****                                         |(__STM32F1xx_HAL_VERSION_SUB1 << 16)\
  80:Drivers/STM32F1xx_HAL_Driver/Src/stm32f1xx_hal.c ****                                         |(__STM32F1xx_HAL_VERSION_SUB2 << 8 )\
  81:Drivers/STM32F1xx_HAL_Driver/Src/stm32f1xx_hal.c ****                                         |(__STM32F1xx_HAL_VERSION_RC))
  82:Drivers/STM32F1xx_HAL_Driver/Src/stm32f1xx_hal.c **** 
  83:Drivers/STM32F1xx_HAL_Driver/Src/stm32f1xx_hal.c **** #define IDCODE_DEVID_MASK    0x00000FFFU
  84:Drivers/STM32F1xx_HAL_Driver/Src/stm32f1xx_hal.c **** 
  85:Drivers/STM32F1xx_HAL_Driver/Src/stm32f1xx_hal.c **** /**
  86:Drivers/STM32F1xx_HAL_Driver/Src/stm32f1xx_hal.c ****   * @}
  87:Drivers/STM32F1xx_HAL_Driver/Src/stm32f1xx_hal.c ****   */
  88:Drivers/STM32F1xx_HAL_Driver/Src/stm32f1xx_hal.c **** 
  89:Drivers/STM32F1xx_HAL_Driver/Src/stm32f1xx_hal.c **** /* Private macro -------------------------------------------------------------*/
ARM GAS  /tmp/ccAJ7SND.s 			page 3


  90:Drivers/STM32F1xx_HAL_Driver/Src/stm32f1xx_hal.c **** /* Private variables ---------------------------------------------------------*/
  91:Drivers/STM32F1xx_HAL_Driver/Src/stm32f1xx_hal.c **** 
  92:Drivers/STM32F1xx_HAL_Driver/Src/stm32f1xx_hal.c **** /** @defgroup HAL_Private_Variables HAL Private Variables
  93:Drivers/STM32F1xx_HAL_Driver/Src/stm32f1xx_hal.c ****   * @{
  94:Drivers/STM32F1xx_HAL_Driver/Src/stm32f1xx_hal.c ****   */
  95:Drivers/STM32F1xx_HAL_Driver/Src/stm32f1xx_hal.c **** __IO uint32_t uwTick;
  96:Drivers/STM32F1xx_HAL_Driver/Src/stm32f1xx_hal.c **** uint32_t uwTickPrio   = (1UL << __NVIC_PRIO_BITS); /* Invalid PRIO */
  97:Drivers/STM32F1xx_HAL_Driver/Src/stm32f1xx_hal.c **** HAL_TickFreqTypeDef uwTickFreq = HAL_TICK_FREQ_DEFAULT;  /* 1KHz */
  98:Drivers/STM32F1xx_HAL_Driver/Src/stm32f1xx_hal.c **** /**
  99:Drivers/STM32F1xx_HAL_Driver/Src/stm32f1xx_hal.c ****   * @}
 100:Drivers/STM32F1xx_HAL_Driver/Src/stm32f1xx_hal.c ****   */
 101:Drivers/STM32F1xx_HAL_Driver/Src/stm32f1xx_hal.c **** /* Private function prototypes -----------------------------------------------*/
 102:Drivers/STM32F1xx_HAL_Driver/Src/stm32f1xx_hal.c **** /* Exported functions ---------------------------------------------------------*/
 103:Drivers/STM32F1xx_HAL_Driver/Src/stm32f1xx_hal.c **** 
 104:Drivers/STM32F1xx_HAL_Driver/Src/stm32f1xx_hal.c **** /** @defgroup HAL_Exported_Functions HAL Exported Functions
 105:Drivers/STM32F1xx_HAL_Driver/Src/stm32f1xx_hal.c ****   * @{
 106:Drivers/STM32F1xx_HAL_Driver/Src/stm32f1xx_hal.c ****   */
 107:Drivers/STM32F1xx_HAL_Driver/Src/stm32f1xx_hal.c **** 
 108:Drivers/STM32F1xx_HAL_Driver/Src/stm32f1xx_hal.c **** /** @defgroup HAL_Exported_Functions_Group1 Initialization and de-initialization Functions
 109:Drivers/STM32F1xx_HAL_Driver/Src/stm32f1xx_hal.c ****  *  @brief    Initialization and de-initialization functions
 110:Drivers/STM32F1xx_HAL_Driver/Src/stm32f1xx_hal.c ****  *
 111:Drivers/STM32F1xx_HAL_Driver/Src/stm32f1xx_hal.c **** @verbatim
 112:Drivers/STM32F1xx_HAL_Driver/Src/stm32f1xx_hal.c ****  ===============================================================================
 113:Drivers/STM32F1xx_HAL_Driver/Src/stm32f1xx_hal.c ****               ##### Initialization and de-initialization functions #####
 114:Drivers/STM32F1xx_HAL_Driver/Src/stm32f1xx_hal.c ****  ===============================================================================
 115:Drivers/STM32F1xx_HAL_Driver/Src/stm32f1xx_hal.c ****    [..]  This section provides functions allowing to:
 116:Drivers/STM32F1xx_HAL_Driver/Src/stm32f1xx_hal.c ****       (+) Initializes the Flash interface, the NVIC allocation and initial clock
 117:Drivers/STM32F1xx_HAL_Driver/Src/stm32f1xx_hal.c ****           configuration. It initializes the systick also when timeout is needed
 118:Drivers/STM32F1xx_HAL_Driver/Src/stm32f1xx_hal.c ****           and the backup domain when enabled.
 119:Drivers/STM32F1xx_HAL_Driver/Src/stm32f1xx_hal.c ****       (+) de-Initializes common part of the HAL.
 120:Drivers/STM32F1xx_HAL_Driver/Src/stm32f1xx_hal.c ****       (+) Configure The time base source to have 1ms time base with a dedicated
 121:Drivers/STM32F1xx_HAL_Driver/Src/stm32f1xx_hal.c ****           Tick interrupt priority.
 122:Drivers/STM32F1xx_HAL_Driver/Src/stm32f1xx_hal.c ****         (++) SysTick timer is used by default as source of time base, but user
 123:Drivers/STM32F1xx_HAL_Driver/Src/stm32f1xx_hal.c ****              can eventually implement his proper time base source (a general purpose
 124:Drivers/STM32F1xx_HAL_Driver/Src/stm32f1xx_hal.c ****              timer for example or other time source), keeping in mind that Time base
 125:Drivers/STM32F1xx_HAL_Driver/Src/stm32f1xx_hal.c ****              duration should be kept 1ms since PPP_TIMEOUT_VALUEs are defined and
 126:Drivers/STM32F1xx_HAL_Driver/Src/stm32f1xx_hal.c ****              handled in milliseconds basis.
 127:Drivers/STM32F1xx_HAL_Driver/Src/stm32f1xx_hal.c ****         (++) Time base configuration function (HAL_InitTick ()) is called automatically
 128:Drivers/STM32F1xx_HAL_Driver/Src/stm32f1xx_hal.c ****              at the beginning of the program after reset by HAL_Init() or at any time
 129:Drivers/STM32F1xx_HAL_Driver/Src/stm32f1xx_hal.c ****              when clock is configured, by HAL_RCC_ClockConfig().
 130:Drivers/STM32F1xx_HAL_Driver/Src/stm32f1xx_hal.c ****         (++) Source of time base is configured  to generate interrupts at regular
 131:Drivers/STM32F1xx_HAL_Driver/Src/stm32f1xx_hal.c ****              time intervals. Care must be taken if HAL_Delay() is called from a
 132:Drivers/STM32F1xx_HAL_Driver/Src/stm32f1xx_hal.c ****              peripheral ISR process, the Tick interrupt line must have higher priority
 133:Drivers/STM32F1xx_HAL_Driver/Src/stm32f1xx_hal.c ****             (numerically lower) than the peripheral interrupt. Otherwise the caller
 134:Drivers/STM32F1xx_HAL_Driver/Src/stm32f1xx_hal.c ****             ISR process will be blocked.
 135:Drivers/STM32F1xx_HAL_Driver/Src/stm32f1xx_hal.c ****        (++) functions affecting time base configurations are declared as __weak
 136:Drivers/STM32F1xx_HAL_Driver/Src/stm32f1xx_hal.c ****              to make  override possible  in case of other  implementations in user file.
 137:Drivers/STM32F1xx_HAL_Driver/Src/stm32f1xx_hal.c **** @endverbatim
 138:Drivers/STM32F1xx_HAL_Driver/Src/stm32f1xx_hal.c ****   * @{
 139:Drivers/STM32F1xx_HAL_Driver/Src/stm32f1xx_hal.c ****   */
 140:Drivers/STM32F1xx_HAL_Driver/Src/stm32f1xx_hal.c **** 
 141:Drivers/STM32F1xx_HAL_Driver/Src/stm32f1xx_hal.c **** /**
 142:Drivers/STM32F1xx_HAL_Driver/Src/stm32f1xx_hal.c ****   * @brief  This function is used to initialize the HAL Library; it must be the first
 143:Drivers/STM32F1xx_HAL_Driver/Src/stm32f1xx_hal.c ****   *         instruction to be executed in the main program (before to call any other
 144:Drivers/STM32F1xx_HAL_Driver/Src/stm32f1xx_hal.c ****   *         HAL function), it performs the following:
 145:Drivers/STM32F1xx_HAL_Driver/Src/stm32f1xx_hal.c ****   *           Configure the Flash prefetch.
 146:Drivers/STM32F1xx_HAL_Driver/Src/stm32f1xx_hal.c ****   *           Configures the SysTick to generate an interrupt each 1 millisecond,
ARM GAS  /tmp/ccAJ7SND.s 			page 4


 147:Drivers/STM32F1xx_HAL_Driver/Src/stm32f1xx_hal.c ****   *           which is clocked by the HSI (at this stage, the clock is not yet
 148:Drivers/STM32F1xx_HAL_Driver/Src/stm32f1xx_hal.c ****   *           configured and thus the system is running from the internal HSI at 16 MHz).
 149:Drivers/STM32F1xx_HAL_Driver/Src/stm32f1xx_hal.c ****   *           Set NVIC Group Priority to 4.
 150:Drivers/STM32F1xx_HAL_Driver/Src/stm32f1xx_hal.c ****   *           Calls the HAL_MspInit() callback function defined in user file
 151:Drivers/STM32F1xx_HAL_Driver/Src/stm32f1xx_hal.c ****   *           "stm32f1xx_hal_msp.c" to do the global low level hardware initialization
 152:Drivers/STM32F1xx_HAL_Driver/Src/stm32f1xx_hal.c ****   *
 153:Drivers/STM32F1xx_HAL_Driver/Src/stm32f1xx_hal.c ****   * @note   SysTick is used as time base for the HAL_Delay() function, the application
 154:Drivers/STM32F1xx_HAL_Driver/Src/stm32f1xx_hal.c ****   *         need to ensure that the SysTick time base is always set to 1 millisecond
 155:Drivers/STM32F1xx_HAL_Driver/Src/stm32f1xx_hal.c ****   *         to have correct HAL operation.
 156:Drivers/STM32F1xx_HAL_Driver/Src/stm32f1xx_hal.c ****   * @retval HAL status
 157:Drivers/STM32F1xx_HAL_Driver/Src/stm32f1xx_hal.c ****   */
 158:Drivers/STM32F1xx_HAL_Driver/Src/stm32f1xx_hal.c **** HAL_StatusTypeDef HAL_Init(void)
 159:Drivers/STM32F1xx_HAL_Driver/Src/stm32f1xx_hal.c **** {
 160:Drivers/STM32F1xx_HAL_Driver/Src/stm32f1xx_hal.c ****   /* Configure Flash prefetch */
 161:Drivers/STM32F1xx_HAL_Driver/Src/stm32f1xx_hal.c **** #if (PREFETCH_ENABLE != 0)
 162:Drivers/STM32F1xx_HAL_Driver/Src/stm32f1xx_hal.c **** #if defined(STM32F101x6) || defined(STM32F101xB) || defined(STM32F101xE) || defined(STM32F101xG) ||
 163:Drivers/STM32F1xx_HAL_Driver/Src/stm32f1xx_hal.c ****     defined(STM32F102x6) || defined(STM32F102xB) || \
 164:Drivers/STM32F1xx_HAL_Driver/Src/stm32f1xx_hal.c ****     defined(STM32F103x6) || defined(STM32F103xB) || defined(STM32F103xE) || defined(STM32F103xG) ||
 165:Drivers/STM32F1xx_HAL_Driver/Src/stm32f1xx_hal.c ****     defined(STM32F105xC) || defined(STM32F107xC)
 166:Drivers/STM32F1xx_HAL_Driver/Src/stm32f1xx_hal.c **** 
 167:Drivers/STM32F1xx_HAL_Driver/Src/stm32f1xx_hal.c ****   /* Prefetch buffer is not available on value line devices */
 168:Drivers/STM32F1xx_HAL_Driver/Src/stm32f1xx_hal.c ****   __HAL_FLASH_PREFETCH_BUFFER_ENABLE();
 169:Drivers/STM32F1xx_HAL_Driver/Src/stm32f1xx_hal.c **** #endif
 170:Drivers/STM32F1xx_HAL_Driver/Src/stm32f1xx_hal.c **** #endif /* PREFETCH_ENABLE */
 171:Drivers/STM32F1xx_HAL_Driver/Src/stm32f1xx_hal.c **** 
 172:Drivers/STM32F1xx_HAL_Driver/Src/stm32f1xx_hal.c ****   /* Set Interrupt Group Priority */
 173:Drivers/STM32F1xx_HAL_Driver/Src/stm32f1xx_hal.c ****   HAL_NVIC_SetPriorityGrouping(NVIC_PRIORITYGROUP_4);
 174:Drivers/STM32F1xx_HAL_Driver/Src/stm32f1xx_hal.c **** 
 175:Drivers/STM32F1xx_HAL_Driver/Src/stm32f1xx_hal.c ****   /* Use systick as time base source and configure 1ms tick (default clock after Reset is HSI) */
 176:Drivers/STM32F1xx_HAL_Driver/Src/stm32f1xx_hal.c ****   HAL_InitTick(TICK_INT_PRIORITY);
 177:Drivers/STM32F1xx_HAL_Driver/Src/stm32f1xx_hal.c **** 
 178:Drivers/STM32F1xx_HAL_Driver/Src/stm32f1xx_hal.c ****   /* Init the low level hardware */
 179:Drivers/STM32F1xx_HAL_Driver/Src/stm32f1xx_hal.c ****   HAL_MspInit();
 180:Drivers/STM32F1xx_HAL_Driver/Src/stm32f1xx_hal.c **** 
 181:Drivers/STM32F1xx_HAL_Driver/Src/stm32f1xx_hal.c ****   /* Return function status */
 182:Drivers/STM32F1xx_HAL_Driver/Src/stm32f1xx_hal.c ****   return HAL_OK;
 183:Drivers/STM32F1xx_HAL_Driver/Src/stm32f1xx_hal.c **** }
 184:Drivers/STM32F1xx_HAL_Driver/Src/stm32f1xx_hal.c **** 
 185:Drivers/STM32F1xx_HAL_Driver/Src/stm32f1xx_hal.c **** /**
 186:Drivers/STM32F1xx_HAL_Driver/Src/stm32f1xx_hal.c ****   * @brief This function de-Initializes common part of the HAL and stops the systick.
 187:Drivers/STM32F1xx_HAL_Driver/Src/stm32f1xx_hal.c ****   *        of time base.
 188:Drivers/STM32F1xx_HAL_Driver/Src/stm32f1xx_hal.c ****   * @note This function is optional.
 189:Drivers/STM32F1xx_HAL_Driver/Src/stm32f1xx_hal.c ****   * @retval HAL status
 190:Drivers/STM32F1xx_HAL_Driver/Src/stm32f1xx_hal.c ****   */
 191:Drivers/STM32F1xx_HAL_Driver/Src/stm32f1xx_hal.c **** HAL_StatusTypeDef HAL_DeInit(void)
 192:Drivers/STM32F1xx_HAL_Driver/Src/stm32f1xx_hal.c **** {
 193:Drivers/STM32F1xx_HAL_Driver/Src/stm32f1xx_hal.c ****   /* Reset of all peripherals */
 194:Drivers/STM32F1xx_HAL_Driver/Src/stm32f1xx_hal.c ****   __HAL_RCC_APB1_FORCE_RESET();
 195:Drivers/STM32F1xx_HAL_Driver/Src/stm32f1xx_hal.c ****   __HAL_RCC_APB1_RELEASE_RESET();
 196:Drivers/STM32F1xx_HAL_Driver/Src/stm32f1xx_hal.c **** 
 197:Drivers/STM32F1xx_HAL_Driver/Src/stm32f1xx_hal.c ****   __HAL_RCC_APB2_FORCE_RESET();
 198:Drivers/STM32F1xx_HAL_Driver/Src/stm32f1xx_hal.c ****   __HAL_RCC_APB2_RELEASE_RESET();
 199:Drivers/STM32F1xx_HAL_Driver/Src/stm32f1xx_hal.c **** 
 200:Drivers/STM32F1xx_HAL_Driver/Src/stm32f1xx_hal.c **** #if defined(STM32F105xC) || defined(STM32F107xC)
 201:Drivers/STM32F1xx_HAL_Driver/Src/stm32f1xx_hal.c ****   __HAL_RCC_AHB_FORCE_RESET();
 202:Drivers/STM32F1xx_HAL_Driver/Src/stm32f1xx_hal.c ****   __HAL_RCC_AHB_RELEASE_RESET();
 203:Drivers/STM32F1xx_HAL_Driver/Src/stm32f1xx_hal.c **** #endif
ARM GAS  /tmp/ccAJ7SND.s 			page 5


 204:Drivers/STM32F1xx_HAL_Driver/Src/stm32f1xx_hal.c **** 
 205:Drivers/STM32F1xx_HAL_Driver/Src/stm32f1xx_hal.c ****   /* De-Init the low level hardware */
 206:Drivers/STM32F1xx_HAL_Driver/Src/stm32f1xx_hal.c ****   HAL_MspDeInit();
 207:Drivers/STM32F1xx_HAL_Driver/Src/stm32f1xx_hal.c **** 
 208:Drivers/STM32F1xx_HAL_Driver/Src/stm32f1xx_hal.c ****   /* Return function status */
 209:Drivers/STM32F1xx_HAL_Driver/Src/stm32f1xx_hal.c ****   return HAL_OK;
 210:Drivers/STM32F1xx_HAL_Driver/Src/stm32f1xx_hal.c **** }
 211:Drivers/STM32F1xx_HAL_Driver/Src/stm32f1xx_hal.c **** 
 212:Drivers/STM32F1xx_HAL_Driver/Src/stm32f1xx_hal.c **** /**
 213:Drivers/STM32F1xx_HAL_Driver/Src/stm32f1xx_hal.c ****   * @brief  Initialize the MSP.
 214:Drivers/STM32F1xx_HAL_Driver/Src/stm32f1xx_hal.c ****   * @retval None
 215:Drivers/STM32F1xx_HAL_Driver/Src/stm32f1xx_hal.c ****   */
 216:Drivers/STM32F1xx_HAL_Driver/Src/stm32f1xx_hal.c **** __weak void HAL_MspInit(void)
 217:Drivers/STM32F1xx_HAL_Driver/Src/stm32f1xx_hal.c **** {
  27              		.loc 1 217 1 view -0
  28              		.cfi_startproc
  29              		@ args = 0, pretend = 0, frame = 0
  30              		@ frame_needed = 0, uses_anonymous_args = 0
  31              		@ link register save eliminated.
 218:Drivers/STM32F1xx_HAL_Driver/Src/stm32f1xx_hal.c ****   /* NOTE : This function should not be modified, when the callback is needed,
 219:Drivers/STM32F1xx_HAL_Driver/Src/stm32f1xx_hal.c ****             the HAL_MspInit could be implemented in the user file
 220:Drivers/STM32F1xx_HAL_Driver/Src/stm32f1xx_hal.c ****    */
 221:Drivers/STM32F1xx_HAL_Driver/Src/stm32f1xx_hal.c **** }
  32              		.loc 1 221 1 view .LVU1
  33 0000 7047     		bx	lr
  34              		.cfi_endproc
  35              	.LFE68:
  37              		.section	.text.HAL_MspDeInit,"ax",%progbits
  38              		.align	1
  39              		.weak	HAL_MspDeInit
  40              		.syntax unified
  41              		.thumb
  42              		.thumb_func
  43              		.fpu softvfp
  45              	HAL_MspDeInit:
  46              	.LFB69:
 222:Drivers/STM32F1xx_HAL_Driver/Src/stm32f1xx_hal.c **** 
 223:Drivers/STM32F1xx_HAL_Driver/Src/stm32f1xx_hal.c **** /**
 224:Drivers/STM32F1xx_HAL_Driver/Src/stm32f1xx_hal.c ****   * @brief  DeInitializes the MSP.
 225:Drivers/STM32F1xx_HAL_Driver/Src/stm32f1xx_hal.c ****   * @retval None
 226:Drivers/STM32F1xx_HAL_Driver/Src/stm32f1xx_hal.c ****   */
 227:Drivers/STM32F1xx_HAL_Driver/Src/stm32f1xx_hal.c **** __weak void HAL_MspDeInit(void)
 228:Drivers/STM32F1xx_HAL_Driver/Src/stm32f1xx_hal.c **** {
  47              		.loc 1 228 1 view -0
  48              		.cfi_startproc
  49              		@ args = 0, pretend = 0, frame = 0
  50              		@ frame_needed = 0, uses_anonymous_args = 0
  51              		@ link register save eliminated.
 229:Drivers/STM32F1xx_HAL_Driver/Src/stm32f1xx_hal.c ****   /* NOTE : This function should not be modified, when the callback is needed,
 230:Drivers/STM32F1xx_HAL_Driver/Src/stm32f1xx_hal.c ****             the HAL_MspDeInit could be implemented in the user file
 231:Drivers/STM32F1xx_HAL_Driver/Src/stm32f1xx_hal.c ****    */
 232:Drivers/STM32F1xx_HAL_Driver/Src/stm32f1xx_hal.c **** }
  52              		.loc 1 232 1 view .LVU3
  53 0000 7047     		bx	lr
  54              		.cfi_endproc
  55              	.LFE69:
  57              		.section	.text.HAL_DeInit,"ax",%progbits
ARM GAS  /tmp/ccAJ7SND.s 			page 6


  58              		.align	1
  59              		.global	HAL_DeInit
  60              		.syntax unified
  61              		.thumb
  62              		.thumb_func
  63              		.fpu softvfp
  65              	HAL_DeInit:
  66              	.LFB67:
 192:Drivers/STM32F1xx_HAL_Driver/Src/stm32f1xx_hal.c ****   /* Reset of all peripherals */
  67              		.loc 1 192 1 view -0
  68              		.cfi_startproc
  69              		@ args = 0, pretend = 0, frame = 0
  70              		@ frame_needed = 0, uses_anonymous_args = 0
  71 0000 10B5     		push	{r4, lr}
  72              	.LCFI0:
  73              		.cfi_def_cfa_offset 8
  74              		.cfi_offset 4, -8
  75              		.cfi_offset 14, -4
 194:Drivers/STM32F1xx_HAL_Driver/Src/stm32f1xx_hal.c ****   __HAL_RCC_APB1_RELEASE_RESET();
  76              		.loc 1 194 3 view .LVU5
  77 0002 064B     		ldr	r3, .L5
  78 0004 4FF0FF32 		mov	r2, #-1
  79 0008 DA60     		str	r2, [r3, #12]
 195:Drivers/STM32F1xx_HAL_Driver/Src/stm32f1xx_hal.c **** 
  80              		.loc 1 195 3 view .LVU6
  81 000a 0024     		movs	r4, #0
  82 000c 1C61     		str	r4, [r3, #16]
 197:Drivers/STM32F1xx_HAL_Driver/Src/stm32f1xx_hal.c ****   __HAL_RCC_APB2_RELEASE_RESET();
  83              		.loc 1 197 3 view .LVU7
  84 000e DA60     		str	r2, [r3, #12]
 198:Drivers/STM32F1xx_HAL_Driver/Src/stm32f1xx_hal.c **** 
  85              		.loc 1 198 3 view .LVU8
  86 0010 DC60     		str	r4, [r3, #12]
 206:Drivers/STM32F1xx_HAL_Driver/Src/stm32f1xx_hal.c **** 
  87              		.loc 1 206 3 view .LVU9
  88 0012 FFF7FEFF 		bl	HAL_MspDeInit
  89              	.LVL0:
 209:Drivers/STM32F1xx_HAL_Driver/Src/stm32f1xx_hal.c **** }
  90              		.loc 1 209 3 view .LVU10
 210:Drivers/STM32F1xx_HAL_Driver/Src/stm32f1xx_hal.c **** 
  91              		.loc 1 210 1 is_stmt 0 view .LVU11
  92 0016 2046     		mov	r0, r4
  93 0018 10BD     		pop	{r4, pc}
  94              	.L6:
  95 001a 00BF     		.align	2
  96              	.L5:
  97 001c 00100240 		.word	1073876992
  98              		.cfi_endproc
  99              	.LFE67:
 101              		.section	.text.HAL_InitTick,"ax",%progbits
 102              		.align	1
 103              		.weak	HAL_InitTick
 104              		.syntax unified
 105              		.thumb
 106              		.thumb_func
 107              		.fpu softvfp
 109              	HAL_InitTick:
ARM GAS  /tmp/ccAJ7SND.s 			page 7


 110              	.LVL1:
 111              	.LFB70:
 233:Drivers/STM32F1xx_HAL_Driver/Src/stm32f1xx_hal.c **** 
 234:Drivers/STM32F1xx_HAL_Driver/Src/stm32f1xx_hal.c **** /**
 235:Drivers/STM32F1xx_HAL_Driver/Src/stm32f1xx_hal.c ****   * @brief This function configures the source of the time base.
 236:Drivers/STM32F1xx_HAL_Driver/Src/stm32f1xx_hal.c ****   *        The time source is configured  to have 1ms time base with a dedicated
 237:Drivers/STM32F1xx_HAL_Driver/Src/stm32f1xx_hal.c ****   *        Tick interrupt priority.
 238:Drivers/STM32F1xx_HAL_Driver/Src/stm32f1xx_hal.c ****   * @note This function is called  automatically at the beginning of program after
 239:Drivers/STM32F1xx_HAL_Driver/Src/stm32f1xx_hal.c ****   *       reset by HAL_Init() or at any time when clock is reconfigured  by HAL_RCC_ClockConfig().
 240:Drivers/STM32F1xx_HAL_Driver/Src/stm32f1xx_hal.c ****   * @note In the default implementation, SysTick timer is the source of time base.
 241:Drivers/STM32F1xx_HAL_Driver/Src/stm32f1xx_hal.c ****   *       It is used to generate interrupts at regular time intervals.
 242:Drivers/STM32F1xx_HAL_Driver/Src/stm32f1xx_hal.c ****   *       Care must be taken if HAL_Delay() is called from a peripheral ISR process,
 243:Drivers/STM32F1xx_HAL_Driver/Src/stm32f1xx_hal.c ****   *       The SysTick interrupt must have higher priority (numerically lower)
 244:Drivers/STM32F1xx_HAL_Driver/Src/stm32f1xx_hal.c ****   *       than the peripheral interrupt. Otherwise the caller ISR process will be blocked.
 245:Drivers/STM32F1xx_HAL_Driver/Src/stm32f1xx_hal.c ****   *       The function is declared as __weak  to be overwritten  in case of other
 246:Drivers/STM32F1xx_HAL_Driver/Src/stm32f1xx_hal.c ****   *       implementation  in user file.
 247:Drivers/STM32F1xx_HAL_Driver/Src/stm32f1xx_hal.c ****   * @param TickPriority Tick interrupt priority.
 248:Drivers/STM32F1xx_HAL_Driver/Src/stm32f1xx_hal.c ****   * @retval HAL status
 249:Drivers/STM32F1xx_HAL_Driver/Src/stm32f1xx_hal.c ****   */
 250:Drivers/STM32F1xx_HAL_Driver/Src/stm32f1xx_hal.c **** __weak HAL_StatusTypeDef HAL_InitTick(uint32_t TickPriority)
 251:Drivers/STM32F1xx_HAL_Driver/Src/stm32f1xx_hal.c **** {
 112              		.loc 1 251 1 is_stmt 1 view -0
 113              		.cfi_startproc
 114              		@ args = 0, pretend = 0, frame = 0
 115              		@ frame_needed = 0, uses_anonymous_args = 0
 116              		.loc 1 251 1 is_stmt 0 view .LVU13
 117 0000 10B5     		push	{r4, lr}
 118              	.LCFI1:
 119              		.cfi_def_cfa_offset 8
 120              		.cfi_offset 4, -8
 121              		.cfi_offset 14, -4
 122 0002 0446     		mov	r4, r0
 252:Drivers/STM32F1xx_HAL_Driver/Src/stm32f1xx_hal.c ****   /* Configure the SysTick to have interrupt in 1ms time basis*/
 253:Drivers/STM32F1xx_HAL_Driver/Src/stm32f1xx_hal.c ****   if (HAL_SYSTICK_Config(SystemCoreClock / (1000U / uwTickFreq)) > 0U)
 123              		.loc 1 253 3 is_stmt 1 view .LVU14
 124              		.loc 1 253 51 is_stmt 0 view .LVU15
 125 0004 0E4B     		ldr	r3, .L13
 126 0006 1878     		ldrb	r0, [r3]	@ zero_extendqisi2
 127              	.LVL2:
 128              		.loc 1 253 51 view .LVU16
 129 0008 4FF47A73 		mov	r3, #1000
 130 000c B3FBF0F3 		udiv	r3, r3, r0
 131              		.loc 1 253 7 view .LVU17
 132 0010 0C4A     		ldr	r2, .L13+4
 133 0012 1068     		ldr	r0, [r2]
 134 0014 B0FBF3F0 		udiv	r0, r0, r3
 135 0018 FFF7FEFF 		bl	HAL_SYSTICK_Config
 136              	.LVL3:
 137              		.loc 1 253 6 view .LVU18
 138 001c 68B9     		cbnz	r0, .L9
 254:Drivers/STM32F1xx_HAL_Driver/Src/stm32f1xx_hal.c ****   {
 255:Drivers/STM32F1xx_HAL_Driver/Src/stm32f1xx_hal.c ****     return HAL_ERROR;
 256:Drivers/STM32F1xx_HAL_Driver/Src/stm32f1xx_hal.c ****   }
 257:Drivers/STM32F1xx_HAL_Driver/Src/stm32f1xx_hal.c **** 
 258:Drivers/STM32F1xx_HAL_Driver/Src/stm32f1xx_hal.c ****   /* Configure the SysTick IRQ priority */
 259:Drivers/STM32F1xx_HAL_Driver/Src/stm32f1xx_hal.c ****   if (TickPriority < (1UL << __NVIC_PRIO_BITS))
 139              		.loc 1 259 3 is_stmt 1 view .LVU19
ARM GAS  /tmp/ccAJ7SND.s 			page 8


 140              		.loc 1 259 6 is_stmt 0 view .LVU20
 141 001e 0F2C     		cmp	r4, #15
 142 0020 01D9     		bls	.L12
 260:Drivers/STM32F1xx_HAL_Driver/Src/stm32f1xx_hal.c ****   {
 261:Drivers/STM32F1xx_HAL_Driver/Src/stm32f1xx_hal.c ****     HAL_NVIC_SetPriority(SysTick_IRQn, TickPriority, 0U);
 262:Drivers/STM32F1xx_HAL_Driver/Src/stm32f1xx_hal.c ****     uwTickPrio = TickPriority;
 263:Drivers/STM32F1xx_HAL_Driver/Src/stm32f1xx_hal.c ****   }
 264:Drivers/STM32F1xx_HAL_Driver/Src/stm32f1xx_hal.c ****   else
 265:Drivers/STM32F1xx_HAL_Driver/Src/stm32f1xx_hal.c ****   {
 266:Drivers/STM32F1xx_HAL_Driver/Src/stm32f1xx_hal.c ****     return HAL_ERROR;
 143              		.loc 1 266 12 view .LVU21
 144 0022 0120     		movs	r0, #1
 145 0024 0AE0     		b	.L8
 146              	.L12:
 261:Drivers/STM32F1xx_HAL_Driver/Src/stm32f1xx_hal.c ****     uwTickPrio = TickPriority;
 147              		.loc 1 261 5 is_stmt 1 view .LVU22
 148 0026 0022     		movs	r2, #0
 149 0028 2146     		mov	r1, r4
 150 002a 4FF0FF30 		mov	r0, #-1
 151 002e FFF7FEFF 		bl	HAL_NVIC_SetPriority
 152              	.LVL4:
 262:Drivers/STM32F1xx_HAL_Driver/Src/stm32f1xx_hal.c ****   }
 153              		.loc 1 262 5 view .LVU23
 262:Drivers/STM32F1xx_HAL_Driver/Src/stm32f1xx_hal.c ****   }
 154              		.loc 1 262 16 is_stmt 0 view .LVU24
 155 0032 054B     		ldr	r3, .L13+8
 156 0034 1C60     		str	r4, [r3]
 267:Drivers/STM32F1xx_HAL_Driver/Src/stm32f1xx_hal.c ****   }
 268:Drivers/STM32F1xx_HAL_Driver/Src/stm32f1xx_hal.c **** 
 269:Drivers/STM32F1xx_HAL_Driver/Src/stm32f1xx_hal.c ****   /* Return function status */
 270:Drivers/STM32F1xx_HAL_Driver/Src/stm32f1xx_hal.c ****   return HAL_OK;
 157              		.loc 1 270 3 is_stmt 1 view .LVU25
 158              		.loc 1 270 10 is_stmt 0 view .LVU26
 159 0036 0020     		movs	r0, #0
 160 0038 00E0     		b	.L8
 161              	.L9:
 255:Drivers/STM32F1xx_HAL_Driver/Src/stm32f1xx_hal.c ****   }
 162              		.loc 1 255 12 view .LVU27
 163 003a 0120     		movs	r0, #1
 164              	.L8:
 271:Drivers/STM32F1xx_HAL_Driver/Src/stm32f1xx_hal.c **** }
 165              		.loc 1 271 1 view .LVU28
 166 003c 10BD     		pop	{r4, pc}
 167              	.LVL5:
 168              	.L14:
 169              		.loc 1 271 1 view .LVU29
 170 003e 00BF     		.align	2
 171              	.L13:
 172 0040 00000000 		.word	.LANCHOR0
 173 0044 00000000 		.word	SystemCoreClock
 174 0048 00000000 		.word	.LANCHOR1
 175              		.cfi_endproc
 176              	.LFE70:
 178              		.section	.text.HAL_Init,"ax",%progbits
 179              		.align	1
 180              		.global	HAL_Init
 181              		.syntax unified
ARM GAS  /tmp/ccAJ7SND.s 			page 9


 182              		.thumb
 183              		.thumb_func
 184              		.fpu softvfp
 186              	HAL_Init:
 187              	.LFB66:
 159:Drivers/STM32F1xx_HAL_Driver/Src/stm32f1xx_hal.c ****   /* Configure Flash prefetch */
 188              		.loc 1 159 1 is_stmt 1 view -0
 189              		.cfi_startproc
 190              		@ args = 0, pretend = 0, frame = 0
 191              		@ frame_needed = 0, uses_anonymous_args = 0
 192 0000 08B5     		push	{r3, lr}
 193              	.LCFI2:
 194              		.cfi_def_cfa_offset 8
 195              		.cfi_offset 3, -8
 196              		.cfi_offset 14, -4
 168:Drivers/STM32F1xx_HAL_Driver/Src/stm32f1xx_hal.c **** #endif
 197              		.loc 1 168 3 view .LVU31
 198 0002 074A     		ldr	r2, .L17
 199 0004 1368     		ldr	r3, [r2]
 200 0006 43F01003 		orr	r3, r3, #16
 201 000a 1360     		str	r3, [r2]
 173:Drivers/STM32F1xx_HAL_Driver/Src/stm32f1xx_hal.c **** 
 202              		.loc 1 173 3 view .LVU32
 203 000c 0320     		movs	r0, #3
 204 000e FFF7FEFF 		bl	HAL_NVIC_SetPriorityGrouping
 205              	.LVL6:
 176:Drivers/STM32F1xx_HAL_Driver/Src/stm32f1xx_hal.c **** 
 206              		.loc 1 176 3 view .LVU33
 207 0012 0220     		movs	r0, #2
 208 0014 FFF7FEFF 		bl	HAL_InitTick
 209              	.LVL7:
 179:Drivers/STM32F1xx_HAL_Driver/Src/stm32f1xx_hal.c **** 
 210              		.loc 1 179 3 view .LVU34
 211 0018 FFF7FEFF 		bl	HAL_MspInit
 212              	.LVL8:
 182:Drivers/STM32F1xx_HAL_Driver/Src/stm32f1xx_hal.c **** }
 213              		.loc 1 182 3 view .LVU35
 183:Drivers/STM32F1xx_HAL_Driver/Src/stm32f1xx_hal.c **** 
 214              		.loc 1 183 1 is_stmt 0 view .LVU36
 215 001c 0020     		movs	r0, #0
 216 001e 08BD     		pop	{r3, pc}
 217              	.L18:
 218              		.align	2
 219              	.L17:
 220 0020 00200240 		.word	1073881088
 221              		.cfi_endproc
 222              	.LFE66:
 224              		.section	.text.HAL_IncTick,"ax",%progbits
 225              		.align	1
 226              		.weak	HAL_IncTick
 227              		.syntax unified
 228              		.thumb
 229              		.thumb_func
 230              		.fpu softvfp
 232              	HAL_IncTick:
 233              	.LFB71:
 272:Drivers/STM32F1xx_HAL_Driver/Src/stm32f1xx_hal.c **** 
ARM GAS  /tmp/ccAJ7SND.s 			page 10


 273:Drivers/STM32F1xx_HAL_Driver/Src/stm32f1xx_hal.c **** /**
 274:Drivers/STM32F1xx_HAL_Driver/Src/stm32f1xx_hal.c ****   * @}
 275:Drivers/STM32F1xx_HAL_Driver/Src/stm32f1xx_hal.c ****   */
 276:Drivers/STM32F1xx_HAL_Driver/Src/stm32f1xx_hal.c **** 
 277:Drivers/STM32F1xx_HAL_Driver/Src/stm32f1xx_hal.c **** /** @defgroup HAL_Exported_Functions_Group2 HAL Control functions
 278:Drivers/STM32F1xx_HAL_Driver/Src/stm32f1xx_hal.c ****   *  @brief    HAL Control functions
 279:Drivers/STM32F1xx_HAL_Driver/Src/stm32f1xx_hal.c ****   *
 280:Drivers/STM32F1xx_HAL_Driver/Src/stm32f1xx_hal.c **** @verbatim
 281:Drivers/STM32F1xx_HAL_Driver/Src/stm32f1xx_hal.c ****  ===============================================================================
 282:Drivers/STM32F1xx_HAL_Driver/Src/stm32f1xx_hal.c ****                       ##### HAL Control functions #####
 283:Drivers/STM32F1xx_HAL_Driver/Src/stm32f1xx_hal.c ****  ===============================================================================
 284:Drivers/STM32F1xx_HAL_Driver/Src/stm32f1xx_hal.c ****     [..]  This section provides functions allowing to:
 285:Drivers/STM32F1xx_HAL_Driver/Src/stm32f1xx_hal.c ****       (+) Provide a tick value in millisecond
 286:Drivers/STM32F1xx_HAL_Driver/Src/stm32f1xx_hal.c ****       (+) Provide a blocking delay in millisecond
 287:Drivers/STM32F1xx_HAL_Driver/Src/stm32f1xx_hal.c ****       (+) Suspend the time base source interrupt
 288:Drivers/STM32F1xx_HAL_Driver/Src/stm32f1xx_hal.c ****       (+) Resume the time base source interrupt
 289:Drivers/STM32F1xx_HAL_Driver/Src/stm32f1xx_hal.c ****       (+) Get the HAL API driver version
 290:Drivers/STM32F1xx_HAL_Driver/Src/stm32f1xx_hal.c ****       (+) Get the device identifier
 291:Drivers/STM32F1xx_HAL_Driver/Src/stm32f1xx_hal.c ****       (+) Get the device revision identifier
 292:Drivers/STM32F1xx_HAL_Driver/Src/stm32f1xx_hal.c ****       (+) Enable/Disable Debug module during SLEEP mode
 293:Drivers/STM32F1xx_HAL_Driver/Src/stm32f1xx_hal.c ****       (+) Enable/Disable Debug module during STOP mode
 294:Drivers/STM32F1xx_HAL_Driver/Src/stm32f1xx_hal.c ****       (+) Enable/Disable Debug module during STANDBY mode
 295:Drivers/STM32F1xx_HAL_Driver/Src/stm32f1xx_hal.c **** 
 296:Drivers/STM32F1xx_HAL_Driver/Src/stm32f1xx_hal.c **** @endverbatim
 297:Drivers/STM32F1xx_HAL_Driver/Src/stm32f1xx_hal.c ****   * @{
 298:Drivers/STM32F1xx_HAL_Driver/Src/stm32f1xx_hal.c ****   */
 299:Drivers/STM32F1xx_HAL_Driver/Src/stm32f1xx_hal.c **** 
 300:Drivers/STM32F1xx_HAL_Driver/Src/stm32f1xx_hal.c **** /**
 301:Drivers/STM32F1xx_HAL_Driver/Src/stm32f1xx_hal.c ****   * @brief This function is called to increment  a global variable "uwTick"
 302:Drivers/STM32F1xx_HAL_Driver/Src/stm32f1xx_hal.c ****   *        used as application time base.
 303:Drivers/STM32F1xx_HAL_Driver/Src/stm32f1xx_hal.c ****   * @note In the default implementation, this variable is incremented each 1ms
 304:Drivers/STM32F1xx_HAL_Driver/Src/stm32f1xx_hal.c ****   *       in SysTick ISR.
 305:Drivers/STM32F1xx_HAL_Driver/Src/stm32f1xx_hal.c ****   * @note This function is declared as __weak to be overwritten in case of other
 306:Drivers/STM32F1xx_HAL_Driver/Src/stm32f1xx_hal.c ****   *      implementations in user file.
 307:Drivers/STM32F1xx_HAL_Driver/Src/stm32f1xx_hal.c ****   * @retval None
 308:Drivers/STM32F1xx_HAL_Driver/Src/stm32f1xx_hal.c ****   */
 309:Drivers/STM32F1xx_HAL_Driver/Src/stm32f1xx_hal.c **** __weak void HAL_IncTick(void)
 310:Drivers/STM32F1xx_HAL_Driver/Src/stm32f1xx_hal.c **** {
 234              		.loc 1 310 1 is_stmt 1 view -0
 235              		.cfi_startproc
 236              		@ args = 0, pretend = 0, frame = 0
 237              		@ frame_needed = 0, uses_anonymous_args = 0
 238              		@ link register save eliminated.
 311:Drivers/STM32F1xx_HAL_Driver/Src/stm32f1xx_hal.c ****   uwTick += uwTickFreq;
 239              		.loc 1 311 3 view .LVU38
 240              		.loc 1 311 10 is_stmt 0 view .LVU39
 241 0000 034A     		ldr	r2, .L20
 242 0002 1168     		ldr	r1, [r2]
 243 0004 034B     		ldr	r3, .L20+4
 244 0006 1B78     		ldrb	r3, [r3]	@ zero_extendqisi2
 245 0008 0B44     		add	r3, r3, r1
 246 000a 1360     		str	r3, [r2]
 312:Drivers/STM32F1xx_HAL_Driver/Src/stm32f1xx_hal.c **** }
 247              		.loc 1 312 1 view .LVU40
 248 000c 7047     		bx	lr
 249              	.L21:
 250 000e 00BF     		.align	2
ARM GAS  /tmp/ccAJ7SND.s 			page 11


 251              	.L20:
 252 0010 00000000 		.word	uwTick
 253 0014 00000000 		.word	.LANCHOR0
 254              		.cfi_endproc
 255              	.LFE71:
 257              		.section	.text.HAL_GetTick,"ax",%progbits
 258              		.align	1
 259              		.weak	HAL_GetTick
 260              		.syntax unified
 261              		.thumb
 262              		.thumb_func
 263              		.fpu softvfp
 265              	HAL_GetTick:
 266              	.LFB72:
 313:Drivers/STM32F1xx_HAL_Driver/Src/stm32f1xx_hal.c **** 
 314:Drivers/STM32F1xx_HAL_Driver/Src/stm32f1xx_hal.c **** /**
 315:Drivers/STM32F1xx_HAL_Driver/Src/stm32f1xx_hal.c ****   * @brief Provides a tick value in millisecond.
 316:Drivers/STM32F1xx_HAL_Driver/Src/stm32f1xx_hal.c ****   * @note  This function is declared as __weak to be overwritten in case of other
 317:Drivers/STM32F1xx_HAL_Driver/Src/stm32f1xx_hal.c ****   *       implementations in user file.
 318:Drivers/STM32F1xx_HAL_Driver/Src/stm32f1xx_hal.c ****   * @retval tick value
 319:Drivers/STM32F1xx_HAL_Driver/Src/stm32f1xx_hal.c ****   */
 320:Drivers/STM32F1xx_HAL_Driver/Src/stm32f1xx_hal.c **** __weak uint32_t HAL_GetTick(void)
 321:Drivers/STM32F1xx_HAL_Driver/Src/stm32f1xx_hal.c **** {
 267              		.loc 1 321 1 is_stmt 1 view -0
 268              		.cfi_startproc
 269              		@ args = 0, pretend = 0, frame = 0
 270              		@ frame_needed = 0, uses_anonymous_args = 0
 271              		@ link register save eliminated.
 322:Drivers/STM32F1xx_HAL_Driver/Src/stm32f1xx_hal.c ****   return uwTick;
 272              		.loc 1 322 3 view .LVU42
 273              		.loc 1 322 10 is_stmt 0 view .LVU43
 274 0000 014B     		ldr	r3, .L23
 275 0002 1868     		ldr	r0, [r3]
 323:Drivers/STM32F1xx_HAL_Driver/Src/stm32f1xx_hal.c **** }
 276              		.loc 1 323 1 view .LVU44
 277 0004 7047     		bx	lr
 278              	.L24:
 279 0006 00BF     		.align	2
 280              	.L23:
 281 0008 00000000 		.word	uwTick
 282              		.cfi_endproc
 283              	.LFE72:
 285              		.section	.text.HAL_GetTickPrio,"ax",%progbits
 286              		.align	1
 287              		.global	HAL_GetTickPrio
 288              		.syntax unified
 289              		.thumb
 290              		.thumb_func
 291              		.fpu softvfp
 293              	HAL_GetTickPrio:
 294              	.LFB73:
 324:Drivers/STM32F1xx_HAL_Driver/Src/stm32f1xx_hal.c **** 
 325:Drivers/STM32F1xx_HAL_Driver/Src/stm32f1xx_hal.c **** /**
 326:Drivers/STM32F1xx_HAL_Driver/Src/stm32f1xx_hal.c ****   * @brief This function returns a tick priority.
 327:Drivers/STM32F1xx_HAL_Driver/Src/stm32f1xx_hal.c ****   * @retval tick priority
 328:Drivers/STM32F1xx_HAL_Driver/Src/stm32f1xx_hal.c ****   */
 329:Drivers/STM32F1xx_HAL_Driver/Src/stm32f1xx_hal.c **** uint32_t HAL_GetTickPrio(void)
ARM GAS  /tmp/ccAJ7SND.s 			page 12


 330:Drivers/STM32F1xx_HAL_Driver/Src/stm32f1xx_hal.c **** {
 295              		.loc 1 330 1 is_stmt 1 view -0
 296              		.cfi_startproc
 297              		@ args = 0, pretend = 0, frame = 0
 298              		@ frame_needed = 0, uses_anonymous_args = 0
 299              		@ link register save eliminated.
 331:Drivers/STM32F1xx_HAL_Driver/Src/stm32f1xx_hal.c ****   return uwTickPrio;
 300              		.loc 1 331 3 view .LVU46
 332:Drivers/STM32F1xx_HAL_Driver/Src/stm32f1xx_hal.c **** }
 301              		.loc 1 332 1 is_stmt 0 view .LVU47
 302 0000 014B     		ldr	r3, .L26
 303 0002 1868     		ldr	r0, [r3]
 304 0004 7047     		bx	lr
 305              	.L27:
 306 0006 00BF     		.align	2
 307              	.L26:
 308 0008 00000000 		.word	.LANCHOR1
 309              		.cfi_endproc
 310              	.LFE73:
 312              		.section	.rodata.HAL_SetTickFreq.str1.4,"aMS",%progbits,1
 313              		.align	2
 314              	.LC0:
 315 0000 44726976 		.ascii	"Drivers/STM32F1xx_HAL_Driver/Src/stm32f1xx_hal.c\000"
 315      6572732F 
 315      53544D33 
 315      32463178 
 315      785F4841 
 316              		.section	.text.HAL_SetTickFreq,"ax",%progbits
 317              		.align	1
 318              		.global	HAL_SetTickFreq
 319              		.syntax unified
 320              		.thumb
 321              		.thumb_func
 322              		.fpu softvfp
 324              	HAL_SetTickFreq:
 325              	.LVL9:
 326              	.LFB74:
 333:Drivers/STM32F1xx_HAL_Driver/Src/stm32f1xx_hal.c **** 
 334:Drivers/STM32F1xx_HAL_Driver/Src/stm32f1xx_hal.c **** /**
 335:Drivers/STM32F1xx_HAL_Driver/Src/stm32f1xx_hal.c ****   * @brief Set new tick Freq.
 336:Drivers/STM32F1xx_HAL_Driver/Src/stm32f1xx_hal.c ****   * @retval Status
 337:Drivers/STM32F1xx_HAL_Driver/Src/stm32f1xx_hal.c ****   */
 338:Drivers/STM32F1xx_HAL_Driver/Src/stm32f1xx_hal.c **** HAL_StatusTypeDef HAL_SetTickFreq(HAL_TickFreqTypeDef Freq)
 339:Drivers/STM32F1xx_HAL_Driver/Src/stm32f1xx_hal.c **** {
 327              		.loc 1 339 1 is_stmt 1 view -0
 328              		.cfi_startproc
 329              		@ args = 0, pretend = 0, frame = 0
 330              		@ frame_needed = 0, uses_anonymous_args = 0
 331              		.loc 1 339 1 is_stmt 0 view .LVU49
 332 0000 10B5     		push	{r4, lr}
 333              	.LCFI3:
 334              		.cfi_def_cfa_offset 8
 335              		.cfi_offset 4, -8
 336              		.cfi_offset 14, -4
 337 0002 0446     		mov	r4, r0
 340:Drivers/STM32F1xx_HAL_Driver/Src/stm32f1xx_hal.c ****   HAL_StatusTypeDef status  = HAL_OK;
 338              		.loc 1 340 3 is_stmt 1 view .LVU50
ARM GAS  /tmp/ccAJ7SND.s 			page 13


 339              	.LVL10:
 341:Drivers/STM32F1xx_HAL_Driver/Src/stm32f1xx_hal.c ****   assert_param(IS_TICKFREQ(Freq));
 340              		.loc 1 341 3 view .LVU51
 341 0004 6428     		cmp	r0, #100
 342 0006 03D0     		beq	.L29
 343              		.loc 1 341 3 is_stmt 0 discriminator 1 view .LVU52
 344 0008 0A28     		cmp	r0, #10
 345 000a 01D0     		beq	.L29
 346              		.loc 1 341 3 discriminator 2 view .LVU53
 347 000c 0128     		cmp	r0, #1
 348 000e 05D1     		bne	.L33
 349              	.LVL11:
 350              	.L29:
 342:Drivers/STM32F1xx_HAL_Driver/Src/stm32f1xx_hal.c **** 
 343:Drivers/STM32F1xx_HAL_Driver/Src/stm32f1xx_hal.c ****   if (uwTickFreq != Freq)
 351              		.loc 1 343 3 is_stmt 1 view .LVU54
 352              		.loc 1 343 18 is_stmt 0 view .LVU55
 353 0010 094B     		ldr	r3, .L35
 354 0012 1B78     		ldrb	r3, [r3]	@ zero_extendqisi2
 355              		.loc 1 343 6 view .LVU56
 356 0014 A342     		cmp	r3, r4
 357 0016 07D1     		bne	.L34
 340:Drivers/STM32F1xx_HAL_Driver/Src/stm32f1xx_hal.c ****   assert_param(IS_TICKFREQ(Freq));
 358              		.loc 1 340 21 view .LVU57
 359 0018 0020     		movs	r0, #0
 360              	.LVL12:
 361              	.L30:
 344:Drivers/STM32F1xx_HAL_Driver/Src/stm32f1xx_hal.c ****   {
 345:Drivers/STM32F1xx_HAL_Driver/Src/stm32f1xx_hal.c ****     uwTickFreq = Freq;
 346:Drivers/STM32F1xx_HAL_Driver/Src/stm32f1xx_hal.c **** 
 347:Drivers/STM32F1xx_HAL_Driver/Src/stm32f1xx_hal.c ****     /* Apply the new tick Freq  */
 348:Drivers/STM32F1xx_HAL_Driver/Src/stm32f1xx_hal.c ****     status = HAL_InitTick(uwTickPrio);
 349:Drivers/STM32F1xx_HAL_Driver/Src/stm32f1xx_hal.c ****   }
 350:Drivers/STM32F1xx_HAL_Driver/Src/stm32f1xx_hal.c **** 
 351:Drivers/STM32F1xx_HAL_Driver/Src/stm32f1xx_hal.c ****   return status;
 362              		.loc 1 351 3 is_stmt 1 view .LVU58
 352:Drivers/STM32F1xx_HAL_Driver/Src/stm32f1xx_hal.c **** }
 363              		.loc 1 352 1 is_stmt 0 view .LVU59
 364 001a 10BD     		pop	{r4, pc}
 365              	.LVL13:
 366              	.L33:
 341:Drivers/STM32F1xx_HAL_Driver/Src/stm32f1xx_hal.c **** 
 367              		.loc 1 341 3 discriminator 3 view .LVU60
 368 001c 40F25511 		movw	r1, #341
 369 0020 0648     		ldr	r0, .L35+4
 370              	.LVL14:
 341:Drivers/STM32F1xx_HAL_Driver/Src/stm32f1xx_hal.c **** 
 371              		.loc 1 341 3 discriminator 3 view .LVU61
 372 0022 FFF7FEFF 		bl	assert_failed
 373              	.LVL15:
 374 0026 F3E7     		b	.L29
 375              	.L34:
 345:Drivers/STM32F1xx_HAL_Driver/Src/stm32f1xx_hal.c **** 
 376              		.loc 1 345 5 is_stmt 1 view .LVU62
 345:Drivers/STM32F1xx_HAL_Driver/Src/stm32f1xx_hal.c **** 
 377              		.loc 1 345 16 is_stmt 0 view .LVU63
 378 0028 034B     		ldr	r3, .L35
ARM GAS  /tmp/ccAJ7SND.s 			page 14


 379 002a 1C70     		strb	r4, [r3]
 348:Drivers/STM32F1xx_HAL_Driver/Src/stm32f1xx_hal.c ****   }
 380              		.loc 1 348 5 is_stmt 1 view .LVU64
 348:Drivers/STM32F1xx_HAL_Driver/Src/stm32f1xx_hal.c ****   }
 381              		.loc 1 348 14 is_stmt 0 view .LVU65
 382 002c 044B     		ldr	r3, .L35+8
 383 002e 1868     		ldr	r0, [r3]
 384 0030 FFF7FEFF 		bl	HAL_InitTick
 385              	.LVL16:
 348:Drivers/STM32F1xx_HAL_Driver/Src/stm32f1xx_hal.c ****   }
 386              		.loc 1 348 14 view .LVU66
 387 0034 F1E7     		b	.L30
 388              	.L36:
 389 0036 00BF     		.align	2
 390              	.L35:
 391 0038 00000000 		.word	.LANCHOR0
 392 003c 00000000 		.word	.LC0
 393 0040 00000000 		.word	.LANCHOR1
 394              		.cfi_endproc
 395              	.LFE74:
 397              		.section	.text.HAL_GetTickFreq,"ax",%progbits
 398              		.align	1
 399              		.global	HAL_GetTickFreq
 400              		.syntax unified
 401              		.thumb
 402              		.thumb_func
 403              		.fpu softvfp
 405              	HAL_GetTickFreq:
 406              	.LFB75:
 353:Drivers/STM32F1xx_HAL_Driver/Src/stm32f1xx_hal.c **** 
 354:Drivers/STM32F1xx_HAL_Driver/Src/stm32f1xx_hal.c **** /**
 355:Drivers/STM32F1xx_HAL_Driver/Src/stm32f1xx_hal.c ****   * @brief Return tick frequency.
 356:Drivers/STM32F1xx_HAL_Driver/Src/stm32f1xx_hal.c ****   * @retval tick period in Hz
 357:Drivers/STM32F1xx_HAL_Driver/Src/stm32f1xx_hal.c ****   */
 358:Drivers/STM32F1xx_HAL_Driver/Src/stm32f1xx_hal.c **** HAL_TickFreqTypeDef HAL_GetTickFreq(void)
 359:Drivers/STM32F1xx_HAL_Driver/Src/stm32f1xx_hal.c **** {
 407              		.loc 1 359 1 is_stmt 1 view -0
 408              		.cfi_startproc
 409              		@ args = 0, pretend = 0, frame = 0
 410              		@ frame_needed = 0, uses_anonymous_args = 0
 411              		@ link register save eliminated.
 360:Drivers/STM32F1xx_HAL_Driver/Src/stm32f1xx_hal.c ****   return uwTickFreq;
 412              		.loc 1 360 3 view .LVU68
 361:Drivers/STM32F1xx_HAL_Driver/Src/stm32f1xx_hal.c **** }
 413              		.loc 1 361 1 is_stmt 0 view .LVU69
 414 0000 014B     		ldr	r3, .L38
 415 0002 1878     		ldrb	r0, [r3]	@ zero_extendqisi2
 416 0004 7047     		bx	lr
 417              	.L39:
 418 0006 00BF     		.align	2
 419              	.L38:
 420 0008 00000000 		.word	.LANCHOR0
 421              		.cfi_endproc
 422              	.LFE75:
 424              		.section	.text.HAL_Delay,"ax",%progbits
 425              		.align	1
 426              		.weak	HAL_Delay
ARM GAS  /tmp/ccAJ7SND.s 			page 15


 427              		.syntax unified
 428              		.thumb
 429              		.thumb_func
 430              		.fpu softvfp
 432              	HAL_Delay:
 433              	.LVL17:
 434              	.LFB76:
 362:Drivers/STM32F1xx_HAL_Driver/Src/stm32f1xx_hal.c **** 
 363:Drivers/STM32F1xx_HAL_Driver/Src/stm32f1xx_hal.c **** /**
 364:Drivers/STM32F1xx_HAL_Driver/Src/stm32f1xx_hal.c ****   * @brief This function provides minimum delay (in milliseconds) based
 365:Drivers/STM32F1xx_HAL_Driver/Src/stm32f1xx_hal.c ****   *        on variable incremented.
 366:Drivers/STM32F1xx_HAL_Driver/Src/stm32f1xx_hal.c ****   * @note In the default implementation , SysTick timer is the source of time base.
 367:Drivers/STM32F1xx_HAL_Driver/Src/stm32f1xx_hal.c ****   *       It is used to generate interrupts at regular time intervals where uwTick
 368:Drivers/STM32F1xx_HAL_Driver/Src/stm32f1xx_hal.c ****   *       is incremented.
 369:Drivers/STM32F1xx_HAL_Driver/Src/stm32f1xx_hal.c ****   * @note This function is declared as __weak to be overwritten in case of other
 370:Drivers/STM32F1xx_HAL_Driver/Src/stm32f1xx_hal.c ****   *       implementations in user file.
 371:Drivers/STM32F1xx_HAL_Driver/Src/stm32f1xx_hal.c ****   * @param Delay specifies the delay time length, in milliseconds.
 372:Drivers/STM32F1xx_HAL_Driver/Src/stm32f1xx_hal.c ****   * @retval None
 373:Drivers/STM32F1xx_HAL_Driver/Src/stm32f1xx_hal.c ****   */
 374:Drivers/STM32F1xx_HAL_Driver/Src/stm32f1xx_hal.c **** __weak void HAL_Delay(uint32_t Delay)
 375:Drivers/STM32F1xx_HAL_Driver/Src/stm32f1xx_hal.c **** {
 435              		.loc 1 375 1 is_stmt 1 view -0
 436              		.cfi_startproc
 437              		@ args = 0, pretend = 0, frame = 0
 438              		@ frame_needed = 0, uses_anonymous_args = 0
 439              		.loc 1 375 1 is_stmt 0 view .LVU71
 440 0000 38B5     		push	{r3, r4, r5, lr}
 441              	.LCFI4:
 442              		.cfi_def_cfa_offset 16
 443              		.cfi_offset 3, -16
 444              		.cfi_offset 4, -12
 445              		.cfi_offset 5, -8
 446              		.cfi_offset 14, -4
 447 0002 0446     		mov	r4, r0
 376:Drivers/STM32F1xx_HAL_Driver/Src/stm32f1xx_hal.c ****   uint32_t tickstart = HAL_GetTick();
 448              		.loc 1 376 3 is_stmt 1 view .LVU72
 449              		.loc 1 376 24 is_stmt 0 view .LVU73
 450 0004 FFF7FEFF 		bl	HAL_GetTick
 451              	.LVL18:
 452              		.loc 1 376 24 view .LVU74
 453 0008 0546     		mov	r5, r0
 454              	.LVL19:
 377:Drivers/STM32F1xx_HAL_Driver/Src/stm32f1xx_hal.c ****   uint32_t wait = Delay;
 455              		.loc 1 377 3 is_stmt 1 view .LVU75
 378:Drivers/STM32F1xx_HAL_Driver/Src/stm32f1xx_hal.c **** 
 379:Drivers/STM32F1xx_HAL_Driver/Src/stm32f1xx_hal.c ****   /* Add a freq to guarantee minimum wait */
 380:Drivers/STM32F1xx_HAL_Driver/Src/stm32f1xx_hal.c ****   if (wait < HAL_MAX_DELAY)
 456              		.loc 1 380 3 view .LVU76
 457              		.loc 1 380 6 is_stmt 0 view .LVU77
 458 000a B4F1FF3F 		cmp	r4, #-1
 459 000e 02D0     		beq	.L42
 381:Drivers/STM32F1xx_HAL_Driver/Src/stm32f1xx_hal.c ****   {
 382:Drivers/STM32F1xx_HAL_Driver/Src/stm32f1xx_hal.c ****     wait += (uint32_t)(uwTickFreq);
 460              		.loc 1 382 5 is_stmt 1 view .LVU78
 461              		.loc 1 382 13 is_stmt 0 view .LVU79
 462 0010 044B     		ldr	r3, .L44
 463 0012 1B78     		ldrb	r3, [r3]	@ zero_extendqisi2
ARM GAS  /tmp/ccAJ7SND.s 			page 16


 464              		.loc 1 382 10 view .LVU80
 465 0014 1C44     		add	r4, r4, r3
 466              	.LVL20:
 467              	.L42:
 383:Drivers/STM32F1xx_HAL_Driver/Src/stm32f1xx_hal.c ****   }
 384:Drivers/STM32F1xx_HAL_Driver/Src/stm32f1xx_hal.c **** 
 385:Drivers/STM32F1xx_HAL_Driver/Src/stm32f1xx_hal.c ****   while ((HAL_GetTick() - tickstart) < wait)
 386:Drivers/STM32F1xx_HAL_Driver/Src/stm32f1xx_hal.c ****   {
 387:Drivers/STM32F1xx_HAL_Driver/Src/stm32f1xx_hal.c ****   }
 468              		.loc 1 387 3 is_stmt 1 discriminator 1 view .LVU81
 385:Drivers/STM32F1xx_HAL_Driver/Src/stm32f1xx_hal.c ****   {
 469              		.loc 1 385 9 discriminator 1 view .LVU82
 385:Drivers/STM32F1xx_HAL_Driver/Src/stm32f1xx_hal.c ****   {
 470              		.loc 1 385 11 is_stmt 0 discriminator 1 view .LVU83
 471 0016 FFF7FEFF 		bl	HAL_GetTick
 472              	.LVL21:
 385:Drivers/STM32F1xx_HAL_Driver/Src/stm32f1xx_hal.c ****   {
 473              		.loc 1 385 25 discriminator 1 view .LVU84
 474 001a 401B     		subs	r0, r0, r5
 385:Drivers/STM32F1xx_HAL_Driver/Src/stm32f1xx_hal.c ****   {
 475              		.loc 1 385 9 discriminator 1 view .LVU85
 476 001c A042     		cmp	r0, r4
 477 001e FAD3     		bcc	.L42
 388:Drivers/STM32F1xx_HAL_Driver/Src/stm32f1xx_hal.c **** }
 478              		.loc 1 388 1 view .LVU86
 479 0020 38BD     		pop	{r3, r4, r5, pc}
 480              	.LVL22:
 481              	.L45:
 482              		.loc 1 388 1 view .LVU87
 483 0022 00BF     		.align	2
 484              	.L44:
 485 0024 00000000 		.word	.LANCHOR0
 486              		.cfi_endproc
 487              	.LFE76:
 489              		.section	.text.HAL_SuspendTick,"ax",%progbits
 490              		.align	1
 491              		.weak	HAL_SuspendTick
 492              		.syntax unified
 493              		.thumb
 494              		.thumb_func
 495              		.fpu softvfp
 497              	HAL_SuspendTick:
 498              	.LFB77:
 389:Drivers/STM32F1xx_HAL_Driver/Src/stm32f1xx_hal.c **** 
 390:Drivers/STM32F1xx_HAL_Driver/Src/stm32f1xx_hal.c **** /**
 391:Drivers/STM32F1xx_HAL_Driver/Src/stm32f1xx_hal.c ****   * @brief Suspend Tick increment.
 392:Drivers/STM32F1xx_HAL_Driver/Src/stm32f1xx_hal.c ****   * @note In the default implementation , SysTick timer is the source of time base. It is
 393:Drivers/STM32F1xx_HAL_Driver/Src/stm32f1xx_hal.c ****   *       used to generate interrupts at regular time intervals. Once HAL_SuspendTick()
 394:Drivers/STM32F1xx_HAL_Driver/Src/stm32f1xx_hal.c ****   *       is called, the SysTick interrupt will be disabled and so Tick increment
 395:Drivers/STM32F1xx_HAL_Driver/Src/stm32f1xx_hal.c ****   *       is suspended.
 396:Drivers/STM32F1xx_HAL_Driver/Src/stm32f1xx_hal.c ****   * @note This function is declared as __weak to be overwritten in case of other
 397:Drivers/STM32F1xx_HAL_Driver/Src/stm32f1xx_hal.c ****   *       implementations in user file.
 398:Drivers/STM32F1xx_HAL_Driver/Src/stm32f1xx_hal.c ****   * @retval None
 399:Drivers/STM32F1xx_HAL_Driver/Src/stm32f1xx_hal.c ****   */
 400:Drivers/STM32F1xx_HAL_Driver/Src/stm32f1xx_hal.c **** __weak void HAL_SuspendTick(void)
 401:Drivers/STM32F1xx_HAL_Driver/Src/stm32f1xx_hal.c **** {
 499              		.loc 1 401 1 is_stmt 1 view -0
ARM GAS  /tmp/ccAJ7SND.s 			page 17


 500              		.cfi_startproc
 501              		@ args = 0, pretend = 0, frame = 0
 502              		@ frame_needed = 0, uses_anonymous_args = 0
 503              		@ link register save eliminated.
 402:Drivers/STM32F1xx_HAL_Driver/Src/stm32f1xx_hal.c ****   /* Disable SysTick Interrupt */
 403:Drivers/STM32F1xx_HAL_Driver/Src/stm32f1xx_hal.c ****   CLEAR_BIT(SysTick->CTRL, SysTick_CTRL_TICKINT_Msk);
 504              		.loc 1 403 3 view .LVU89
 505 0000 024A     		ldr	r2, .L47
 506 0002 1368     		ldr	r3, [r2]
 507 0004 23F00203 		bic	r3, r3, #2
 508 0008 1360     		str	r3, [r2]
 404:Drivers/STM32F1xx_HAL_Driver/Src/stm32f1xx_hal.c **** }
 509              		.loc 1 404 1 is_stmt 0 view .LVU90
 510 000a 7047     		bx	lr
 511              	.L48:
 512              		.align	2
 513              	.L47:
 514 000c 10E000E0 		.word	-536813552
 515              		.cfi_endproc
 516              	.LFE77:
 518              		.section	.text.HAL_ResumeTick,"ax",%progbits
 519              		.align	1
 520              		.weak	HAL_ResumeTick
 521              		.syntax unified
 522              		.thumb
 523              		.thumb_func
 524              		.fpu softvfp
 526              	HAL_ResumeTick:
 527              	.LFB78:
 405:Drivers/STM32F1xx_HAL_Driver/Src/stm32f1xx_hal.c **** 
 406:Drivers/STM32F1xx_HAL_Driver/Src/stm32f1xx_hal.c **** /**
 407:Drivers/STM32F1xx_HAL_Driver/Src/stm32f1xx_hal.c ****   * @brief Resume Tick increment.
 408:Drivers/STM32F1xx_HAL_Driver/Src/stm32f1xx_hal.c ****   * @note In the default implementation , SysTick timer is the source of time base. It is
 409:Drivers/STM32F1xx_HAL_Driver/Src/stm32f1xx_hal.c ****   *       used to generate interrupts at regular time intervals. Once HAL_ResumeTick()
 410:Drivers/STM32F1xx_HAL_Driver/Src/stm32f1xx_hal.c ****   *       is called, the SysTick interrupt will be enabled and so Tick increment
 411:Drivers/STM32F1xx_HAL_Driver/Src/stm32f1xx_hal.c ****   *       is resumed.
 412:Drivers/STM32F1xx_HAL_Driver/Src/stm32f1xx_hal.c ****   * @note This function is declared as __weak to be overwritten in case of other
 413:Drivers/STM32F1xx_HAL_Driver/Src/stm32f1xx_hal.c ****   *       implementations in user file.
 414:Drivers/STM32F1xx_HAL_Driver/Src/stm32f1xx_hal.c ****   * @retval None
 415:Drivers/STM32F1xx_HAL_Driver/Src/stm32f1xx_hal.c ****   */
 416:Drivers/STM32F1xx_HAL_Driver/Src/stm32f1xx_hal.c **** __weak void HAL_ResumeTick(void)
 417:Drivers/STM32F1xx_HAL_Driver/Src/stm32f1xx_hal.c **** {
 528              		.loc 1 417 1 is_stmt 1 view -0
 529              		.cfi_startproc
 530              		@ args = 0, pretend = 0, frame = 0
 531              		@ frame_needed = 0, uses_anonymous_args = 0
 532              		@ link register save eliminated.
 418:Drivers/STM32F1xx_HAL_Driver/Src/stm32f1xx_hal.c ****   /* Enable SysTick Interrupt */
 419:Drivers/STM32F1xx_HAL_Driver/Src/stm32f1xx_hal.c ****   SET_BIT(SysTick->CTRL, SysTick_CTRL_TICKINT_Msk);
 533              		.loc 1 419 3 view .LVU92
 534 0000 024A     		ldr	r2, .L50
 535 0002 1368     		ldr	r3, [r2]
 536 0004 43F00203 		orr	r3, r3, #2
 537 0008 1360     		str	r3, [r2]
 420:Drivers/STM32F1xx_HAL_Driver/Src/stm32f1xx_hal.c **** }
 538              		.loc 1 420 1 is_stmt 0 view .LVU93
 539 000a 7047     		bx	lr
ARM GAS  /tmp/ccAJ7SND.s 			page 18


 540              	.L51:
 541              		.align	2
 542              	.L50:
 543 000c 10E000E0 		.word	-536813552
 544              		.cfi_endproc
 545              	.LFE78:
 547              		.section	.text.HAL_GetHalVersion,"ax",%progbits
 548              		.align	1
 549              		.global	HAL_GetHalVersion
 550              		.syntax unified
 551              		.thumb
 552              		.thumb_func
 553              		.fpu softvfp
 555              	HAL_GetHalVersion:
 556              	.LFB79:
 421:Drivers/STM32F1xx_HAL_Driver/Src/stm32f1xx_hal.c **** 
 422:Drivers/STM32F1xx_HAL_Driver/Src/stm32f1xx_hal.c **** /**
 423:Drivers/STM32F1xx_HAL_Driver/Src/stm32f1xx_hal.c ****   * @brief  Returns the HAL revision
 424:Drivers/STM32F1xx_HAL_Driver/Src/stm32f1xx_hal.c ****   * @retval version 0xXYZR (8bits for each decimal, R for RC)
 425:Drivers/STM32F1xx_HAL_Driver/Src/stm32f1xx_hal.c ****   */
 426:Drivers/STM32F1xx_HAL_Driver/Src/stm32f1xx_hal.c **** uint32_t HAL_GetHalVersion(void)
 427:Drivers/STM32F1xx_HAL_Driver/Src/stm32f1xx_hal.c **** {
 557              		.loc 1 427 1 is_stmt 1 view -0
 558              		.cfi_startproc
 559              		@ args = 0, pretend = 0, frame = 0
 560              		@ frame_needed = 0, uses_anonymous_args = 0
 561              		@ link register save eliminated.
 428:Drivers/STM32F1xx_HAL_Driver/Src/stm32f1xx_hal.c ****   return __STM32F1xx_HAL_VERSION;
 562              		.loc 1 428 3 view .LVU95
 429:Drivers/STM32F1xx_HAL_Driver/Src/stm32f1xx_hal.c **** }
 563              		.loc 1 429 1 is_stmt 0 view .LVU96
 564 0000 0048     		ldr	r0, .L53
 565 0002 7047     		bx	lr
 566              	.L54:
 567              		.align	2
 568              	.L53:
 569 0004 00020101 		.word	16843264
 570              		.cfi_endproc
 571              	.LFE79:
 573              		.section	.text.HAL_GetREVID,"ax",%progbits
 574              		.align	1
 575              		.global	HAL_GetREVID
 576              		.syntax unified
 577              		.thumb
 578              		.thumb_func
 579              		.fpu softvfp
 581              	HAL_GetREVID:
 582              	.LFB80:
 430:Drivers/STM32F1xx_HAL_Driver/Src/stm32f1xx_hal.c **** 
 431:Drivers/STM32F1xx_HAL_Driver/Src/stm32f1xx_hal.c **** /**
 432:Drivers/STM32F1xx_HAL_Driver/Src/stm32f1xx_hal.c ****   * @brief Returns the device revision identifier.
 433:Drivers/STM32F1xx_HAL_Driver/Src/stm32f1xx_hal.c ****   * Note: On devices STM32F10xx8 and STM32F10xxB,
 434:Drivers/STM32F1xx_HAL_Driver/Src/stm32f1xx_hal.c ****   *                  STM32F101xC/D/E and STM32F103xC/D/E,
 435:Drivers/STM32F1xx_HAL_Driver/Src/stm32f1xx_hal.c ****   *                  STM32F101xF/G and STM32F103xF/G
 436:Drivers/STM32F1xx_HAL_Driver/Src/stm32f1xx_hal.c ****   *                  STM32F10xx4 and STM32F10xx6
 437:Drivers/STM32F1xx_HAL_Driver/Src/stm32f1xx_hal.c ****   *       Debug registers DBGMCU_IDCODE and DBGMCU_CR are accessible only in
 438:Drivers/STM32F1xx_HAL_Driver/Src/stm32f1xx_hal.c ****   *       debug mode (not accessible by the user software in normal mode).
ARM GAS  /tmp/ccAJ7SND.s 			page 19


 439:Drivers/STM32F1xx_HAL_Driver/Src/stm32f1xx_hal.c ****   *       Refer to errata sheet of these devices for more details.
 440:Drivers/STM32F1xx_HAL_Driver/Src/stm32f1xx_hal.c ****   * @retval Device revision identifier
 441:Drivers/STM32F1xx_HAL_Driver/Src/stm32f1xx_hal.c ****   */
 442:Drivers/STM32F1xx_HAL_Driver/Src/stm32f1xx_hal.c **** uint32_t HAL_GetREVID(void)
 443:Drivers/STM32F1xx_HAL_Driver/Src/stm32f1xx_hal.c **** {
 583              		.loc 1 443 1 is_stmt 1 view -0
 584              		.cfi_startproc
 585              		@ args = 0, pretend = 0, frame = 0
 586              		@ frame_needed = 0, uses_anonymous_args = 0
 587              		@ link register save eliminated.
 444:Drivers/STM32F1xx_HAL_Driver/Src/stm32f1xx_hal.c ****   return ((DBGMCU->IDCODE) >> DBGMCU_IDCODE_REV_ID_Pos);
 588              		.loc 1 444 3 view .LVU98
 589              		.loc 1 444 18 is_stmt 0 view .LVU99
 590 0000 014B     		ldr	r3, .L56
 591 0002 1868     		ldr	r0, [r3]
 445:Drivers/STM32F1xx_HAL_Driver/Src/stm32f1xx_hal.c **** }
 592              		.loc 1 445 1 view .LVU100
 593 0004 000C     		lsrs	r0, r0, #16
 594 0006 7047     		bx	lr
 595              	.L57:
 596              		.align	2
 597              	.L56:
 598 0008 002004E0 		.word	-536600576
 599              		.cfi_endproc
 600              	.LFE80:
 602              		.section	.text.HAL_GetDEVID,"ax",%progbits
 603              		.align	1
 604              		.global	HAL_GetDEVID
 605              		.syntax unified
 606              		.thumb
 607              		.thumb_func
 608              		.fpu softvfp
 610              	HAL_GetDEVID:
 611              	.LFB81:
 446:Drivers/STM32F1xx_HAL_Driver/Src/stm32f1xx_hal.c **** 
 447:Drivers/STM32F1xx_HAL_Driver/Src/stm32f1xx_hal.c **** /**
 448:Drivers/STM32F1xx_HAL_Driver/Src/stm32f1xx_hal.c ****   * @brief  Returns the device identifier.
 449:Drivers/STM32F1xx_HAL_Driver/Src/stm32f1xx_hal.c ****   * Note: On devices STM32F10xx8 and STM32F10xxB,
 450:Drivers/STM32F1xx_HAL_Driver/Src/stm32f1xx_hal.c ****   *                  STM32F101xC/D/E and STM32F103xC/D/E,
 451:Drivers/STM32F1xx_HAL_Driver/Src/stm32f1xx_hal.c ****   *                  STM32F101xF/G and STM32F103xF/G
 452:Drivers/STM32F1xx_HAL_Driver/Src/stm32f1xx_hal.c ****   *                  STM32F10xx4 and STM32F10xx6
 453:Drivers/STM32F1xx_HAL_Driver/Src/stm32f1xx_hal.c ****   *       Debug registers DBGMCU_IDCODE and DBGMCU_CR are accessible only in
 454:Drivers/STM32F1xx_HAL_Driver/Src/stm32f1xx_hal.c ****   *       debug mode (not accessible by the user software in normal mode).
 455:Drivers/STM32F1xx_HAL_Driver/Src/stm32f1xx_hal.c ****   *       Refer to errata sheet of these devices for more details.
 456:Drivers/STM32F1xx_HAL_Driver/Src/stm32f1xx_hal.c ****   * @retval Device identifier
 457:Drivers/STM32F1xx_HAL_Driver/Src/stm32f1xx_hal.c ****   */
 458:Drivers/STM32F1xx_HAL_Driver/Src/stm32f1xx_hal.c **** uint32_t HAL_GetDEVID(void)
 459:Drivers/STM32F1xx_HAL_Driver/Src/stm32f1xx_hal.c **** {
 612              		.loc 1 459 1 is_stmt 1 view -0
 613              		.cfi_startproc
 614              		@ args = 0, pretend = 0, frame = 0
 615              		@ frame_needed = 0, uses_anonymous_args = 0
 616              		@ link register save eliminated.
 460:Drivers/STM32F1xx_HAL_Driver/Src/stm32f1xx_hal.c ****   return ((DBGMCU->IDCODE) & IDCODE_DEVID_MASK);
 617              		.loc 1 460 3 view .LVU102
 618              		.loc 1 460 18 is_stmt 0 view .LVU103
 619 0000 024B     		ldr	r3, .L59
ARM GAS  /tmp/ccAJ7SND.s 			page 20


 620 0002 1868     		ldr	r0, [r3]
 461:Drivers/STM32F1xx_HAL_Driver/Src/stm32f1xx_hal.c **** }
 621              		.loc 1 461 1 view .LVU104
 622 0004 C0F30B00 		ubfx	r0, r0, #0, #12
 623 0008 7047     		bx	lr
 624              	.L60:
 625 000a 00BF     		.align	2
 626              	.L59:
 627 000c 002004E0 		.word	-536600576
 628              		.cfi_endproc
 629              	.LFE81:
 631              		.section	.text.HAL_DBGMCU_EnableDBGSleepMode,"ax",%progbits
 632              		.align	1
 633              		.global	HAL_DBGMCU_EnableDBGSleepMode
 634              		.syntax unified
 635              		.thumb
 636              		.thumb_func
 637              		.fpu softvfp
 639              	HAL_DBGMCU_EnableDBGSleepMode:
 640              	.LFB82:
 462:Drivers/STM32F1xx_HAL_Driver/Src/stm32f1xx_hal.c **** 
 463:Drivers/STM32F1xx_HAL_Driver/Src/stm32f1xx_hal.c **** /**
 464:Drivers/STM32F1xx_HAL_Driver/Src/stm32f1xx_hal.c ****   * @brief  Enable the Debug Module during SLEEP mode
 465:Drivers/STM32F1xx_HAL_Driver/Src/stm32f1xx_hal.c ****   * @retval None
 466:Drivers/STM32F1xx_HAL_Driver/Src/stm32f1xx_hal.c ****   */
 467:Drivers/STM32F1xx_HAL_Driver/Src/stm32f1xx_hal.c **** void HAL_DBGMCU_EnableDBGSleepMode(void)
 468:Drivers/STM32F1xx_HAL_Driver/Src/stm32f1xx_hal.c **** {
 641              		.loc 1 468 1 is_stmt 1 view -0
 642              		.cfi_startproc
 643              		@ args = 0, pretend = 0, frame = 0
 644              		@ frame_needed = 0, uses_anonymous_args = 0
 645              		@ link register save eliminated.
 469:Drivers/STM32F1xx_HAL_Driver/Src/stm32f1xx_hal.c ****   SET_BIT(DBGMCU->CR, DBGMCU_CR_DBG_SLEEP);
 646              		.loc 1 469 3 view .LVU106
 647 0000 024A     		ldr	r2, .L62
 648 0002 5368     		ldr	r3, [r2, #4]
 649 0004 43F00103 		orr	r3, r3, #1
 650 0008 5360     		str	r3, [r2, #4]
 470:Drivers/STM32F1xx_HAL_Driver/Src/stm32f1xx_hal.c **** }
 651              		.loc 1 470 1 is_stmt 0 view .LVU107
 652 000a 7047     		bx	lr
 653              	.L63:
 654              		.align	2
 655              	.L62:
 656 000c 002004E0 		.word	-536600576
 657              		.cfi_endproc
 658              	.LFE82:
 660              		.section	.text.HAL_DBGMCU_DisableDBGSleepMode,"ax",%progbits
 661              		.align	1
 662              		.global	HAL_DBGMCU_DisableDBGSleepMode
 663              		.syntax unified
 664              		.thumb
 665              		.thumb_func
 666              		.fpu softvfp
 668              	HAL_DBGMCU_DisableDBGSleepMode:
 669              	.LFB83:
 471:Drivers/STM32F1xx_HAL_Driver/Src/stm32f1xx_hal.c **** 
ARM GAS  /tmp/ccAJ7SND.s 			page 21


 472:Drivers/STM32F1xx_HAL_Driver/Src/stm32f1xx_hal.c **** /**
 473:Drivers/STM32F1xx_HAL_Driver/Src/stm32f1xx_hal.c ****   * @brief  Disable the Debug Module during SLEEP mode
 474:Drivers/STM32F1xx_HAL_Driver/Src/stm32f1xx_hal.c ****   * Note: On devices STM32F10xx8 and STM32F10xxB,
 475:Drivers/STM32F1xx_HAL_Driver/Src/stm32f1xx_hal.c ****   *                  STM32F101xC/D/E and STM32F103xC/D/E,
 476:Drivers/STM32F1xx_HAL_Driver/Src/stm32f1xx_hal.c ****   *                  STM32F101xF/G and STM32F103xF/G
 477:Drivers/STM32F1xx_HAL_Driver/Src/stm32f1xx_hal.c ****   *                  STM32F10xx4 and STM32F10xx6
 478:Drivers/STM32F1xx_HAL_Driver/Src/stm32f1xx_hal.c ****   *       Debug registers DBGMCU_IDCODE and DBGMCU_CR are accessible only in
 479:Drivers/STM32F1xx_HAL_Driver/Src/stm32f1xx_hal.c ****   *       debug mode (not accessible by the user software in normal mode).
 480:Drivers/STM32F1xx_HAL_Driver/Src/stm32f1xx_hal.c ****   *       Refer to errata sheet of these devices for more details.
 481:Drivers/STM32F1xx_HAL_Driver/Src/stm32f1xx_hal.c ****   * @retval None
 482:Drivers/STM32F1xx_HAL_Driver/Src/stm32f1xx_hal.c ****   */
 483:Drivers/STM32F1xx_HAL_Driver/Src/stm32f1xx_hal.c **** void HAL_DBGMCU_DisableDBGSleepMode(void)
 484:Drivers/STM32F1xx_HAL_Driver/Src/stm32f1xx_hal.c **** {
 670              		.loc 1 484 1 is_stmt 1 view -0
 671              		.cfi_startproc
 672              		@ args = 0, pretend = 0, frame = 0
 673              		@ frame_needed = 0, uses_anonymous_args = 0
 674              		@ link register save eliminated.
 485:Drivers/STM32F1xx_HAL_Driver/Src/stm32f1xx_hal.c ****   CLEAR_BIT(DBGMCU->CR, DBGMCU_CR_DBG_SLEEP);
 675              		.loc 1 485 3 view .LVU109
 676 0000 024A     		ldr	r2, .L65
 677 0002 5368     		ldr	r3, [r2, #4]
 678 0004 23F00103 		bic	r3, r3, #1
 679 0008 5360     		str	r3, [r2, #4]
 486:Drivers/STM32F1xx_HAL_Driver/Src/stm32f1xx_hal.c **** }
 680              		.loc 1 486 1 is_stmt 0 view .LVU110
 681 000a 7047     		bx	lr
 682              	.L66:
 683              		.align	2
 684              	.L65:
 685 000c 002004E0 		.word	-536600576
 686              		.cfi_endproc
 687              	.LFE83:
 689              		.section	.text.HAL_DBGMCU_EnableDBGStopMode,"ax",%progbits
 690              		.align	1
 691              		.global	HAL_DBGMCU_EnableDBGStopMode
 692              		.syntax unified
 693              		.thumb
 694              		.thumb_func
 695              		.fpu softvfp
 697              	HAL_DBGMCU_EnableDBGStopMode:
 698              	.LFB84:
 487:Drivers/STM32F1xx_HAL_Driver/Src/stm32f1xx_hal.c **** 
 488:Drivers/STM32F1xx_HAL_Driver/Src/stm32f1xx_hal.c **** /**
 489:Drivers/STM32F1xx_HAL_Driver/Src/stm32f1xx_hal.c ****   * @brief  Enable the Debug Module during STOP mode
 490:Drivers/STM32F1xx_HAL_Driver/Src/stm32f1xx_hal.c ****   * Note: On devices STM32F10xx8 and STM32F10xxB,
 491:Drivers/STM32F1xx_HAL_Driver/Src/stm32f1xx_hal.c ****   *                  STM32F101xC/D/E and STM32F103xC/D/E,
 492:Drivers/STM32F1xx_HAL_Driver/Src/stm32f1xx_hal.c ****   *                  STM32F101xF/G and STM32F103xF/G
 493:Drivers/STM32F1xx_HAL_Driver/Src/stm32f1xx_hal.c ****   *                  STM32F10xx4 and STM32F10xx6
 494:Drivers/STM32F1xx_HAL_Driver/Src/stm32f1xx_hal.c ****   *       Debug registers DBGMCU_IDCODE and DBGMCU_CR are accessible only in
 495:Drivers/STM32F1xx_HAL_Driver/Src/stm32f1xx_hal.c ****   *       debug mode (not accessible by the user software in normal mode).
 496:Drivers/STM32F1xx_HAL_Driver/Src/stm32f1xx_hal.c ****   *       Refer to errata sheet of these devices for more details.
 497:Drivers/STM32F1xx_HAL_Driver/Src/stm32f1xx_hal.c ****   * Note: On all STM32F1 devices:
 498:Drivers/STM32F1xx_HAL_Driver/Src/stm32f1xx_hal.c ****   *       If the system tick timer interrupt is enabled during the Stop mode
 499:Drivers/STM32F1xx_HAL_Driver/Src/stm32f1xx_hal.c ****   *       debug (DBG_STOP bit set in the DBGMCU_CR register ), it will wakeup
 500:Drivers/STM32F1xx_HAL_Driver/Src/stm32f1xx_hal.c ****   *       the system from Stop mode.
 501:Drivers/STM32F1xx_HAL_Driver/Src/stm32f1xx_hal.c ****   *       Workaround: To debug the Stop mode, disable the system tick timer
ARM GAS  /tmp/ccAJ7SND.s 			page 22


 502:Drivers/STM32F1xx_HAL_Driver/Src/stm32f1xx_hal.c ****   *       interrupt.
 503:Drivers/STM32F1xx_HAL_Driver/Src/stm32f1xx_hal.c ****   *       Refer to errata sheet of these devices for more details.
 504:Drivers/STM32F1xx_HAL_Driver/Src/stm32f1xx_hal.c ****   * Note: On all STM32F1 devices:
 505:Drivers/STM32F1xx_HAL_Driver/Src/stm32f1xx_hal.c ****   *       If the system tick timer interrupt is enabled during the Stop mode
 506:Drivers/STM32F1xx_HAL_Driver/Src/stm32f1xx_hal.c ****   *       debug (DBG_STOP bit set in the DBGMCU_CR register ), it will wakeup
 507:Drivers/STM32F1xx_HAL_Driver/Src/stm32f1xx_hal.c ****   *       the system from Stop mode.
 508:Drivers/STM32F1xx_HAL_Driver/Src/stm32f1xx_hal.c ****   *       Workaround: To debug the Stop mode, disable the system tick timer
 509:Drivers/STM32F1xx_HAL_Driver/Src/stm32f1xx_hal.c ****   *       interrupt.
 510:Drivers/STM32F1xx_HAL_Driver/Src/stm32f1xx_hal.c ****   *       Refer to errata sheet of these devices for more details.
 511:Drivers/STM32F1xx_HAL_Driver/Src/stm32f1xx_hal.c ****   * @retval None
 512:Drivers/STM32F1xx_HAL_Driver/Src/stm32f1xx_hal.c ****   */
 513:Drivers/STM32F1xx_HAL_Driver/Src/stm32f1xx_hal.c **** void HAL_DBGMCU_EnableDBGStopMode(void)
 514:Drivers/STM32F1xx_HAL_Driver/Src/stm32f1xx_hal.c **** {
 699              		.loc 1 514 1 is_stmt 1 view -0
 700              		.cfi_startproc
 701              		@ args = 0, pretend = 0, frame = 0
 702              		@ frame_needed = 0, uses_anonymous_args = 0
 703              		@ link register save eliminated.
 515:Drivers/STM32F1xx_HAL_Driver/Src/stm32f1xx_hal.c ****   SET_BIT(DBGMCU->CR, DBGMCU_CR_DBG_STOP);
 704              		.loc 1 515 3 view .LVU112
 705 0000 024A     		ldr	r2, .L68
 706 0002 5368     		ldr	r3, [r2, #4]
 707 0004 43F00203 		orr	r3, r3, #2
 708 0008 5360     		str	r3, [r2, #4]
 516:Drivers/STM32F1xx_HAL_Driver/Src/stm32f1xx_hal.c **** }
 709              		.loc 1 516 1 is_stmt 0 view .LVU113
 710 000a 7047     		bx	lr
 711              	.L69:
 712              		.align	2
 713              	.L68:
 714 000c 002004E0 		.word	-536600576
 715              		.cfi_endproc
 716              	.LFE84:
 718              		.section	.text.HAL_DBGMCU_DisableDBGStopMode,"ax",%progbits
 719              		.align	1
 720              		.global	HAL_DBGMCU_DisableDBGStopMode
 721              		.syntax unified
 722              		.thumb
 723              		.thumb_func
 724              		.fpu softvfp
 726              	HAL_DBGMCU_DisableDBGStopMode:
 727              	.LFB85:
 517:Drivers/STM32F1xx_HAL_Driver/Src/stm32f1xx_hal.c **** 
 518:Drivers/STM32F1xx_HAL_Driver/Src/stm32f1xx_hal.c **** /**
 519:Drivers/STM32F1xx_HAL_Driver/Src/stm32f1xx_hal.c ****   * @brief  Disable the Debug Module during STOP mode
 520:Drivers/STM32F1xx_HAL_Driver/Src/stm32f1xx_hal.c ****   * Note: On devices STM32F10xx8 and STM32F10xxB,
 521:Drivers/STM32F1xx_HAL_Driver/Src/stm32f1xx_hal.c ****   *                  STM32F101xC/D/E and STM32F103xC/D/E,
 522:Drivers/STM32F1xx_HAL_Driver/Src/stm32f1xx_hal.c ****   *                  STM32F101xF/G and STM32F103xF/G
 523:Drivers/STM32F1xx_HAL_Driver/Src/stm32f1xx_hal.c ****   *                  STM32F10xx4 and STM32F10xx6
 524:Drivers/STM32F1xx_HAL_Driver/Src/stm32f1xx_hal.c ****   *       Debug registers DBGMCU_IDCODE and DBGMCU_CR are accessible only in
 525:Drivers/STM32F1xx_HAL_Driver/Src/stm32f1xx_hal.c ****   *       debug mode (not accessible by the user software in normal mode).
 526:Drivers/STM32F1xx_HAL_Driver/Src/stm32f1xx_hal.c ****   *       Refer to errata sheet of these devices for more details.
 527:Drivers/STM32F1xx_HAL_Driver/Src/stm32f1xx_hal.c ****   * @retval None
 528:Drivers/STM32F1xx_HAL_Driver/Src/stm32f1xx_hal.c ****   */
 529:Drivers/STM32F1xx_HAL_Driver/Src/stm32f1xx_hal.c **** void HAL_DBGMCU_DisableDBGStopMode(void)
 530:Drivers/STM32F1xx_HAL_Driver/Src/stm32f1xx_hal.c **** {
 728              		.loc 1 530 1 is_stmt 1 view -0
ARM GAS  /tmp/ccAJ7SND.s 			page 23


 729              		.cfi_startproc
 730              		@ args = 0, pretend = 0, frame = 0
 731              		@ frame_needed = 0, uses_anonymous_args = 0
 732              		@ link register save eliminated.
 531:Drivers/STM32F1xx_HAL_Driver/Src/stm32f1xx_hal.c ****   CLEAR_BIT(DBGMCU->CR, DBGMCU_CR_DBG_STOP);
 733              		.loc 1 531 3 view .LVU115
 734 0000 024A     		ldr	r2, .L71
 735 0002 5368     		ldr	r3, [r2, #4]
 736 0004 23F00203 		bic	r3, r3, #2
 737 0008 5360     		str	r3, [r2, #4]
 532:Drivers/STM32F1xx_HAL_Driver/Src/stm32f1xx_hal.c **** }
 738              		.loc 1 532 1 is_stmt 0 view .LVU116
 739 000a 7047     		bx	lr
 740              	.L72:
 741              		.align	2
 742              	.L71:
 743 000c 002004E0 		.word	-536600576
 744              		.cfi_endproc
 745              	.LFE85:
 747              		.section	.text.HAL_DBGMCU_EnableDBGStandbyMode,"ax",%progbits
 748              		.align	1
 749              		.global	HAL_DBGMCU_EnableDBGStandbyMode
 750              		.syntax unified
 751              		.thumb
 752              		.thumb_func
 753              		.fpu softvfp
 755              	HAL_DBGMCU_EnableDBGStandbyMode:
 756              	.LFB86:
 533:Drivers/STM32F1xx_HAL_Driver/Src/stm32f1xx_hal.c **** 
 534:Drivers/STM32F1xx_HAL_Driver/Src/stm32f1xx_hal.c **** /**
 535:Drivers/STM32F1xx_HAL_Driver/Src/stm32f1xx_hal.c ****   * @brief  Enable the Debug Module during STANDBY mode
 536:Drivers/STM32F1xx_HAL_Driver/Src/stm32f1xx_hal.c ****   * Note: On devices STM32F10xx8 and STM32F10xxB,
 537:Drivers/STM32F1xx_HAL_Driver/Src/stm32f1xx_hal.c ****   *                  STM32F101xC/D/E and STM32F103xC/D/E,
 538:Drivers/STM32F1xx_HAL_Driver/Src/stm32f1xx_hal.c ****   *                  STM32F101xF/G and STM32F103xF/G
 539:Drivers/STM32F1xx_HAL_Driver/Src/stm32f1xx_hal.c ****   *                  STM32F10xx4 and STM32F10xx6
 540:Drivers/STM32F1xx_HAL_Driver/Src/stm32f1xx_hal.c ****   *       Debug registers DBGMCU_IDCODE and DBGMCU_CR are accessible only in
 541:Drivers/STM32F1xx_HAL_Driver/Src/stm32f1xx_hal.c ****   *       debug mode (not accessible by the user software in normal mode).
 542:Drivers/STM32F1xx_HAL_Driver/Src/stm32f1xx_hal.c ****   *       Refer to errata sheet of these devices for more details.
 543:Drivers/STM32F1xx_HAL_Driver/Src/stm32f1xx_hal.c ****   * @retval None
 544:Drivers/STM32F1xx_HAL_Driver/Src/stm32f1xx_hal.c ****   */
 545:Drivers/STM32F1xx_HAL_Driver/Src/stm32f1xx_hal.c **** void HAL_DBGMCU_EnableDBGStandbyMode(void)
 546:Drivers/STM32F1xx_HAL_Driver/Src/stm32f1xx_hal.c **** {
 757              		.loc 1 546 1 is_stmt 1 view -0
 758              		.cfi_startproc
 759              		@ args = 0, pretend = 0, frame = 0
 760              		@ frame_needed = 0, uses_anonymous_args = 0
 761              		@ link register save eliminated.
 547:Drivers/STM32F1xx_HAL_Driver/Src/stm32f1xx_hal.c ****   SET_BIT(DBGMCU->CR, DBGMCU_CR_DBG_STANDBY);
 762              		.loc 1 547 3 view .LVU118
 763 0000 024A     		ldr	r2, .L74
 764 0002 5368     		ldr	r3, [r2, #4]
 765 0004 43F00403 		orr	r3, r3, #4
 766 0008 5360     		str	r3, [r2, #4]
 548:Drivers/STM32F1xx_HAL_Driver/Src/stm32f1xx_hal.c **** }
 767              		.loc 1 548 1 is_stmt 0 view .LVU119
 768 000a 7047     		bx	lr
 769              	.L75:
ARM GAS  /tmp/ccAJ7SND.s 			page 24


 770              		.align	2
 771              	.L74:
 772 000c 002004E0 		.word	-536600576
 773              		.cfi_endproc
 774              	.LFE86:
 776              		.section	.text.HAL_DBGMCU_DisableDBGStandbyMode,"ax",%progbits
 777              		.align	1
 778              		.global	HAL_DBGMCU_DisableDBGStandbyMode
 779              		.syntax unified
 780              		.thumb
 781              		.thumb_func
 782              		.fpu softvfp
 784              	HAL_DBGMCU_DisableDBGStandbyMode:
 785              	.LFB87:
 549:Drivers/STM32F1xx_HAL_Driver/Src/stm32f1xx_hal.c **** 
 550:Drivers/STM32F1xx_HAL_Driver/Src/stm32f1xx_hal.c **** /**
 551:Drivers/STM32F1xx_HAL_Driver/Src/stm32f1xx_hal.c ****   * @brief  Disable the Debug Module during STANDBY mode
 552:Drivers/STM32F1xx_HAL_Driver/Src/stm32f1xx_hal.c ****   * Note: On devices STM32F10xx8 and STM32F10xxB,
 553:Drivers/STM32F1xx_HAL_Driver/Src/stm32f1xx_hal.c ****   *                  STM32F101xC/D/E and STM32F103xC/D/E,
 554:Drivers/STM32F1xx_HAL_Driver/Src/stm32f1xx_hal.c ****   *                  STM32F101xF/G and STM32F103xF/G
 555:Drivers/STM32F1xx_HAL_Driver/Src/stm32f1xx_hal.c ****   *                  STM32F10xx4 and STM32F10xx6
 556:Drivers/STM32F1xx_HAL_Driver/Src/stm32f1xx_hal.c ****   *       Debug registers DBGMCU_IDCODE and DBGMCU_CR are accessible only in
 557:Drivers/STM32F1xx_HAL_Driver/Src/stm32f1xx_hal.c ****   *       debug mode (not accessible by the user software in normal mode).
 558:Drivers/STM32F1xx_HAL_Driver/Src/stm32f1xx_hal.c ****   *       Refer to errata sheet of these devices for more details.
 559:Drivers/STM32F1xx_HAL_Driver/Src/stm32f1xx_hal.c ****   * @retval None
 560:Drivers/STM32F1xx_HAL_Driver/Src/stm32f1xx_hal.c ****   */
 561:Drivers/STM32F1xx_HAL_Driver/Src/stm32f1xx_hal.c **** void HAL_DBGMCU_DisableDBGStandbyMode(void)
 562:Drivers/STM32F1xx_HAL_Driver/Src/stm32f1xx_hal.c **** {
 786              		.loc 1 562 1 is_stmt 1 view -0
 787              		.cfi_startproc
 788              		@ args = 0, pretend = 0, frame = 0
 789              		@ frame_needed = 0, uses_anonymous_args = 0
 790              		@ link register save eliminated.
 563:Drivers/STM32F1xx_HAL_Driver/Src/stm32f1xx_hal.c ****   CLEAR_BIT(DBGMCU->CR, DBGMCU_CR_DBG_STANDBY);
 791              		.loc 1 563 3 view .LVU121
 792 0000 024A     		ldr	r2, .L77
 793 0002 5368     		ldr	r3, [r2, #4]
 794 0004 23F00403 		bic	r3, r3, #4
 795 0008 5360     		str	r3, [r2, #4]
 564:Drivers/STM32F1xx_HAL_Driver/Src/stm32f1xx_hal.c **** }
 796              		.loc 1 564 1 is_stmt 0 view .LVU122
 797 000a 7047     		bx	lr
 798              	.L78:
 799              		.align	2
 800              	.L77:
 801 000c 002004E0 		.word	-536600576
 802              		.cfi_endproc
 803              	.LFE87:
 805              		.section	.text.HAL_GetUID,"ax",%progbits
 806              		.align	1
 807              		.global	HAL_GetUID
 808              		.syntax unified
 809              		.thumb
 810              		.thumb_func
 811              		.fpu softvfp
 813              	HAL_GetUID:
 814              	.LVL23:
ARM GAS  /tmp/ccAJ7SND.s 			page 25


 815              	.LFB88:
 565:Drivers/STM32F1xx_HAL_Driver/Src/stm32f1xx_hal.c **** 
 566:Drivers/STM32F1xx_HAL_Driver/Src/stm32f1xx_hal.c **** /**
 567:Drivers/STM32F1xx_HAL_Driver/Src/stm32f1xx_hal.c ****   * @brief Return the unique device identifier (UID based on 96 bits)
 568:Drivers/STM32F1xx_HAL_Driver/Src/stm32f1xx_hal.c ****   * @param UID pointer to 3 words array.
 569:Drivers/STM32F1xx_HAL_Driver/Src/stm32f1xx_hal.c ****   * @retval Device identifier
 570:Drivers/STM32F1xx_HAL_Driver/Src/stm32f1xx_hal.c ****   */
 571:Drivers/STM32F1xx_HAL_Driver/Src/stm32f1xx_hal.c **** void HAL_GetUID(uint32_t *UID)
 572:Drivers/STM32F1xx_HAL_Driver/Src/stm32f1xx_hal.c **** {
 816              		.loc 1 572 1 is_stmt 1 view -0
 817              		.cfi_startproc
 818              		@ args = 0, pretend = 0, frame = 0
 819              		@ frame_needed = 0, uses_anonymous_args = 0
 820              		@ link register save eliminated.
 573:Drivers/STM32F1xx_HAL_Driver/Src/stm32f1xx_hal.c ****   UID[0] = (uint32_t)(READ_REG(*((uint32_t *)UID_BASE)));
 821              		.loc 1 573 3 view .LVU124
 822              		.loc 1 573 12 is_stmt 0 view .LVU125
 823 0000 044B     		ldr	r3, .L80
 824 0002 1B68     		ldr	r3, [r3]
 825              		.loc 1 573 10 view .LVU126
 826 0004 0360     		str	r3, [r0]
 574:Drivers/STM32F1xx_HAL_Driver/Src/stm32f1xx_hal.c ****   UID[1] = (uint32_t)(READ_REG(*((uint32_t *)(UID_BASE + 4U))));
 827              		.loc 1 574 3 is_stmt 1 view .LVU127
 828              		.loc 1 574 12 is_stmt 0 view .LVU128
 829 0006 044B     		ldr	r3, .L80+4
 830 0008 1B68     		ldr	r3, [r3]
 831              		.loc 1 574 10 view .LVU129
 832 000a 4360     		str	r3, [r0, #4]
 575:Drivers/STM32F1xx_HAL_Driver/Src/stm32f1xx_hal.c ****   UID[2] = (uint32_t)(READ_REG(*((uint32_t *)(UID_BASE + 8U))));
 833              		.loc 1 575 3 is_stmt 1 view .LVU130
 834              		.loc 1 575 12 is_stmt 0 view .LVU131
 835 000c 034B     		ldr	r3, .L80+8
 836 000e 1B68     		ldr	r3, [r3]
 837              		.loc 1 575 10 view .LVU132
 838 0010 8360     		str	r3, [r0, #8]
 576:Drivers/STM32F1xx_HAL_Driver/Src/stm32f1xx_hal.c **** }
 839              		.loc 1 576 1 view .LVU133
 840 0012 7047     		bx	lr
 841              	.L81:
 842              		.align	2
 843              	.L80:
 844 0014 E8F7FF1F 		.word	536868840
 845 0018 ECF7FF1F 		.word	536868844
 846 001c F0F7FF1F 		.word	536868848
 847              		.cfi_endproc
 848              	.LFE88:
 850              		.global	uwTickFreq
 851              		.global	uwTickPrio
 852              		.comm	uwTick,4,4
 853              		.section	.data.uwTickFreq,"aw"
 854              		.set	.LANCHOR0,. + 0
 857              	uwTickFreq:
 858 0000 01       		.byte	1
 859              		.section	.data.uwTickPrio,"aw"
 860              		.align	2
 861              		.set	.LANCHOR1,. + 0
 864              	uwTickPrio:
ARM GAS  /tmp/ccAJ7SND.s 			page 26


 865 0000 10000000 		.word	16
 866              		.text
 867              	.Letext0:
 868              		.file 2 "/usr/lib/gcc/arm-none-eabi/9.2.1/include/stdint.h"
 869              		.file 3 "Drivers/CMSIS/Include/core_cm3.h"
 870              		.file 4 "Drivers/CMSIS/Device/ST/STM32F1xx/Include/system_stm32f1xx.h"
 871              		.file 5 "Drivers/CMSIS/Device/ST/STM32F1xx/Include/stm32f103xb.h"
 872              		.file 6 "/usr/lib/gcc/arm-none-eabi/9.2.1/include/stddef.h"
 873              		.file 7 "/usr/include/newlib/sys/_types.h"
 874              		.file 8 "/usr/include/newlib/sys/reent.h"
 875              		.file 9 "/usr/include/newlib/sys/lock.h"
 876              		.file 10 "Drivers/STM32F1xx_HAL_Driver/Inc/stm32f1xx_hal_def.h"
 877              		.file 11 "Drivers/STM32F1xx_HAL_Driver/Inc/stm32f1xx_hal.h"
 878              		.file 12 "Inc/stm32f1xx_hal_conf.h"
 879              		.file 13 "Drivers/STM32F1xx_HAL_Driver/Inc/stm32f1xx_hal_cortex.h"
ARM GAS  /tmp/ccAJ7SND.s 			page 27


DEFINED SYMBOLS
                            *ABS*:0000000000000000 stm32f1xx_hal.c
     /tmp/ccAJ7SND.s:16     .text.HAL_MspInit:0000000000000000 $t
     /tmp/ccAJ7SND.s:24     .text.HAL_MspInit:0000000000000000 HAL_MspInit
     /tmp/ccAJ7SND.s:38     .text.HAL_MspDeInit:0000000000000000 $t
     /tmp/ccAJ7SND.s:45     .text.HAL_MspDeInit:0000000000000000 HAL_MspDeInit
     /tmp/ccAJ7SND.s:58     .text.HAL_DeInit:0000000000000000 $t
     /tmp/ccAJ7SND.s:65     .text.HAL_DeInit:0000000000000000 HAL_DeInit
     /tmp/ccAJ7SND.s:97     .text.HAL_DeInit:000000000000001c $d
     /tmp/ccAJ7SND.s:102    .text.HAL_InitTick:0000000000000000 $t
     /tmp/ccAJ7SND.s:109    .text.HAL_InitTick:0000000000000000 HAL_InitTick
     /tmp/ccAJ7SND.s:172    .text.HAL_InitTick:0000000000000040 $d
     /tmp/ccAJ7SND.s:179    .text.HAL_Init:0000000000000000 $t
     /tmp/ccAJ7SND.s:186    .text.HAL_Init:0000000000000000 HAL_Init
     /tmp/ccAJ7SND.s:220    .text.HAL_Init:0000000000000020 $d
     /tmp/ccAJ7SND.s:225    .text.HAL_IncTick:0000000000000000 $t
     /tmp/ccAJ7SND.s:232    .text.HAL_IncTick:0000000000000000 HAL_IncTick
     /tmp/ccAJ7SND.s:252    .text.HAL_IncTick:0000000000000010 $d
                            *COM*:0000000000000004 uwTick
     /tmp/ccAJ7SND.s:258    .text.HAL_GetTick:0000000000000000 $t
     /tmp/ccAJ7SND.s:265    .text.HAL_GetTick:0000000000000000 HAL_GetTick
     /tmp/ccAJ7SND.s:281    .text.HAL_GetTick:0000000000000008 $d
     /tmp/ccAJ7SND.s:286    .text.HAL_GetTickPrio:0000000000000000 $t
     /tmp/ccAJ7SND.s:293    .text.HAL_GetTickPrio:0000000000000000 HAL_GetTickPrio
     /tmp/ccAJ7SND.s:308    .text.HAL_GetTickPrio:0000000000000008 $d
     /tmp/ccAJ7SND.s:313    .rodata.HAL_SetTickFreq.str1.4:0000000000000000 $d
     /tmp/ccAJ7SND.s:317    .text.HAL_SetTickFreq:0000000000000000 $t
     /tmp/ccAJ7SND.s:324    .text.HAL_SetTickFreq:0000000000000000 HAL_SetTickFreq
     /tmp/ccAJ7SND.s:391    .text.HAL_SetTickFreq:0000000000000038 $d
     /tmp/ccAJ7SND.s:398    .text.HAL_GetTickFreq:0000000000000000 $t
     /tmp/ccAJ7SND.s:405    .text.HAL_GetTickFreq:0000000000000000 HAL_GetTickFreq
     /tmp/ccAJ7SND.s:420    .text.HAL_GetTickFreq:0000000000000008 $d
     /tmp/ccAJ7SND.s:425    .text.HAL_Delay:0000000000000000 $t
     /tmp/ccAJ7SND.s:432    .text.HAL_Delay:0000000000000000 HAL_Delay
     /tmp/ccAJ7SND.s:485    .text.HAL_Delay:0000000000000024 $d
     /tmp/ccAJ7SND.s:490    .text.HAL_SuspendTick:0000000000000000 $t
     /tmp/ccAJ7SND.s:497    .text.HAL_SuspendTick:0000000000000000 HAL_SuspendTick
     /tmp/ccAJ7SND.s:514    .text.HAL_SuspendTick:000000000000000c $d
     /tmp/ccAJ7SND.s:519    .text.HAL_ResumeTick:0000000000000000 $t
     /tmp/ccAJ7SND.s:526    .text.HAL_ResumeTick:0000000000000000 HAL_ResumeTick
     /tmp/ccAJ7SND.s:543    .text.HAL_ResumeTick:000000000000000c $d
     /tmp/ccAJ7SND.s:548    .text.HAL_GetHalVersion:0000000000000000 $t
     /tmp/ccAJ7SND.s:555    .text.HAL_GetHalVersion:0000000000000000 HAL_GetHalVersion
     /tmp/ccAJ7SND.s:569    .text.HAL_GetHalVersion:0000000000000004 $d
     /tmp/ccAJ7SND.s:574    .text.HAL_GetREVID:0000000000000000 $t
     /tmp/ccAJ7SND.s:581    .text.HAL_GetREVID:0000000000000000 HAL_GetREVID
     /tmp/ccAJ7SND.s:598    .text.HAL_GetREVID:0000000000000008 $d
     /tmp/ccAJ7SND.s:603    .text.HAL_GetDEVID:0000000000000000 $t
     /tmp/ccAJ7SND.s:610    .text.HAL_GetDEVID:0000000000000000 HAL_GetDEVID
     /tmp/ccAJ7SND.s:627    .text.HAL_GetDEVID:000000000000000c $d
     /tmp/ccAJ7SND.s:632    .text.HAL_DBGMCU_EnableDBGSleepMode:0000000000000000 $t
     /tmp/ccAJ7SND.s:639    .text.HAL_DBGMCU_EnableDBGSleepMode:0000000000000000 HAL_DBGMCU_EnableDBGSleepMode
     /tmp/ccAJ7SND.s:656    .text.HAL_DBGMCU_EnableDBGSleepMode:000000000000000c $d
     /tmp/ccAJ7SND.s:661    .text.HAL_DBGMCU_DisableDBGSleepMode:0000000000000000 $t
     /tmp/ccAJ7SND.s:668    .text.HAL_DBGMCU_DisableDBGSleepMode:0000000000000000 HAL_DBGMCU_DisableDBGSleepMode
     /tmp/ccAJ7SND.s:685    .text.HAL_DBGMCU_DisableDBGSleepMode:000000000000000c $d
     /tmp/ccAJ7SND.s:690    .text.HAL_DBGMCU_EnableDBGStopMode:0000000000000000 $t
ARM GAS  /tmp/ccAJ7SND.s 			page 28


     /tmp/ccAJ7SND.s:697    .text.HAL_DBGMCU_EnableDBGStopMode:0000000000000000 HAL_DBGMCU_EnableDBGStopMode
     /tmp/ccAJ7SND.s:714    .text.HAL_DBGMCU_EnableDBGStopMode:000000000000000c $d
     /tmp/ccAJ7SND.s:719    .text.HAL_DBGMCU_DisableDBGStopMode:0000000000000000 $t
     /tmp/ccAJ7SND.s:726    .text.HAL_DBGMCU_DisableDBGStopMode:0000000000000000 HAL_DBGMCU_DisableDBGStopMode
     /tmp/ccAJ7SND.s:743    .text.HAL_DBGMCU_DisableDBGStopMode:000000000000000c $d
     /tmp/ccAJ7SND.s:748    .text.HAL_DBGMCU_EnableDBGStandbyMode:0000000000000000 $t
     /tmp/ccAJ7SND.s:755    .text.HAL_DBGMCU_EnableDBGStandbyMode:0000000000000000 HAL_DBGMCU_EnableDBGStandbyMode
     /tmp/ccAJ7SND.s:772    .text.HAL_DBGMCU_EnableDBGStandbyMode:000000000000000c $d
     /tmp/ccAJ7SND.s:777    .text.HAL_DBGMCU_DisableDBGStandbyMode:0000000000000000 $t
     /tmp/ccAJ7SND.s:784    .text.HAL_DBGMCU_DisableDBGStandbyMode:0000000000000000 HAL_DBGMCU_DisableDBGStandbyMode
     /tmp/ccAJ7SND.s:801    .text.HAL_DBGMCU_DisableDBGStandbyMode:000000000000000c $d
     /tmp/ccAJ7SND.s:806    .text.HAL_GetUID:0000000000000000 $t
     /tmp/ccAJ7SND.s:813    .text.HAL_GetUID:0000000000000000 HAL_GetUID
     /tmp/ccAJ7SND.s:844    .text.HAL_GetUID:0000000000000014 $d
     /tmp/ccAJ7SND.s:857    .data.uwTickFreq:0000000000000000 uwTickFreq
     /tmp/ccAJ7SND.s:864    .data.uwTickPrio:0000000000000000 uwTickPrio
     /tmp/ccAJ7SND.s:860    .data.uwTickPrio:0000000000000000 $d

UNDEFINED SYMBOLS
HAL_SYSTICK_Config
HAL_NVIC_SetPriority
SystemCoreClock
HAL_NVIC_SetPriorityGrouping
assert_failed
