ARM GAS  /tmp/ccC97A3H.s 			page 1


   1              		.cpu cortex-m3
   2              		.eabi_attribute 20, 1
   3              		.eabi_attribute 21, 1
   4              		.eabi_attribute 23, 3
   5              		.eabi_attribute 24, 1
   6              		.eabi_attribute 25, 1
   7              		.eabi_attribute 26, 1
   8              		.eabi_attribute 30, 1
   9              		.eabi_attribute 34, 1
  10              		.eabi_attribute 18, 4
  11              		.file	"stm32f1xx_hal_tim.c"
  12              		.text
  13              	.Ltext0:
  14              		.cfi_sections	.debug_frame
  15              	.Letext0:
  16              		.file 1 "/usr/lib/gcc/arm-none-eabi/9.2.1/include/stdint.h"
  17              		.file 2 "Drivers/CMSIS/Include/core_cm3.h"
  18              		.file 3 "Drivers/CMSIS/Device/ST/STM32F1xx/Include/system_stm32f1xx.h"
  19              		.file 4 "/usr/lib/gcc/arm-none-eabi/9.2.1/include/stddef.h"
  20              		.file 5 "/usr/include/newlib/sys/_types.h"
  21              		.file 6 "/usr/include/newlib/sys/reent.h"
  22              		.file 7 "/usr/include/newlib/sys/lock.h"
ARM GAS  /tmp/ccC97A3H.s 			page 2


DEFINED SYMBOLS
                            *ABS*:0000000000000000 stm32f1xx_hal_tim.c

NO UNDEFINED SYMBOLS
