ARM GAS  /tmp/cck865xG.s 			page 1


   1              		.cpu cortex-m4
   2              		.eabi_attribute 27, 1
   3              		.eabi_attribute 28, 1
   4              		.eabi_attribute 20, 1
   5              		.eabi_attribute 21, 1
   6              		.eabi_attribute 23, 3
   7              		.eabi_attribute 24, 1
   8              		.eabi_attribute 25, 1
   9              		.eabi_attribute 26, 1
  10              		.eabi_attribute 30, 1
  11              		.eabi_attribute 34, 1
  12              		.eabi_attribute 18, 4
  13              		.file	"display.c"
  14              		.text
  15              	.Ltext0:
  16              		.cfi_sections	.debug_frame
  17              		.section	.text.display_set_window,"ax",%progbits
  18              		.align	1
  19              		.arch armv7e-m
  20              		.syntax unified
  21              		.thumb
  22              		.thumb_func
  23              		.fpu fpv4-sp-d16
  25              	display_set_window:
  26              	.LVL0:
  27              	.LFB130:
  28              		.file 1 "display/display.c"
   1:display/display.c **** #include "display.h"
   2:display/display.c **** #include "logger.h"
   3:display/display.c **** #include "stm32f4xx_hal.h"
   4:display/display.c **** 
   5:display/display.c **** #define DISPLAY_CMD_ADDR        *(volatile uint8_t*)0x60000000
   6:display/display.c **** #define DISPLAY_DATA_ADDR       *(volatile uint8_t*)0x60040000
   7:display/display.c **** 
   8:display/display.c **** #define RESET_IDLE()            HAL_GPIO_WritePin(LCD_RST_GPIO_Port, LCD_RST_Pin, GPIO_PIN_SET)
   9:display/display.c **** #define RESET_ACTIVE()          HAL_GPIO_WritePin(LCD_RST_GPIO_Port, LCD_RST_Pin, GPIO_PIN_RESET)
  10:display/display.c **** 
  11:display/display.c **** #if 0
  12:display/display.c **** static void display_delay(uint32_t __IO micros)
  13:display/display.c **** {        
  14:display/display.c ****     micros *=(SystemCoreClock/1000000)/168;
  15:display/display.c **** 	while(micros--);
  16:display/display.c **** }
  17:display/display.c **** #else
  18:display/display.c **** #define display_delay(...)
  19:display/display.c **** #endif
  20:display/display.c **** 
  21:display/display.c **** static inline void display_write_cmd(uint8_t cmd)
  22:display/display.c **** {
  23:display/display.c ****     DISPLAY_CMD_ADDR = cmd;
  24:display/display.c ****     display_delay(1);
  25:display/display.c **** }
  26:display/display.c **** 
  27:display/display.c **** static inline void display_write_data(uint8_t data)
  28:display/display.c **** {
  29:display/display.c ****     DISPLAY_DATA_ADDR = data;
  30:display/display.c ****     display_delay(1);
ARM GAS  /tmp/cck865xG.s 			page 2


  31:display/display.c **** }
  32:display/display.c **** 
  33:display/display.c **** static inline uint8_t display_read_data(void)
  34:display/display.c **** {
  35:display/display.c ****     uint8_t data = DISPLAY_DATA_ADDR;
  36:display/display.c ****     display_delay(1);
  37:display/display.c ****     return data;
  38:display/display.c **** }
  39:display/display.c **** 
  40:display/display.c **** static inline void display_write_data16(uint16_t data)
  41:display/display.c **** {
  42:display/display.c ****     display_write_data(data >> 8);
  43:display/display.c **** 	display_write_data(data & 0xFF);
  44:display/display.c **** }
  45:display/display.c **** 
  46:display/display.c **** static void display_set_window(uint16_t x, uint16_t w, uint16_t y, uint16_t h)
  47:display/display.c **** {
  29              		.loc 1 47 1 view -0
  30              		.cfi_startproc
  31              		@ args = 0, pretend = 0, frame = 0
  32              		@ frame_needed = 0, uses_anonymous_args = 0
  33              		@ link register save eliminated.
  34              		.loc 1 47 1 is_stmt 0 view .LVU1
  35 0000 70B4     		push	{r4, r5, r6}
  36              	.LCFI0:
  37              		.cfi_def_cfa_offset 12
  38              		.cfi_offset 4, -12
  39              		.cfi_offset 5, -8
  40              		.cfi_offset 6, -4
  48:display/display.c **** 	display_write_cmd(LCD_COLUMN_ADDR);
  41              		.loc 1 48 2 is_stmt 1 view .LVU2
  42              	.LVL1:
  43              	.LBB124:
  44              	.LBI124:
  21:display/display.c **** {
  45              		.loc 1 21 20 view .LVU3
  46              	.LBB125:
  23:display/display.c ****     display_delay(1);
  47              		.loc 1 23 5 view .LVU4
  23:display/display.c ****     display_delay(1);
  48              		.loc 1 23 22 is_stmt 0 view .LVU5
  49 0002 4FF0C045 		mov	r5, #1610612736
  50 0006 2A24     		movs	r4, #42
  51 0008 2C70     		strb	r4, [r5]
  24:display/display.c **** }
  52              		.loc 1 24 21 is_stmt 1 view .LVU6
  53              	.LVL2:
  24:display/display.c **** }
  54              		.loc 1 24 21 is_stmt 0 view .LVU7
  55              	.LBE125:
  56              	.LBE124:
  49:display/display.c ****     display_write_data16(x);
  57              		.loc 1 49 5 is_stmt 1 view .LVU8
  58              	.LBB126:
  59              	.LBI126:
  40:display/display.c **** {
  60              		.loc 1 40 20 view .LVU9
ARM GAS  /tmp/cck865xG.s 			page 3


  61              	.LBB127:
  42:display/display.c **** 	display_write_data(data & 0xFF);
  62              		.loc 1 42 5 view .LVU10
  63 000a 060A     		lsrs	r6, r0, #8
  64              	.LVL3:
  65              	.LBB128:
  66              	.LBI128:
  27:display/display.c **** {
  67              		.loc 1 27 20 view .LVU11
  68              	.LBB129:
  29:display/display.c ****     display_delay(1);
  69              		.loc 1 29 5 view .LVU12
  29:display/display.c ****     display_delay(1);
  70              		.loc 1 29 23 is_stmt 0 view .LVU13
  71 000c 0D4C     		ldr	r4, .L3
  72 000e 2670     		strb	r6, [r4]
  30:display/display.c **** }
  73              		.loc 1 30 21 is_stmt 1 view .LVU14
  74              	.LVL4:
  30:display/display.c **** }
  75              		.loc 1 30 21 is_stmt 0 view .LVU15
  76              	.LBE129:
  77              	.LBE128:
  43:display/display.c **** }
  78              		.loc 1 43 2 is_stmt 1 view .LVU16
  79 0010 C6B2     		uxtb	r6, r0
  80              	.LVL5:
  81              	.LBB130:
  82              	.LBI130:
  27:display/display.c **** {
  83              		.loc 1 27 20 view .LVU17
  84              	.LBB131:
  29:display/display.c ****     display_delay(1);
  85              		.loc 1 29 5 view .LVU18
  29:display/display.c ****     display_delay(1);
  86              		.loc 1 29 23 is_stmt 0 view .LVU19
  87 0012 2670     		strb	r6, [r4]
  30:display/display.c **** }
  88              		.loc 1 30 21 is_stmt 1 view .LVU20
  89              	.LVL6:
  30:display/display.c **** }
  90              		.loc 1 30 21 is_stmt 0 view .LVU21
  91              	.LBE131:
  92              	.LBE130:
  93              	.LBE127:
  94              	.LBE126:
  50:display/display.c ****     display_write_data16(x + (w - 1));
  95              		.loc 1 50 5 is_stmt 1 view .LVU22
  96              		.loc 1 50 28 is_stmt 0 view .LVU23
  97 0014 0844     		add	r0, r0, r1
  98              	.LVL7:
  99              		.loc 1 50 28 view .LVU24
 100 0016 80B2     		uxth	r0, r0
 101              		.loc 1 50 5 view .LVU25
 102 0018 0138     		subs	r0, r0, #1
 103              	.LVL8:
 104              	.LBB132:
ARM GAS  /tmp/cck865xG.s 			page 4


 105              	.LBI132:
  40:display/display.c **** {
 106              		.loc 1 40 20 is_stmt 1 view .LVU26
 107              	.LBB133:
  42:display/display.c **** 	display_write_data(data & 0xFF);
 108              		.loc 1 42 5 view .LVU27
 109 001a C0F30721 		ubfx	r1, r0, #8, #8
 110              	.LVL9:
 111              	.LBB134:
 112              	.LBI134:
  27:display/display.c **** {
 113              		.loc 1 27 20 view .LVU28
 114              	.LBB135:
  29:display/display.c ****     display_delay(1);
 115              		.loc 1 29 5 view .LVU29
  29:display/display.c ****     display_delay(1);
 116              		.loc 1 29 23 is_stmt 0 view .LVU30
 117 001e 2170     		strb	r1, [r4]
  30:display/display.c **** }
 118              		.loc 1 30 21 is_stmt 1 view .LVU31
 119              	.LVL10:
  30:display/display.c **** }
 120              		.loc 1 30 21 is_stmt 0 view .LVU32
 121              	.LBE135:
 122              	.LBE134:
  43:display/display.c **** }
 123              		.loc 1 43 2 is_stmt 1 view .LVU33
 124 0020 C0B2     		uxtb	r0, r0
 125              	.LVL11:
 126              	.LBB136:
 127              	.LBI136:
  27:display/display.c **** {
 128              		.loc 1 27 20 view .LVU34
 129              	.LBB137:
  29:display/display.c ****     display_delay(1);
 130              		.loc 1 29 5 view .LVU35
  29:display/display.c ****     display_delay(1);
 131              		.loc 1 29 23 is_stmt 0 view .LVU36
 132 0022 2070     		strb	r0, [r4]
  30:display/display.c **** }
 133              		.loc 1 30 21 is_stmt 1 view .LVU37
 134              	.LVL12:
  30:display/display.c **** }
 135              		.loc 1 30 21 is_stmt 0 view .LVU38
 136              	.LBE137:
 137              	.LBE136:
 138              	.LBE133:
 139              	.LBE132:
  51:display/display.c **** 
  52:display/display.c **** 	display_write_cmd(LCD_PAGE_ADDR);
 140              		.loc 1 52 2 is_stmt 1 view .LVU39
 141              	.LBB138:
 142              	.LBI138:
  21:display/display.c **** {
 143              		.loc 1 21 20 view .LVU40
 144              	.LBB139:
  23:display/display.c ****     display_delay(1);
ARM GAS  /tmp/cck865xG.s 			page 5


 145              		.loc 1 23 5 view .LVU41
  23:display/display.c ****     display_delay(1);
 146              		.loc 1 23 22 is_stmt 0 view .LVU42
 147 0024 2B21     		movs	r1, #43
 148 0026 2970     		strb	r1, [r5]
  24:display/display.c **** }
 149              		.loc 1 24 21 is_stmt 1 view .LVU43
 150              	.LVL13:
  24:display/display.c **** }
 151              		.loc 1 24 21 is_stmt 0 view .LVU44
 152              	.LBE139:
 153              	.LBE138:
  53:display/display.c ****     display_write_data16(y);
 154              		.loc 1 53 5 is_stmt 1 view .LVU45
 155              	.LBB140:
 156              	.LBI140:
  40:display/display.c **** {
 157              		.loc 1 40 20 view .LVU46
 158              	.LBB141:
  42:display/display.c **** 	display_write_data(data & 0xFF);
 159              		.loc 1 42 5 view .LVU47
 160 0028 110A     		lsrs	r1, r2, #8
 161              	.LVL14:
 162              	.LBB142:
 163              	.LBI142:
  27:display/display.c **** {
 164              		.loc 1 27 20 view .LVU48
 165              	.LBB143:
  29:display/display.c ****     display_delay(1);
 166              		.loc 1 29 5 view .LVU49
  29:display/display.c ****     display_delay(1);
 167              		.loc 1 29 23 is_stmt 0 view .LVU50
 168 002a 2170     		strb	r1, [r4]
  30:display/display.c **** }
 169              		.loc 1 30 21 is_stmt 1 view .LVU51
 170              	.LVL15:
  30:display/display.c **** }
 171              		.loc 1 30 21 is_stmt 0 view .LVU52
 172              	.LBE143:
 173              	.LBE142:
  43:display/display.c **** }
 174              		.loc 1 43 2 is_stmt 1 view .LVU53
 175 002c D1B2     		uxtb	r1, r2
 176              	.LVL16:
 177              	.LBB144:
 178              	.LBI144:
  27:display/display.c **** {
 179              		.loc 1 27 20 view .LVU54
 180              	.LBB145:
  29:display/display.c ****     display_delay(1);
 181              		.loc 1 29 5 view .LVU55
  29:display/display.c ****     display_delay(1);
 182              		.loc 1 29 23 is_stmt 0 view .LVU56
 183 002e 2170     		strb	r1, [r4]
  30:display/display.c **** }
 184              		.loc 1 30 21 is_stmt 1 view .LVU57
 185              	.LVL17:
ARM GAS  /tmp/cck865xG.s 			page 6


  30:display/display.c **** }
 186              		.loc 1 30 21 is_stmt 0 view .LVU58
 187              	.LBE145:
 188              	.LBE144:
 189              	.LBE141:
 190              	.LBE140:
  54:display/display.c ****     display_write_data16(y + (h - 1));
 191              		.loc 1 54 5 is_stmt 1 view .LVU59
 192              		.loc 1 54 28 is_stmt 0 view .LVU60
 193 0030 1A44     		add	r2, r2, r3
 194              	.LVL18:
 195              		.loc 1 54 28 view .LVU61
 196 0032 92B2     		uxth	r2, r2
 197              		.loc 1 54 5 view .LVU62
 198 0034 013A     		subs	r2, r2, #1
 199              	.LVL19:
 200              	.LBB146:
 201              	.LBI146:
  40:display/display.c **** {
 202              		.loc 1 40 20 is_stmt 1 view .LVU63
 203              	.LBB147:
  42:display/display.c **** 	display_write_data(data & 0xFF);
 204              		.loc 1 42 5 view .LVU64
 205 0036 C2F30723 		ubfx	r3, r2, #8, #8
 206              	.LVL20:
 207              	.LBB148:
 208              	.LBI148:
  27:display/display.c **** {
 209              		.loc 1 27 20 view .LVU65
 210              	.LBB149:
  29:display/display.c ****     display_delay(1);
 211              		.loc 1 29 5 view .LVU66
  29:display/display.c ****     display_delay(1);
 212              		.loc 1 29 23 is_stmt 0 view .LVU67
 213 003a 2370     		strb	r3, [r4]
  30:display/display.c **** }
 214              		.loc 1 30 21 is_stmt 1 view .LVU68
 215              	.LVL21:
  30:display/display.c **** }
 216              		.loc 1 30 21 is_stmt 0 view .LVU69
 217              	.LBE149:
 218              	.LBE148:
  43:display/display.c **** }
 219              		.loc 1 43 2 is_stmt 1 view .LVU70
 220 003c D2B2     		uxtb	r2, r2
 221              	.LVL22:
 222              	.LBB150:
 223              	.LBI150:
  27:display/display.c **** {
 224              		.loc 1 27 20 view .LVU71
 225              	.LBB151:
  29:display/display.c ****     display_delay(1);
 226              		.loc 1 29 5 view .LVU72
  29:display/display.c ****     display_delay(1);
 227              		.loc 1 29 23 is_stmt 0 view .LVU73
 228 003e 2270     		strb	r2, [r4]
  30:display/display.c **** }
ARM GAS  /tmp/cck865xG.s 			page 7


 229              		.loc 1 30 21 is_stmt 1 view .LVU74
 230              	.LVL23:
  30:display/display.c **** }
 231              		.loc 1 30 21 is_stmt 0 view .LVU75
 232              	.LBE151:
 233              	.LBE150:
 234              	.LBE147:
 235              	.LBE146:
  55:display/display.c **** }
 236              		.loc 1 55 1 view .LVU76
 237 0040 70BC     		pop	{r4, r5, r6}
 238              	.LCFI1:
 239              		.cfi_restore 6
 240              		.cfi_restore 5
 241              		.cfi_restore 4
 242              		.cfi_def_cfa_offset 0
 243 0042 7047     		bx	lr
 244              	.L4:
 245              		.align	2
 246              	.L3:
 247 0044 00000460 		.word	1610874880
 248              		.cfi_endproc
 249              	.LFE130:
 251              		.section	.text.display_reset,"ax",%progbits
 252              		.align	1
 253              		.global	display_reset
 254              		.syntax unified
 255              		.thumb
 256              		.thumb_func
 257              		.fpu fpv4-sp-d16
 259              	display_reset:
 260              	.LFB131:
  56:display/display.c **** 
  57:display/display.c **** void display_reset(void)
  58:display/display.c **** {
 261              		.loc 1 58 1 is_stmt 1 view -0
 262              		.cfi_startproc
 263              		@ args = 0, pretend = 0, frame = 0
 264              		@ frame_needed = 0, uses_anonymous_args = 0
 265 0000 10B5     		push	{r4, lr}
 266              	.LCFI2:
 267              		.cfi_def_cfa_offset 8
 268              		.cfi_offset 4, -8
 269              		.cfi_offset 14, -4
  59:display/display.c ****     RESET_ACTIVE();
 270              		.loc 1 59 5 view .LVU78
 271 0002 0A4C     		ldr	r4, .L7
 272 0004 0022     		movs	r2, #0
 273 0006 4FF40061 		mov	r1, #2048
 274 000a 2046     		mov	r0, r4
 275 000c FFF7FEFF 		bl	HAL_GPIO_WritePin
 276              	.LVL24:
  60:display/display.c ****     HAL_Delay(2);
 277              		.loc 1 60 5 view .LVU79
 278 0010 0220     		movs	r0, #2
 279 0012 FFF7FEFF 		bl	HAL_Delay
 280              	.LVL25:
ARM GAS  /tmp/cck865xG.s 			page 8


  61:display/display.c ****     RESET_IDLE();
 281              		.loc 1 61 5 view .LVU80
 282 0016 0122     		movs	r2, #1
 283 0018 4FF40061 		mov	r1, #2048
 284 001c 2046     		mov	r0, r4
 285 001e FFF7FEFF 		bl	HAL_GPIO_WritePin
 286              	.LVL26:
  62:display/display.c ****     display_write_cmd(0x01); //Software Reset
 287              		.loc 1 62 5 view .LVU81
 288              	.LBB152:
 289              	.LBI152:
  21:display/display.c **** {
 290              		.loc 1 21 20 view .LVU82
 291              	.LBB153:
  23:display/display.c ****     display_delay(1);
 292              		.loc 1 23 5 view .LVU83
  23:display/display.c ****     display_delay(1);
 293              		.loc 1 23 22 is_stmt 0 view .LVU84
 294 0022 4FF0C043 		mov	r3, #1610612736
 295 0026 0122     		movs	r2, #1
 296 0028 1A70     		strb	r2, [r3]
  24:display/display.c **** }
 297              		.loc 1 24 21 is_stmt 1 view .LVU85
 298              	.LVL27:
  24:display/display.c **** }
 299              		.loc 1 24 21 is_stmt 0 view .LVU86
 300              	.LBE153:
 301              	.LBE152:
  63:display/display.c **** } 
 302              		.loc 1 63 1 view .LVU87
 303 002a 10BD     		pop	{r4, pc}
 304              	.L8:
 305              		.align	2
 306              	.L7:
 307 002c 00100240 		.word	1073876992
 308              		.cfi_endproc
 309              	.LFE131:
 311              		.section	.text.display_read_id,"ax",%progbits
 312              		.align	1
 313              		.global	display_read_id
 314              		.syntax unified
 315              		.thumb
 316              		.thumb_func
 317              		.fpu fpv4-sp-d16
 319              	display_read_id:
 320              	.LFB133:
  64:display/display.c **** 
  65:display/display.c **** void display_init(void)
  66:display/display.c **** {
  67:display/display.c ****     display_reset();
  68:display/display.c ****     HAL_Delay(1000);
  69:display/display.c **** 
  70:display/display.c ****     //Power Control 1
  71:display/display.c **** 	//–∑–∞–¥–∞—ë–º –≥—Ä–∞–¥–∞—Ü–∏—é —Å–µ—Ä–æ–≥–æ —Ü–≤–µ—Ç–∞
  72:display/display.c ****     display_write_cmd(LCD_POWER1);
  73:display/display.c ****     display_write_data(0x25);
  74:display/display.c **** 
ARM GAS  /tmp/cck865xG.s 			page 9


  75:display/display.c **** 	//Power Control 2
  76:display/display.c ****     //–Ω–∞—Å—Ç—Ä–æ–π–∫–∞ step up –ø—Ä–µ–æ–±—Ä–∞–∑–æ–≤–∞—Ç–µ–ª—è
  77:display/display.c ****     display_write_cmd(LCD_POWER2);
  78:display/display.c ****   	display_write_data(0x11);
  79:display/display.c **** 
  80:display/display.c **** 	//VCOM Control 1
  81:display/display.c ****     //–∫–æ–Ω—Ç—Ä–∞—Å—Ç–Ω–æ—Å—Ç—å –æ–ø—Ä–µ–¥–µ–ª—è–µ—Ç—Å—è —Ä–∞–∑–Ω–æ—Å—Ç—å—é VCOMH - VCOML = 5.2V
  82:display/display.c ****     //VCOMH = 3.825 //VCOML = -1.375
  83:display/display.c ****   	display_write_cmd(LCD_VCOM1);
  84:display/display.c ****     display_write_data(0x2B);
  85:display/display.c ****     display_write_data(0x2B);
  86:display/display.c **** 
  87:display/display.c **** 	//VCOM Control 2
  88:display/display.c ****   	//–Ω–∞ Vcom –ø–æ —Å—É—Ç–∏ –®–ò–ú, –∞ —Ç—É—Ç –º—ã –∑–∞–¥–∞–µ–º offset –¥–ª—è –Ω–µ–≥–æ
  89:display/display.c ****     //VML=58 VMH=58
  90:display/display.c ****     display_write_cmd(LCD_VCOM2);
  91:display/display.c ****     display_write_data(0x86);
  92:display/display.c **** 
  93:display/display.c **** 	//COLMOD: Pixel Format Set
  94:display/display.c ****   	//–æ–¥–∏–Ω –ø–∏–∫—Å–µ–ª—å –±—É–¥–µ—Ç –∫–æ–¥–∏—Ä–æ–≤–∞—Ç—å—Å—è 16 –±–∏—Ç–∞–º–∏
  95:display/display.c ****     display_write_cmd(LCD_PIXEL_FORMAT);
  96:display/display.c ****     display_write_data(0x55);
  97:display/display.c **** 
  98:display/display.c **** 	//Frame Rate Control
  99:display/display.c ****     //Frame Rate 79Hz
 100:display/display.c ****     display_write_cmd(LCD_FRMCTR1);
 101:display/display.c ****     display_write_data(0x00);
 102:display/display.c ****     display_write_data(0x18);
 103:display/display.c **** 
 104:display/display.c **** 
 105:display/display.c **** 	//Display Function Control
 106:display/display.c ****     //–≤–æ—Å—å–º–æ–π –±–∏—Ç –æ–ø—Ä–µ–¥–µ–ª—è–µ—Ç –Ω–æ—Ä–º–∞–ª—å–Ω—ã–π —Ü–≤–µ—Ç –∫—Ä–∏—Å—Ç–∞–ª–∞ –±–
 107:display/display.c ****     display_write_cmd(LCD_DFC);
 108:display/display.c ****     display_write_data(0x0A);
 109:display/display.c ****     display_write_data(0x82);
 110:display/display.c ****     display_write_data(0x27);
 111:display/display.c **** 
 112:display/display.c **** 	// Sleep Out
 113:display/display.c ****   	display_write_cmd(LCD_SLEEP_OUT);
 114:display/display.c **** 
 115:display/display.c **** 	HAL_Delay(120);
 116:display/display.c **** 
 117:display/display.c ****     //Memory Access Control
 118:display/display.c **** 	display_set_orientation(ILI9341_ORIENT_270);
 119:display/display.c **** 
 120:display/display.c **** 	//Display On
 121:display/display.c ****   	display_write_cmd(LCD_DISPLAY_ON);
 122:display/display.c ****     HAL_Delay(100);
 123:display/display.c ****     display_fill_area(0, 320, 0, 240, TFT_BLACK);
 124:display/display.c **** }
 125:display/display.c **** 
 126:display/display.c **** uint32_t display_read_id(void)
 127:display/display.c **** {
 321              		.loc 1 127 1 is_stmt 1 view -0
 322              		.cfi_startproc
 323              		@ args = 0, pretend = 0, frame = 0
 324              		@ frame_needed = 0, uses_anonymous_args = 0
ARM GAS  /tmp/cck865xG.s 			page 10


 325              		@ link register save eliminated.
 128:display/display.c ****     display_write_cmd(0xD3);
 326              		.loc 1 128 5 view .LVU89
 327              	.LVL28:
 328              	.LBB154:
 329              	.LBI154:
  21:display/display.c **** {
 330              		.loc 1 21 20 view .LVU90
 331              	.LBB155:
  23:display/display.c ****     display_delay(1);
 332              		.loc 1 23 5 view .LVU91
  23:display/display.c ****     display_delay(1);
 333              		.loc 1 23 22 is_stmt 0 view .LVU92
 334 0000 4FF0C043 		mov	r3, #1610612736
 335 0004 D322     		movs	r2, #211
 336 0006 1A70     		strb	r2, [r3]
  24:display/display.c **** }
 337              		.loc 1 24 21 is_stmt 1 view .LVU93
 338              	.LVL29:
  24:display/display.c **** }
 339              		.loc 1 24 21 is_stmt 0 view .LVU94
 340              	.LBE155:
 341              	.LBE154:
 129:display/display.c **** 
 130:display/display.c ****     uint32_t id = display_read_data() << 24;
 342              		.loc 1 130 5 is_stmt 1 view .LVU95
 343              	.LBB156:
 344              	.LBI156:
  33:display/display.c **** {
 345              		.loc 1 33 23 view .LVU96
 346              	.LBB157:
  35:display/display.c ****     display_delay(1);
 347              		.loc 1 35 5 view .LVU97
  35:display/display.c ****     display_delay(1);
 348              		.loc 1 35 13 is_stmt 0 view .LVU98
 349 0008 054A     		ldr	r2, .L10
 350 000a 1078     		ldrb	r0, [r2]	@ zero_extendqisi2
 351              	.LVL30:
  36:display/display.c ****     return data;
 352              		.loc 1 36 21 is_stmt 1 view .LVU99
  37:display/display.c **** }
 353              		.loc 1 37 5 view .LVU100
  37:display/display.c **** }
 354              		.loc 1 37 5 is_stmt 0 view .LVU101
 355              	.LBE157:
 356              	.LBE156:
 131:display/display.c ****     id |= display_read_data() << 16;
 357              		.loc 1 131 5 is_stmt 1 view .LVU102
 358              	.LBB158:
 359              	.LBI158:
  33:display/display.c **** {
 360              		.loc 1 33 23 view .LVU103
 361              	.LBB159:
  35:display/display.c ****     display_delay(1);
 362              		.loc 1 35 5 view .LVU104
  35:display/display.c ****     display_delay(1);
 363              		.loc 1 35 13 is_stmt 0 view .LVU105
ARM GAS  /tmp/cck865xG.s 			page 11


 364 000c 1378     		ldrb	r3, [r2]	@ zero_extendqisi2
 365              	.LVL31:
  36:display/display.c ****     return data;
 366              		.loc 1 36 21 is_stmt 1 view .LVU106
  37:display/display.c **** }
 367              		.loc 1 37 5 view .LVU107
  37:display/display.c **** }
 368              		.loc 1 37 5 is_stmt 0 view .LVU108
 369              	.LBE159:
 370              	.LBE158:
 371              		.loc 1 131 31 view .LVU109
 372 000e 1B04     		lsls	r3, r3, #16
 373              		.loc 1 131 8 view .LVU110
 374 0010 43EA0063 		orr	r3, r3, r0, lsl #24
 375              	.LVL32:
 132:display/display.c ****     id |= display_read_data() << 8;
 376              		.loc 1 132 5 is_stmt 1 view .LVU111
 377              	.LBB160:
 378              	.LBI160:
  33:display/display.c **** {
 379              		.loc 1 33 23 view .LVU112
 380              	.LBB161:
  35:display/display.c ****     display_delay(1);
 381              		.loc 1 35 5 view .LVU113
  35:display/display.c ****     display_delay(1);
 382              		.loc 1 35 13 is_stmt 0 view .LVU114
 383 0014 1078     		ldrb	r0, [r2]	@ zero_extendqisi2
 384              	.LVL33:
  36:display/display.c ****     return data;
 385              		.loc 1 36 21 is_stmt 1 view .LVU115
  37:display/display.c **** }
 386              		.loc 1 37 5 view .LVU116
  37:display/display.c **** }
 387              		.loc 1 37 5 is_stmt 0 view .LVU117
 388              	.LBE161:
 389              	.LBE160:
 390              		.loc 1 132 8 view .LVU118
 391 0016 43EA0023 		orr	r3, r3, r0, lsl #8
 392              	.LVL34:
 133:display/display.c ****     id |= display_read_data() & 0xFF;
 393              		.loc 1 133 5 is_stmt 1 view .LVU119
 394              	.LBB162:
 395              	.LBI162:
  33:display/display.c **** {
 396              		.loc 1 33 23 view .LVU120
 397              	.LBB163:
  35:display/display.c ****     display_delay(1);
 398              		.loc 1 35 5 view .LVU121
  35:display/display.c ****     display_delay(1);
 399              		.loc 1 35 13 is_stmt 0 view .LVU122
 400 001a 1078     		ldrb	r0, [r2]	@ zero_extendqisi2
 401              	.LVL35:
  36:display/display.c ****     return data;
 402              		.loc 1 36 21 is_stmt 1 view .LVU123
  37:display/display.c **** }
 403              		.loc 1 37 5 view .LVU124
  37:display/display.c **** }
ARM GAS  /tmp/cck865xG.s 			page 12


 404              		.loc 1 37 5 is_stmt 0 view .LVU125
 405              	.LBE163:
 406              	.LBE162:
 134:display/display.c ****     return id;
 407              		.loc 1 134 5 is_stmt 1 view .LVU126
 135:display/display.c **** }
 408              		.loc 1 135 1 is_stmt 0 view .LVU127
 409 001c 1843     		orrs	r0, r0, r3
 410              	.LVL36:
 411              		.loc 1 135 1 view .LVU128
 412 001e 7047     		bx	lr
 413              	.L11:
 414              		.align	2
 415              	.L10:
 416 0020 00000460 		.word	1610874880
 417              		.cfi_endproc
 418              	.LFE133:
 420              		.section	.text.display_set_orientation,"ax",%progbits
 421              		.align	1
 422              		.global	display_set_orientation
 423              		.syntax unified
 424              		.thumb
 425              		.thumb_func
 426              		.fpu fpv4-sp-d16
 428              	display_set_orientation:
 429              	.LVL37:
 430              	.LFB134:
 136:display/display.c **** 
 137:display/display.c **** void display_set_orientation(ili9341_orient_t orient)
 138:display/display.c **** {
 431              		.loc 1 138 1 is_stmt 1 view -0
 432              		.cfi_startproc
 433              		@ args = 0, pretend = 0, frame = 0
 434              		@ frame_needed = 0, uses_anonymous_args = 0
 435              		@ link register save eliminated.
 139:display/display.c ****     display_write_cmd(LCD_MAC);
 436              		.loc 1 139 5 view .LVU130
 437              	.LBB164:
 438              	.LBI164:
  21:display/display.c **** {
 439              		.loc 1 21 20 view .LVU131
 440              	.LBB165:
  23:display/display.c ****     display_delay(1);
 441              		.loc 1 23 5 view .LVU132
  23:display/display.c ****     display_delay(1);
 442              		.loc 1 23 22 is_stmt 0 view .LVU133
 443 0000 4FF0C043 		mov	r3, #1610612736
 444 0004 3622     		movs	r2, #54
 445 0006 1A70     		strb	r2, [r3]
  24:display/display.c **** }
 446              		.loc 1 24 21 is_stmt 1 view .LVU134
 447              	.LVL38:
  24:display/display.c **** }
 448              		.loc 1 24 21 is_stmt 0 view .LVU135
 449              	.LBE165:
 450              	.LBE164:
 140:display/display.c **** 
ARM GAS  /tmp/cck865xG.s 			page 13


 141:display/display.c ****     switch (orient)
 451              		.loc 1 141 5 is_stmt 1 view .LVU136
 452 0008 0328     		cmp	r0, #3
 453 000a 13D8     		bhi	.L13
 454 000c DFE800F0 		tbb	[pc, r0]
 455              	.L15:
 456 0010 02       		.byte	(.L18-.L15)/2
 457 0011 06       		.byte	(.L17-.L15)/2
 458 0012 0A       		.byte	(.L16-.L15)/2
 459 0013 0E       		.byte	(.L14-.L15)/2
 460              		.p2align 1
 461              	.L18:
 142:display/display.c ****     {
 143:display/display.c ****         case ILI9341_ORIENT_0:   display_write_data(0x48); break;
 462              		.loc 1 143 34 view .LVU137
 463              	.LVL39:
 464              	.LBB166:
 465              	.LBI166:
  27:display/display.c **** {
 466              		.loc 1 27 20 view .LVU138
 467              	.LBB167:
  29:display/display.c ****     display_delay(1);
 468              		.loc 1 29 5 view .LVU139
  29:display/display.c ****     display_delay(1);
 469              		.loc 1 29 23 is_stmt 0 view .LVU140
 470 0014 094B     		ldr	r3, .L20
 471 0016 4822     		movs	r2, #72
 472 0018 1A70     		strb	r2, [r3]
  30:display/display.c **** }
 473              		.loc 1 30 21 is_stmt 1 view .LVU141
  31:display/display.c **** 
 474              		.loc 1 31 1 is_stmt 0 view .LVU142
 475 001a 7047     		bx	lr
 476              	.LVL40:
 477              	.L17:
  31:display/display.c **** 
 478              		.loc 1 31 1 view .LVU143
 479              	.LBE167:
 480              	.LBE166:
 144:display/display.c ****         case ILI9341_ORIENT_90:  display_write_data(0x28); break;
 481              		.loc 1 144 34 is_stmt 1 view .LVU144
 482              	.LBB168:
 483              	.LBI168:
  27:display/display.c **** {
 484              		.loc 1 27 20 view .LVU145
 485              	.LBB169:
  29:display/display.c ****     display_delay(1);
 486              		.loc 1 29 5 view .LVU146
  29:display/display.c ****     display_delay(1);
 487              		.loc 1 29 23 is_stmt 0 view .LVU147
 488 001c 074B     		ldr	r3, .L20
 489 001e 2822     		movs	r2, #40
 490 0020 1A70     		strb	r2, [r3]
  30:display/display.c **** }
 491              		.loc 1 30 21 is_stmt 1 view .LVU148
  31:display/display.c **** 
 492              		.loc 1 31 1 is_stmt 0 view .LVU149
ARM GAS  /tmp/cck865xG.s 			page 14


 493 0022 7047     		bx	lr
 494              	.LVL41:
 495              	.L16:
  31:display/display.c **** 
 496              		.loc 1 31 1 view .LVU150
 497              	.LBE169:
 498              	.LBE168:
 145:display/display.c ****         case ILI9341_ORIENT_180: display_write_data(0x88); break;
 499              		.loc 1 145 34 is_stmt 1 view .LVU151
 500              	.LBB170:
 501              	.LBI170:
  27:display/display.c **** {
 502              		.loc 1 27 20 view .LVU152
 503              	.LBB171:
  29:display/display.c ****     display_delay(1);
 504              		.loc 1 29 5 view .LVU153
  29:display/display.c ****     display_delay(1);
 505              		.loc 1 29 23 is_stmt 0 view .LVU154
 506 0024 054B     		ldr	r3, .L20
 507 0026 8822     		movs	r2, #136
 508 0028 1A70     		strb	r2, [r3]
  30:display/display.c **** }
 509              		.loc 1 30 21 is_stmt 1 view .LVU155
  31:display/display.c **** 
 510              		.loc 1 31 1 is_stmt 0 view .LVU156
 511 002a 7047     		bx	lr
 512              	.LVL42:
 513              	.L14:
  31:display/display.c **** 
 514              		.loc 1 31 1 view .LVU157
 515              	.LBE171:
 516              	.LBE170:
 146:display/display.c ****         case ILI9341_ORIENT_270: display_write_data(0xE8); break;
 517              		.loc 1 146 34 is_stmt 1 view .LVU158
 518              	.LBB172:
 519              	.LBI172:
  27:display/display.c **** {
 520              		.loc 1 27 20 view .LVU159
 521              	.LBB173:
  29:display/display.c ****     display_delay(1);
 522              		.loc 1 29 5 view .LVU160
  29:display/display.c ****     display_delay(1);
 523              		.loc 1 29 23 is_stmt 0 view .LVU161
 524 002c 034B     		ldr	r3, .L20
 525 002e E822     		movs	r2, #232
 526 0030 1A70     		strb	r2, [r3]
  30:display/display.c **** }
 527              		.loc 1 30 21 is_stmt 1 view .LVU162
  31:display/display.c **** 
 528              		.loc 1 31 1 is_stmt 0 view .LVU163
 529 0032 7047     		bx	lr
 530              	.LVL43:
 531              	.L13:
  31:display/display.c **** 
 532              		.loc 1 31 1 view .LVU164
 533              	.LBE173:
 534              	.LBE172:
ARM GAS  /tmp/cck865xG.s 			page 15


 147:display/display.c ****         default: display_write_data(LCD_NOP); break;
 535              		.loc 1 147 18 is_stmt 1 view .LVU165
 536              	.LBB174:
 537              	.LBI174:
  27:display/display.c **** {
 538              		.loc 1 27 20 view .LVU166
 539              	.LBB175:
  29:display/display.c ****     display_delay(1);
 540              		.loc 1 29 5 view .LVU167
  29:display/display.c ****     display_delay(1);
 541              		.loc 1 29 23 is_stmt 0 view .LVU168
 542 0034 014B     		ldr	r3, .L20
 543 0036 0022     		movs	r2, #0
 544 0038 1A70     		strb	r2, [r3]
  30:display/display.c **** }
 545              		.loc 1 30 21 is_stmt 1 view .LVU169
 546              	.LVL44:
  30:display/display.c **** }
 547              		.loc 1 30 21 is_stmt 0 view .LVU170
 548              	.LBE175:
 549              	.LBE174:
 148:display/display.c ****     }
 149:display/display.c **** }
 550              		.loc 1 149 1 view .LVU171
 551 003a 7047     		bx	lr
 552              	.L21:
 553              		.align	2
 554              	.L20:
 555 003c 00000460 		.word	1610874880
 556              		.cfi_endproc
 557              	.LFE134:
 559              		.section	.text.display_draw_pixel,"ax",%progbits
 560              		.align	1
 561              		.global	display_draw_pixel
 562              		.syntax unified
 563              		.thumb
 564              		.thumb_func
 565              		.fpu fpv4-sp-d16
 567              	display_draw_pixel:
 568              	.LVL45:
 569              	.LFB135:
 150:display/display.c **** 
 151:display/display.c **** void display_draw_pixel(int x, int y, display_color_t color)
 152:display/display.c **** {
 570              		.loc 1 152 1 is_stmt 1 view -0
 571              		.cfi_startproc
 572              		@ args = 0, pretend = 0, frame = 0
 573              		@ frame_needed = 0, uses_anonymous_args = 0
 574              		.loc 1 152 1 is_stmt 0 view .LVU173
 575 0000 10B5     		push	{r4, lr}
 576              	.LCFI3:
 577              		.cfi_def_cfa_offset 8
 578              		.cfi_offset 4, -8
 579              		.cfi_offset 14, -4
 580 0002 1446     		mov	r4, r2
 153:display/display.c **** 	display_set_window(x,y,x,y);
 581              		.loc 1 153 2 is_stmt 1 view .LVU174
ARM GAS  /tmp/cck865xG.s 			page 16


 582 0004 80B2     		uxth	r0, r0
 583              	.LVL46:
 584              		.loc 1 153 2 is_stmt 0 view .LVU175
 585 0006 89B2     		uxth	r1, r1
 586              	.LVL47:
 587              		.loc 1 153 2 view .LVU176
 588 0008 0B46     		mov	r3, r1
 589 000a 0246     		mov	r2, r0
 590              	.LVL48:
 591              		.loc 1 153 2 view .LVU177
 592 000c FFF7FEFF 		bl	display_set_window
 593              	.LVL49:
 154:display/display.c **** 	display_write_cmd(0x2C);
 594              		.loc 1 154 2 is_stmt 1 view .LVU178
 595              	.LBB176:
 596              	.LBI176:
  21:display/display.c **** {
 597              		.loc 1 21 20 view .LVU179
 598              	.LBB177:
  23:display/display.c ****     display_delay(1);
 599              		.loc 1 23 5 view .LVU180
  23:display/display.c ****     display_delay(1);
 600              		.loc 1 23 22 is_stmt 0 view .LVU181
 601 0010 4FF0C043 		mov	r3, #1610612736
 602 0014 2C22     		movs	r2, #44
 603 0016 1A70     		strb	r2, [r3]
  24:display/display.c **** }
 604              		.loc 1 24 21 is_stmt 1 view .LVU182
 605              	.LVL50:
  24:display/display.c **** }
 606              		.loc 1 24 21 is_stmt 0 view .LVU183
 607              	.LBE177:
 608              	.LBE176:
 155:display/display.c **** 	display_write_data16(color);
 609              		.loc 1 155 2 is_stmt 1 view .LVU184
 610              	.LBB178:
 611              	.LBI178:
  40:display/display.c **** {
 612              		.loc 1 40 20 view .LVU185
 613              	.LBB179:
  42:display/display.c **** 	display_write_data(data & 0xFF);
 614              		.loc 1 42 5 view .LVU186
 615 0018 220A     		lsrs	r2, r4, #8
 616              	.LVL51:
 617              	.LBB180:
 618              	.LBI180:
  27:display/display.c **** {
 619              		.loc 1 27 20 view .LVU187
 620              	.LBB181:
  29:display/display.c ****     display_delay(1);
 621              		.loc 1 29 5 view .LVU188
  29:display/display.c ****     display_delay(1);
 622              		.loc 1 29 23 is_stmt 0 view .LVU189
 623 001a 03F58023 		add	r3, r3, #262144
 624 001e 1A70     		strb	r2, [r3]
  30:display/display.c **** }
 625              		.loc 1 30 21 is_stmt 1 view .LVU190
ARM GAS  /tmp/cck865xG.s 			page 17


 626              	.LVL52:
  30:display/display.c **** }
 627              		.loc 1 30 21 is_stmt 0 view .LVU191
 628              	.LBE181:
 629              	.LBE180:
  43:display/display.c **** }
 630              		.loc 1 43 2 is_stmt 1 view .LVU192
 631 0020 E4B2     		uxtb	r4, r4
 632              	.LVL53:
 633              	.LBB182:
 634              	.LBI182:
  27:display/display.c **** {
 635              		.loc 1 27 20 view .LVU193
 636              	.LBB183:
  29:display/display.c ****     display_delay(1);
 637              		.loc 1 29 5 view .LVU194
  29:display/display.c ****     display_delay(1);
 638              		.loc 1 29 23 is_stmt 0 view .LVU195
 639 0022 1C70     		strb	r4, [r3]
  30:display/display.c **** }
 640              		.loc 1 30 21 is_stmt 1 view .LVU196
 641              	.LVL54:
  30:display/display.c **** }
 642              		.loc 1 30 21 is_stmt 0 view .LVU197
 643              	.LBE183:
 644              	.LBE182:
 645              	.LBE179:
 646              	.LBE178:
 156:display/display.c **** }
 647              		.loc 1 156 1 view .LVU198
 648 0024 10BD     		pop	{r4, pc}
 649              		.cfi_endproc
 650              	.LFE135:
 652              		.section	.text.display_fill_area,"ax",%progbits
 653              		.align	1
 654              		.global	display_fill_area
 655              		.syntax unified
 656              		.thumb
 657              		.thumb_func
 658              		.fpu fpv4-sp-d16
 660              	display_fill_area:
 661              	.LVL55:
 662              	.LFB136:
 157:display/display.c **** 
 158:display/display.c **** // 0 50 0 50
 159:display/display.c **** void display_fill_area(uint16_t x, uint16_t w, uint16_t y, uint16_t h, uint16_t color)
 160:display/display.c **** {
 663              		.loc 1 160 1 is_stmt 1 view -0
 664              		.cfi_startproc
 665              		@ args = 4, pretend = 0, frame = 0
 666              		@ frame_needed = 0, uses_anonymous_args = 0
 667              		.loc 1 160 1 is_stmt 0 view .LVU200
 668 0000 F8B5     		push	{r3, r4, r5, r6, r7, lr}
 669              	.LCFI4:
 670              		.cfi_def_cfa_offset 24
 671              		.cfi_offset 3, -24
 672              		.cfi_offset 4, -20
ARM GAS  /tmp/cck865xG.s 			page 18


 673              		.cfi_offset 5, -16
 674              		.cfi_offset 6, -12
 675              		.cfi_offset 7, -8
 676              		.cfi_offset 14, -4
 677 0002 0F46     		mov	r7, r1
 678 0004 1E46     		mov	r6, r3
 679 0006 BDF81850 		ldrh	r5, [sp, #24]
 161:display/display.c ****     display_set_window(x, w, y, h);
 680              		.loc 1 161 5 is_stmt 1 view .LVU201
 681 000a FFF7FEFF 		bl	display_set_window
 682              	.LVL56:
 162:display/display.c ****     display_write_cmd(LCD_GRAM);
 683              		.loc 1 162 5 view .LVU202
 684              	.LBB184:
 685              	.LBI184:
  21:display/display.c **** {
 686              		.loc 1 21 20 view .LVU203
 687              	.LBB185:
  23:display/display.c ****     display_delay(1);
 688              		.loc 1 23 5 view .LVU204
  23:display/display.c ****     display_delay(1);
 689              		.loc 1 23 22 is_stmt 0 view .LVU205
 690 000e 4FF0C043 		mov	r3, #1610612736
 691 0012 2C22     		movs	r2, #44
 692 0014 1A70     		strb	r2, [r3]
 693              	.LVL57:
  24:display/display.c **** }
 694              		.loc 1 24 21 is_stmt 1 view .LVU206
  24:display/display.c **** }
 695              		.loc 1 24 21 is_stmt 0 view .LVU207
 696              	.LBE185:
 697              	.LBE184:
 163:display/display.c **** 
 164:display/display.c ****     for (uint32_t i = 0; i < (w * h); ++i)
 698              		.loc 1 164 5 is_stmt 1 view .LVU208
 699              	.LBB186:
 700              		.loc 1 164 10 view .LVU209
 701              		.loc 1 164 19 is_stmt 0 view .LVU210
 702 0016 0020     		movs	r0, #0
 703              	.LVL58:
 704              	.L25:
 705              		.loc 1 164 26 is_stmt 1 discriminator 1 view .LVU211
 706              		.loc 1 164 33 is_stmt 0 discriminator 1 view .LVU212
 707 0018 06FB07F2 		mul	r2, r6, r7
 708              		.loc 1 164 5 discriminator 1 view .LVU213
 709 001c 8242     		cmp	r2, r0
 710 001e 06D9     		bls	.L28
 165:display/display.c ****     {
 166:display/display.c ****         display_write_data16(color);
 711              		.loc 1 166 9 is_stmt 1 view .LVU214
 712              	.LVL59:
 713              	.LBB187:
 714              	.LBI187:
  40:display/display.c **** {
 715              		.loc 1 40 20 view .LVU215
 716              	.LBB188:
  42:display/display.c **** 	display_write_data(data & 0xFF);
ARM GAS  /tmp/cck865xG.s 			page 19


 717              		.loc 1 42 5 view .LVU216
 718 0020 2A0A     		lsrs	r2, r5, #8
 719              	.LBB189:
 720              	.LBI189:
  27:display/display.c **** {
 721              		.loc 1 27 20 view .LVU217
 722              	.LBB190:
  29:display/display.c ****     display_delay(1);
 723              		.loc 1 29 5 view .LVU218
  29:display/display.c ****     display_delay(1);
 724              		.loc 1 29 23 is_stmt 0 view .LVU219
 725 0022 034C     		ldr	r4, .L29
 726 0024 2270     		strb	r2, [r4]
  30:display/display.c **** }
 727              		.loc 1 30 21 is_stmt 1 view .LVU220
 728              	.LBE190:
 729              	.LBE189:
  43:display/display.c **** }
 730              		.loc 1 43 2 view .LVU221
 731 0026 EBB2     		uxtb	r3, r5
 732              	.LVL60:
 733              	.LBB191:
 734              	.LBI191:
  27:display/display.c **** {
 735              		.loc 1 27 20 view .LVU222
 736              	.LBB192:
  29:display/display.c ****     display_delay(1);
 737              		.loc 1 29 5 view .LVU223
  29:display/display.c ****     display_delay(1);
 738              		.loc 1 29 23 is_stmt 0 view .LVU224
 739 0028 2370     		strb	r3, [r4]
  30:display/display.c **** }
 740              		.loc 1 30 21 is_stmt 1 view .LVU225
 741              	.LVL61:
  30:display/display.c **** }
 742              		.loc 1 30 21 is_stmt 0 view .LVU226
 743              	.LBE192:
 744              	.LBE191:
 745              	.LBE188:
 746              	.LBE187:
 164:display/display.c ****     {
 747              		.loc 1 164 39 is_stmt 1 view .LVU227
 748 002a 0130     		adds	r0, r0, #1
 749              	.LVL62:
 164:display/display.c ****     {
 750              		.loc 1 164 39 is_stmt 0 view .LVU228
 751 002c F4E7     		b	.L25
 752              	.L28:
 164:display/display.c ****     {
 753              		.loc 1 164 39 view .LVU229
 754              	.LBE186:
 167:display/display.c ****     }
 168:display/display.c **** }
 755              		.loc 1 168 1 view .LVU230
 756 002e F8BD     		pop	{r3, r4, r5, r6, r7, pc}
 757              	.L30:
 758              		.align	2
ARM GAS  /tmp/cck865xG.s 			page 20


 759              	.L29:
 760 0030 00000460 		.word	1610874880
 761              		.cfi_endproc
 762              	.LFE136:
 764              		.section	.text.display_init,"ax",%progbits
 765              		.align	1
 766              		.global	display_init
 767              		.syntax unified
 768              		.thumb
 769              		.thumb_func
 770              		.fpu fpv4-sp-d16
 772              	display_init:
 773              	.LFB132:
  66:display/display.c ****     display_reset();
 774              		.loc 1 66 1 is_stmt 1 view -0
 775              		.cfi_startproc
 776              		@ args = 0, pretend = 0, frame = 0
 777              		@ frame_needed = 0, uses_anonymous_args = 0
 778 0000 30B5     		push	{r4, r5, lr}
 779              	.LCFI5:
 780              		.cfi_def_cfa_offset 12
 781              		.cfi_offset 4, -12
 782              		.cfi_offset 5, -8
 783              		.cfi_offset 14, -4
 784 0002 83B0     		sub	sp, sp, #12
 785              	.LCFI6:
 786              		.cfi_def_cfa_offset 24
  67:display/display.c ****     HAL_Delay(1000);
 787              		.loc 1 67 5 view .LVU232
 788 0004 FFF7FEFF 		bl	display_reset
 789              	.LVL63:
  68:display/display.c **** 
 790              		.loc 1 68 5 view .LVU233
 791 0008 4FF47A70 		mov	r0, #1000
 792 000c FFF7FEFF 		bl	HAL_Delay
 793              	.LVL64:
  72:display/display.c ****     display_write_data(0x25);
 794              		.loc 1 72 5 view .LVU234
 795              	.LBB193:
 796              	.LBI193:
  21:display/display.c **** {
 797              		.loc 1 21 20 view .LVU235
 798              	.LBB194:
  23:display/display.c ****     display_delay(1);
 799              		.loc 1 23 5 view .LVU236
  23:display/display.c ****     display_delay(1);
 800              		.loc 1 23 22 is_stmt 0 view .LVU237
 801 0010 4FF0C044 		mov	r4, #1610612736
 802 0014 C023     		movs	r3, #192
 803 0016 2370     		strb	r3, [r4]
  24:display/display.c **** }
 804              		.loc 1 24 21 is_stmt 1 view .LVU238
 805              	.LVL65:
  24:display/display.c **** }
 806              		.loc 1 24 21 is_stmt 0 view .LVU239
 807              	.LBE194:
 808              	.LBE193:
ARM GAS  /tmp/cck865xG.s 			page 21


  73:display/display.c **** 
 809              		.loc 1 73 5 is_stmt 1 view .LVU240
 810              	.LBB195:
 811              	.LBI195:
  27:display/display.c **** {
 812              		.loc 1 27 20 view .LVU241
 813              	.LBB196:
  29:display/display.c ****     display_delay(1);
 814              		.loc 1 29 5 view .LVU242
  29:display/display.c ****     display_delay(1);
 815              		.loc 1 29 23 is_stmt 0 view .LVU243
 816 0018 1B4B     		ldr	r3, .L33
 817 001a 2522     		movs	r2, #37
 818 001c 1A70     		strb	r2, [r3]
  30:display/display.c **** }
 819              		.loc 1 30 21 is_stmt 1 view .LVU244
 820              	.LVL66:
  30:display/display.c **** }
 821              		.loc 1 30 21 is_stmt 0 view .LVU245
 822              	.LBE196:
 823              	.LBE195:
  77:display/display.c ****   	display_write_data(0x11);
 824              		.loc 1 77 5 is_stmt 1 view .LVU246
 825              	.LBB197:
 826              	.LBI197:
  21:display/display.c **** {
 827              		.loc 1 21 20 view .LVU247
 828              	.LBB198:
  23:display/display.c ****     display_delay(1);
 829              		.loc 1 23 5 view .LVU248
  23:display/display.c ****     display_delay(1);
 830              		.loc 1 23 22 is_stmt 0 view .LVU249
 831 001e C122     		movs	r2, #193
 832 0020 2270     		strb	r2, [r4]
  24:display/display.c **** }
 833              		.loc 1 24 21 is_stmt 1 view .LVU250
 834              	.LVL67:
  24:display/display.c **** }
 835              		.loc 1 24 21 is_stmt 0 view .LVU251
 836              	.LBE198:
 837              	.LBE197:
  78:display/display.c **** 
 838              		.loc 1 78 4 is_stmt 1 view .LVU252
 839              	.LBB199:
 840              	.LBI199:
  27:display/display.c **** {
 841              		.loc 1 27 20 view .LVU253
 842              	.LBB200:
  29:display/display.c ****     display_delay(1);
 843              		.loc 1 29 5 view .LVU254
  29:display/display.c ****     display_delay(1);
 844              		.loc 1 29 23 is_stmt 0 view .LVU255
 845 0022 1122     		movs	r2, #17
 846 0024 1A70     		strb	r2, [r3]
  30:display/display.c **** }
 847              		.loc 1 30 21 is_stmt 1 view .LVU256
 848              	.LVL68:
ARM GAS  /tmp/cck865xG.s 			page 22


  30:display/display.c **** }
 849              		.loc 1 30 21 is_stmt 0 view .LVU257
 850              	.LBE200:
 851              	.LBE199:
  83:display/display.c ****     display_write_data(0x2B);
 852              		.loc 1 83 4 is_stmt 1 view .LVU258
 853              	.LBB201:
 854              	.LBI201:
  21:display/display.c **** {
 855              		.loc 1 21 20 view .LVU259
 856              	.LBB202:
  23:display/display.c ****     display_delay(1);
 857              		.loc 1 23 5 view .LVU260
  23:display/display.c ****     display_delay(1);
 858              		.loc 1 23 22 is_stmt 0 view .LVU261
 859 0026 C521     		movs	r1, #197
 860 0028 2170     		strb	r1, [r4]
  24:display/display.c **** }
 861              		.loc 1 24 21 is_stmt 1 view .LVU262
 862              	.LVL69:
  24:display/display.c **** }
 863              		.loc 1 24 21 is_stmt 0 view .LVU263
 864              	.LBE202:
 865              	.LBE201:
  84:display/display.c ****     display_write_data(0x2B);
 866              		.loc 1 84 5 is_stmt 1 view .LVU264
 867              	.LBB203:
 868              	.LBI203:
  27:display/display.c **** {
 869              		.loc 1 27 20 view .LVU265
 870              	.LBB204:
  29:display/display.c ****     display_delay(1);
 871              		.loc 1 29 5 view .LVU266
  29:display/display.c ****     display_delay(1);
 872              		.loc 1 29 23 is_stmt 0 view .LVU267
 873 002a 2B21     		movs	r1, #43
 874 002c 1970     		strb	r1, [r3]
  30:display/display.c **** }
 875              		.loc 1 30 21 is_stmt 1 view .LVU268
 876              	.LVL70:
  30:display/display.c **** }
 877              		.loc 1 30 21 is_stmt 0 view .LVU269
 878              	.LBE204:
 879              	.LBE203:
  85:display/display.c **** 
 880              		.loc 1 85 5 is_stmt 1 view .LVU270
 881              	.LBB205:
 882              	.LBI205:
  27:display/display.c **** {
 883              		.loc 1 27 20 view .LVU271
 884              	.LBB206:
  29:display/display.c ****     display_delay(1);
 885              		.loc 1 29 5 view .LVU272
  29:display/display.c ****     display_delay(1);
 886              		.loc 1 29 23 is_stmt 0 view .LVU273
 887 002e 1970     		strb	r1, [r3]
  30:display/display.c **** }
ARM GAS  /tmp/cck865xG.s 			page 23


 888              		.loc 1 30 21 is_stmt 1 view .LVU274
 889              	.LVL71:
  30:display/display.c **** }
 890              		.loc 1 30 21 is_stmt 0 view .LVU275
 891              	.LBE206:
 892              	.LBE205:
  90:display/display.c ****     display_write_data(0x86);
 893              		.loc 1 90 5 is_stmt 1 view .LVU276
 894              	.LBB207:
 895              	.LBI207:
  21:display/display.c **** {
 896              		.loc 1 21 20 view .LVU277
 897              	.LBB208:
  23:display/display.c ****     display_delay(1);
 898              		.loc 1 23 5 view .LVU278
  23:display/display.c ****     display_delay(1);
 899              		.loc 1 23 22 is_stmt 0 view .LVU279
 900 0030 C721     		movs	r1, #199
 901 0032 2170     		strb	r1, [r4]
  24:display/display.c **** }
 902              		.loc 1 24 21 is_stmt 1 view .LVU280
 903              	.LVL72:
  24:display/display.c **** }
 904              		.loc 1 24 21 is_stmt 0 view .LVU281
 905              	.LBE208:
 906              	.LBE207:
  91:display/display.c **** 
 907              		.loc 1 91 5 is_stmt 1 view .LVU282
 908              	.LBB209:
 909              	.LBI209:
  27:display/display.c **** {
 910              		.loc 1 27 20 view .LVU283
 911              	.LBB210:
  29:display/display.c ****     display_delay(1);
 912              		.loc 1 29 5 view .LVU284
  29:display/display.c ****     display_delay(1);
 913              		.loc 1 29 23 is_stmt 0 view .LVU285
 914 0034 8621     		movs	r1, #134
 915 0036 1970     		strb	r1, [r3]
  30:display/display.c **** }
 916              		.loc 1 30 21 is_stmt 1 view .LVU286
 917              	.LVL73:
  30:display/display.c **** }
 918              		.loc 1 30 21 is_stmt 0 view .LVU287
 919              	.LBE210:
 920              	.LBE209:
  95:display/display.c ****     display_write_data(0x55);
 921              		.loc 1 95 5 is_stmt 1 view .LVU288
 922              	.LBB211:
 923              	.LBI211:
  21:display/display.c **** {
 924              		.loc 1 21 20 view .LVU289
 925              	.LBB212:
  23:display/display.c ****     display_delay(1);
 926              		.loc 1 23 5 view .LVU290
  23:display/display.c ****     display_delay(1);
 927              		.loc 1 23 22 is_stmt 0 view .LVU291
ARM GAS  /tmp/cck865xG.s 			page 24


 928 0038 3A21     		movs	r1, #58
 929 003a 2170     		strb	r1, [r4]
  24:display/display.c **** }
 930              		.loc 1 24 21 is_stmt 1 view .LVU292
 931              	.LVL74:
  24:display/display.c **** }
 932              		.loc 1 24 21 is_stmt 0 view .LVU293
 933              	.LBE212:
 934              	.LBE211:
  96:display/display.c **** 
 935              		.loc 1 96 5 is_stmt 1 view .LVU294
 936              	.LBB213:
 937              	.LBI213:
  27:display/display.c **** {
 938              		.loc 1 27 20 view .LVU295
 939              	.LBB214:
  29:display/display.c ****     display_delay(1);
 940              		.loc 1 29 5 view .LVU296
  29:display/display.c ****     display_delay(1);
 941              		.loc 1 29 23 is_stmt 0 view .LVU297
 942 003c 5521     		movs	r1, #85
 943 003e 1970     		strb	r1, [r3]
  30:display/display.c **** }
 944              		.loc 1 30 21 is_stmt 1 view .LVU298
 945              	.LVL75:
  30:display/display.c **** }
 946              		.loc 1 30 21 is_stmt 0 view .LVU299
 947              	.LBE214:
 948              	.LBE213:
 100:display/display.c ****     display_write_data(0x00);
 949              		.loc 1 100 5 is_stmt 1 view .LVU300
 950              	.LBB215:
 951              	.LBI215:
  21:display/display.c **** {
 952              		.loc 1 21 20 view .LVU301
 953              	.LBB216:
  23:display/display.c ****     display_delay(1);
 954              		.loc 1 23 5 view .LVU302
  23:display/display.c ****     display_delay(1);
 955              		.loc 1 23 22 is_stmt 0 view .LVU303
 956 0040 B121     		movs	r1, #177
 957 0042 2170     		strb	r1, [r4]
  24:display/display.c **** }
 958              		.loc 1 24 21 is_stmt 1 view .LVU304
 959              	.LVL76:
  24:display/display.c **** }
 960              		.loc 1 24 21 is_stmt 0 view .LVU305
 961              	.LBE216:
 962              	.LBE215:
 101:display/display.c ****     display_write_data(0x18);
 963              		.loc 1 101 5 is_stmt 1 view .LVU306
 964              	.LBB217:
 965              	.LBI217:
  27:display/display.c **** {
 966              		.loc 1 27 20 view .LVU307
 967              	.LBB218:
  29:display/display.c ****     display_delay(1);
ARM GAS  /tmp/cck865xG.s 			page 25


 968              		.loc 1 29 5 view .LVU308
  29:display/display.c ****     display_delay(1);
 969              		.loc 1 29 23 is_stmt 0 view .LVU309
 970 0044 0025     		movs	r5, #0
 971 0046 1D70     		strb	r5, [r3]
  30:display/display.c **** }
 972              		.loc 1 30 21 is_stmt 1 view .LVU310
 973              	.LVL77:
  30:display/display.c **** }
 974              		.loc 1 30 21 is_stmt 0 view .LVU311
 975              	.LBE218:
 976              	.LBE217:
 102:display/display.c **** 
 977              		.loc 1 102 5 is_stmt 1 view .LVU312
 978              	.LBB219:
 979              	.LBI219:
  27:display/display.c **** {
 980              		.loc 1 27 20 view .LVU313
 981              	.LBB220:
  29:display/display.c ****     display_delay(1);
 982              		.loc 1 29 5 view .LVU314
  29:display/display.c ****     display_delay(1);
 983              		.loc 1 29 23 is_stmt 0 view .LVU315
 984 0048 1821     		movs	r1, #24
 985 004a 1970     		strb	r1, [r3]
  30:display/display.c **** }
 986              		.loc 1 30 21 is_stmt 1 view .LVU316
 987              	.LVL78:
  30:display/display.c **** }
 988              		.loc 1 30 21 is_stmt 0 view .LVU317
 989              	.LBE220:
 990              	.LBE219:
 107:display/display.c ****     display_write_data(0x0A);
 991              		.loc 1 107 5 is_stmt 1 view .LVU318
 992              	.LBB221:
 993              	.LBI221:
  21:display/display.c **** {
 994              		.loc 1 21 20 view .LVU319
 995              	.LBB222:
  23:display/display.c ****     display_delay(1);
 996              		.loc 1 23 5 view .LVU320
  23:display/display.c ****     display_delay(1);
 997              		.loc 1 23 22 is_stmt 0 view .LVU321
 998 004c B621     		movs	r1, #182
 999 004e 2170     		strb	r1, [r4]
  24:display/display.c **** }
 1000              		.loc 1 24 21 is_stmt 1 view .LVU322
 1001              	.LVL79:
  24:display/display.c **** }
 1002              		.loc 1 24 21 is_stmt 0 view .LVU323
 1003              	.LBE222:
 1004              	.LBE221:
 108:display/display.c ****     display_write_data(0x82);
 1005              		.loc 1 108 5 is_stmt 1 view .LVU324
 1006              	.LBB223:
 1007              	.LBI223:
  27:display/display.c **** {
ARM GAS  /tmp/cck865xG.s 			page 26


 1008              		.loc 1 27 20 view .LVU325
 1009              	.LBB224:
  29:display/display.c ****     display_delay(1);
 1010              		.loc 1 29 5 view .LVU326
  29:display/display.c ****     display_delay(1);
 1011              		.loc 1 29 23 is_stmt 0 view .LVU327
 1012 0050 0A21     		movs	r1, #10
 1013 0052 1970     		strb	r1, [r3]
  30:display/display.c **** }
 1014              		.loc 1 30 21 is_stmt 1 view .LVU328
 1015              	.LVL80:
  30:display/display.c **** }
 1016              		.loc 1 30 21 is_stmt 0 view .LVU329
 1017              	.LBE224:
 1018              	.LBE223:
 109:display/display.c ****     display_write_data(0x27);
 1019              		.loc 1 109 5 is_stmt 1 view .LVU330
 1020              	.LBB225:
 1021              	.LBI225:
  27:display/display.c **** {
 1022              		.loc 1 27 20 view .LVU331
 1023              	.LBB226:
  29:display/display.c ****     display_delay(1);
 1024              		.loc 1 29 5 view .LVU332
  29:display/display.c ****     display_delay(1);
 1025              		.loc 1 29 23 is_stmt 0 view .LVU333
 1026 0054 8221     		movs	r1, #130
 1027 0056 1970     		strb	r1, [r3]
  30:display/display.c **** }
 1028              		.loc 1 30 21 is_stmt 1 view .LVU334
 1029              	.LVL81:
  30:display/display.c **** }
 1030              		.loc 1 30 21 is_stmt 0 view .LVU335
 1031              	.LBE226:
 1032              	.LBE225:
 110:display/display.c **** 
 1033              		.loc 1 110 5 is_stmt 1 view .LVU336
 1034              	.LBB227:
 1035              	.LBI227:
  27:display/display.c **** {
 1036              		.loc 1 27 20 view .LVU337
 1037              	.LBB228:
  29:display/display.c ****     display_delay(1);
 1038              		.loc 1 29 5 view .LVU338
  29:display/display.c ****     display_delay(1);
 1039              		.loc 1 29 23 is_stmt 0 view .LVU339
 1040 0058 2721     		movs	r1, #39
 1041 005a 1970     		strb	r1, [r3]
  30:display/display.c **** }
 1042              		.loc 1 30 21 is_stmt 1 view .LVU340
 1043              	.LVL82:
  30:display/display.c **** }
 1044              		.loc 1 30 21 is_stmt 0 view .LVU341
 1045              	.LBE228:
 1046              	.LBE227:
 113:display/display.c **** 
 1047              		.loc 1 113 4 is_stmt 1 view .LVU342
ARM GAS  /tmp/cck865xG.s 			page 27


 1048              	.LBB229:
 1049              	.LBI229:
  21:display/display.c **** {
 1050              		.loc 1 21 20 view .LVU343
 1051              	.LBB230:
  23:display/display.c ****     display_delay(1);
 1052              		.loc 1 23 5 view .LVU344
  23:display/display.c ****     display_delay(1);
 1053              		.loc 1 23 22 is_stmt 0 view .LVU345
 1054 005c 2270     		strb	r2, [r4]
  24:display/display.c **** }
 1055              		.loc 1 24 21 is_stmt 1 view .LVU346
 1056              	.LVL83:
  24:display/display.c **** }
 1057              		.loc 1 24 21 is_stmt 0 view .LVU347
 1058              	.LBE230:
 1059              	.LBE229:
 115:display/display.c **** 
 1060              		.loc 1 115 2 is_stmt 1 view .LVU348
 1061 005e 7820     		movs	r0, #120
 1062 0060 FFF7FEFF 		bl	HAL_Delay
 1063              	.LVL84:
 118:display/display.c **** 
 1064              		.loc 1 118 2 view .LVU349
 1065 0064 0320     		movs	r0, #3
 1066 0066 FFF7FEFF 		bl	display_set_orientation
 1067              	.LVL85:
 121:display/display.c ****     HAL_Delay(100);
 1068              		.loc 1 121 4 view .LVU350
 1069              	.LBB231:
 1070              	.LBI231:
  21:display/display.c **** {
 1071              		.loc 1 21 20 view .LVU351
 1072              	.LBB232:
  23:display/display.c ****     display_delay(1);
 1073              		.loc 1 23 5 view .LVU352
  23:display/display.c ****     display_delay(1);
 1074              		.loc 1 23 22 is_stmt 0 view .LVU353
 1075 006a 2923     		movs	r3, #41
 1076 006c 2370     		strb	r3, [r4]
  24:display/display.c **** }
 1077              		.loc 1 24 21 is_stmt 1 view .LVU354
 1078              	.LVL86:
  24:display/display.c **** }
 1079              		.loc 1 24 21 is_stmt 0 view .LVU355
 1080              	.LBE232:
 1081              	.LBE231:
 122:display/display.c ****     display_fill_area(0, 320, 0, 240, TFT_BLACK);
 1082              		.loc 1 122 5 is_stmt 1 view .LVU356
 1083 006e 6420     		movs	r0, #100
 1084 0070 FFF7FEFF 		bl	HAL_Delay
 1085              	.LVL87:
 123:display/display.c **** }
 1086              		.loc 1 123 5 view .LVU357
 1087 0074 0095     		str	r5, [sp]
 1088 0076 F023     		movs	r3, #240
 1089 0078 2A46     		mov	r2, r5
ARM GAS  /tmp/cck865xG.s 			page 28


 1090 007a 4FF4A071 		mov	r1, #320
 1091 007e 2846     		mov	r0, r5
 1092 0080 FFF7FEFF 		bl	display_fill_area
 1093              	.LVL88:
 124:display/display.c **** 
 1094              		.loc 1 124 1 is_stmt 0 view .LVU358
 1095 0084 03B0     		add	sp, sp, #12
 1096              	.LCFI7:
 1097              		.cfi_def_cfa_offset 12
 1098              		@ sp needed
 1099 0086 30BD     		pop	{r4, r5, pc}
 1100              	.L34:
 1101              		.align	2
 1102              	.L33:
 1103 0088 00000460 		.word	1610874880
 1104              		.cfi_endproc
 1105              	.LFE132:
 1107              		.section	.text.display_8x8block_draw,"ax",%progbits
 1108              		.align	1
 1109              		.global	display_8x8block_draw
 1110              		.syntax unified
 1111              		.thumb
 1112              		.thumb_func
 1113              		.fpu fpv4-sp-d16
 1115              	display_8x8block_draw:
 1116              	.LVL89:
 1117              	.LFB137:
 169:display/display.c **** 
 170:display/display.c **** void display_8x8block_draw(uint16_t x, uint16_t y, const uint16_t *data)
 171:display/display.c **** {
 1118              		.loc 1 171 1 is_stmt 1 view -0
 1119              		.cfi_startproc
 1120              		@ args = 0, pretend = 0, frame = 0
 1121              		@ frame_needed = 0, uses_anonymous_args = 0
 1122              		.loc 1 171 1 is_stmt 0 view .LVU360
 1123 0000 10B5     		push	{r4, lr}
 1124              	.LCFI8:
 1125              		.cfi_def_cfa_offset 8
 1126              		.cfi_offset 4, -8
 1127              		.cfi_offset 14, -4
 1128 0002 1446     		mov	r4, r2
 172:display/display.c ****     display_set_window(x, 8, y, 8);
 1129              		.loc 1 172 5 is_stmt 1 view .LVU361
 1130 0004 0823     		movs	r3, #8
 1131 0006 0A46     		mov	r2, r1
 1132              	.LVL90:
 1133              		.loc 1 172 5 is_stmt 0 view .LVU362
 1134 0008 1946     		mov	r1, r3
 1135              	.LVL91:
 1136              		.loc 1 172 5 view .LVU363
 1137 000a FFF7FEFF 		bl	display_set_window
 1138              	.LVL92:
 173:display/display.c ****     display_write_cmd(LCD_GRAM);
 1139              		.loc 1 173 5 is_stmt 1 view .LVU364
 1140              	.LBB233:
 1141              	.LBI233:
  21:display/display.c **** {
ARM GAS  /tmp/cck865xG.s 			page 29


 1142              		.loc 1 21 20 view .LVU365
 1143              	.LBB234:
  23:display/display.c ****     display_delay(1);
 1144              		.loc 1 23 5 view .LVU366
  23:display/display.c ****     display_delay(1);
 1145              		.loc 1 23 22 is_stmt 0 view .LVU367
 1146 000e 4FF0C043 		mov	r3, #1610612736
 1147 0012 2C22     		movs	r2, #44
 1148 0014 1A70     		strb	r2, [r3]
  24:display/display.c **** }
 1149              		.loc 1 24 21 is_stmt 1 view .LVU368
 1150              	.LVL93:
  24:display/display.c **** }
 1151              		.loc 1 24 21 is_stmt 0 view .LVU369
 1152              	.LBE234:
 1153              	.LBE233:
 174:display/display.c **** 
 175:display/display.c ****     for (uint16_t i = 0; i < (8 * 8); ++i)
 1154              		.loc 1 175 5 is_stmt 1 view .LVU370
 1155              	.LBB235:
 1156              		.loc 1 175 10 view .LVU371
 1157              		.loc 1 175 19 is_stmt 0 view .LVU372
 1158 0016 0023     		movs	r3, #0
 1159              		.loc 1 175 5 view .LVU373
 1160 0018 0AE0     		b	.L36
 1161              	.LVL94:
 1162              	.L37:
 176:display/display.c ****     {
 177:display/display.c ****         display_write_data16(*data++);
 1163              		.loc 1 177 9 is_stmt 1 discriminator 3 view .LVU374
 1164              		.loc 1 177 35 is_stmt 0 discriminator 3 view .LVU375
 1165 001a 2246     		mov	r2, r4
 1166              	.LVL95:
 1167              		.loc 1 177 9 discriminator 3 view .LVU376
 1168 001c 32F8021B 		ldrh	r1, [r2], #2
 1169              	.LVL96:
 1170              	.LBB236:
 1171              	.LBI236:
  40:display/display.c **** {
 1172              		.loc 1 40 20 is_stmt 1 discriminator 3 view .LVU377
 1173              	.LBB237:
  42:display/display.c **** 	display_write_data(data & 0xFF);
 1174              		.loc 1 42 5 discriminator 3 view .LVU378
 1175 0020 0C0A     		lsrs	r4, r1, #8
 1176              	.LVL97:
 1177              	.LBB238:
 1178              	.LBI238:
  27:display/display.c **** {
 1179              		.loc 1 27 20 discriminator 3 view .LVU379
 1180              	.LBB239:
  29:display/display.c ****     display_delay(1);
 1181              		.loc 1 29 5 discriminator 3 view .LVU380
  29:display/display.c ****     display_delay(1);
 1182              		.loc 1 29 23 is_stmt 0 discriminator 3 view .LVU381
 1183 0022 0548     		ldr	r0, .L39
 1184 0024 0470     		strb	r4, [r0]
  30:display/display.c **** }
ARM GAS  /tmp/cck865xG.s 			page 30


 1185              		.loc 1 30 21 is_stmt 1 discriminator 3 view .LVU382
 1186              	.LVL98:
  30:display/display.c **** }
 1187              		.loc 1 30 21 is_stmt 0 discriminator 3 view .LVU383
 1188              	.LBE239:
 1189              	.LBE238:
  43:display/display.c **** }
 1190              		.loc 1 43 2 is_stmt 1 discriminator 3 view .LVU384
 1191 0026 C9B2     		uxtb	r1, r1
 1192              	.LVL99:
 1193              	.LBB240:
 1194              	.LBI240:
  27:display/display.c **** {
 1195              		.loc 1 27 20 discriminator 3 view .LVU385
 1196              	.LBB241:
  29:display/display.c ****     display_delay(1);
 1197              		.loc 1 29 5 discriminator 3 view .LVU386
  29:display/display.c ****     display_delay(1);
 1198              		.loc 1 29 23 is_stmt 0 discriminator 3 view .LVU387
 1199 0028 0170     		strb	r1, [r0]
  30:display/display.c **** }
 1200              		.loc 1 30 21 is_stmt 1 discriminator 3 view .LVU388
 1201              	.LVL100:
  30:display/display.c **** }
 1202              		.loc 1 30 21 is_stmt 0 discriminator 3 view .LVU389
 1203              	.LBE241:
 1204              	.LBE240:
 1205              	.LBE237:
 1206              	.LBE236:
 175:display/display.c ****     {
 1207              		.loc 1 175 39 is_stmt 1 discriminator 3 view .LVU390
 1208 002a 0133     		adds	r3, r3, #1
 1209              	.LVL101:
 175:display/display.c ****     {
 1210              		.loc 1 175 39 is_stmt 0 discriminator 3 view .LVU391
 1211 002c 9BB2     		uxth	r3, r3
 1212              	.LVL102:
 1213              		.loc 1 177 35 discriminator 3 view .LVU392
 1214 002e 1446     		mov	r4, r2
 1215              	.LVL103:
 1216              	.L36:
 175:display/display.c ****     {
 1217              		.loc 1 175 26 is_stmt 1 discriminator 1 view .LVU393
 175:display/display.c ****     {
 1218              		.loc 1 175 5 is_stmt 0 discriminator 1 view .LVU394
 1219 0030 3F2B     		cmp	r3, #63
 1220 0032 F2D9     		bls	.L37
 175:display/display.c ****     {
 1221              		.loc 1 175 5 discriminator 1 view .LVU395
 1222              	.LBE235:
 178:display/display.c ****     }
 179:display/display.c **** }
 1223              		.loc 1 179 1 view .LVU396
 1224 0034 10BD     		pop	{r4, pc}
 1225              	.LVL104:
 1226              	.L40:
 1227              		.loc 1 179 1 view .LVU397
ARM GAS  /tmp/cck865xG.s 			page 31


 1228 0036 00BF     		.align	2
 1229              	.L39:
 1230 0038 00000460 		.word	1610874880
 1231              		.cfi_endproc
 1232              	.LFE137:
 1234              		.text
 1235              	.Letext0:
 1236              		.file 2 "/usr/lib/gcc/arm-none-eabi/9.2.1/include/stdint.h"
 1237              		.file 3 "display/display.h"
 1238              		.file 4 "Drivers/CMSIS/Include/core_cm4.h"
 1239              		.file 5 "Drivers/CMSIS/Device/ST/STM32F4xx/Include/system_stm32f4xx.h"
 1240              		.file 6 "Drivers/CMSIS/Device/ST/STM32F4xx/Include/stm32f407xx.h"
 1241              		.file 7 "/usr/lib/gcc/arm-none-eabi/9.2.1/include/stddef.h"
 1242              		.file 8 "/usr/include/newlib/sys/_types.h"
 1243              		.file 9 "/usr/include/newlib/sys/reent.h"
 1244              		.file 10 "/usr/include/newlib/sys/lock.h"
 1245              		.file 11 "Drivers/STM32F4xx_HAL_Driver/Inc/stm32f4xx_hal_gpio.h"
 1246              		.file 12 "Drivers/STM32F4xx_HAL_Driver/Inc/stm32f4xx_hal.h"
ARM GAS  /tmp/cck865xG.s 			page 32


DEFINED SYMBOLS
                            *ABS*:0000000000000000 display.c
     /tmp/cck865xG.s:18     .text.display_set_window:0000000000000000 $t
     /tmp/cck865xG.s:25     .text.display_set_window:0000000000000000 display_set_window
     /tmp/cck865xG.s:247    .text.display_set_window:0000000000000044 $d
     /tmp/cck865xG.s:252    .text.display_reset:0000000000000000 $t
     /tmp/cck865xG.s:259    .text.display_reset:0000000000000000 display_reset
     /tmp/cck865xG.s:307    .text.display_reset:000000000000002c $d
     /tmp/cck865xG.s:312    .text.display_read_id:0000000000000000 $t
     /tmp/cck865xG.s:319    .text.display_read_id:0000000000000000 display_read_id
     /tmp/cck865xG.s:416    .text.display_read_id:0000000000000020 $d
     /tmp/cck865xG.s:421    .text.display_set_orientation:0000000000000000 $t
     /tmp/cck865xG.s:428    .text.display_set_orientation:0000000000000000 display_set_orientation
     /tmp/cck865xG.s:456    .text.display_set_orientation:0000000000000010 $d
     /tmp/cck865xG.s:460    .text.display_set_orientation:0000000000000014 $t
     /tmp/cck865xG.s:555    .text.display_set_orientation:000000000000003c $d
     /tmp/cck865xG.s:560    .text.display_draw_pixel:0000000000000000 $t
     /tmp/cck865xG.s:567    .text.display_draw_pixel:0000000000000000 display_draw_pixel
     /tmp/cck865xG.s:653    .text.display_fill_area:0000000000000000 $t
     /tmp/cck865xG.s:660    .text.display_fill_area:0000000000000000 display_fill_area
     /tmp/cck865xG.s:760    .text.display_fill_area:0000000000000030 $d
     /tmp/cck865xG.s:765    .text.display_init:0000000000000000 $t
     /tmp/cck865xG.s:772    .text.display_init:0000000000000000 display_init
     /tmp/cck865xG.s:1103   .text.display_init:0000000000000088 $d
     /tmp/cck865xG.s:1108   .text.display_8x8block_draw:0000000000000000 $t
     /tmp/cck865xG.s:1115   .text.display_8x8block_draw:0000000000000000 display_8x8block_draw
     /tmp/cck865xG.s:1230   .text.display_8x8block_draw:0000000000000038 $d

UNDEFINED SYMBOLS
HAL_GPIO_WritePin
HAL_Delay
