ARM GAS  /tmp/ccII60jf.s 			page 1


   1              		.cpu cortex-m4
   2              		.eabi_attribute 27, 1
   3              		.eabi_attribute 28, 1
   4              		.eabi_attribute 20, 1
   5              		.eabi_attribute 21, 1
   6              		.eabi_attribute 23, 3
   7              		.eabi_attribute 24, 1
   8              		.eabi_attribute 25, 1
   9              		.eabi_attribute 26, 1
  10              		.eabi_attribute 30, 1
  11              		.eabi_attribute 34, 1
  12              		.eabi_attribute 18, 4
  13              		.file	"gpio.c"
  14              		.text
  15              	.Ltext0:
  16              		.cfi_sections	.debug_frame
  17              		.section	.text.MX_GPIO_Init,"ax",%progbits
  18              		.align	1
  19              		.global	MX_GPIO_Init
  20              		.arch armv7e-m
  21              		.syntax unified
  22              		.thumb
  23              		.thumb_func
  24              		.fpu fpv4-sp-d16
  26              	MX_GPIO_Init:
  27              	.LFB126:
  28              		.file 1 "Src/gpio.c"
   1:Src/gpio.c    **** /**
   2:Src/gpio.c    ****   ******************************************************************************
   3:Src/gpio.c    ****   * File Name          : gpio.c
   4:Src/gpio.c    ****   * Description        : This file provides code for the configuration
   5:Src/gpio.c    ****   *                      of all used GPIO pins.
   6:Src/gpio.c    ****   ******************************************************************************
   7:Src/gpio.c    ****   ** This notice applies to any and all portions of this file
   8:Src/gpio.c    ****   * that are not between comment pairs USER CODE BEGIN and
   9:Src/gpio.c    ****   * USER CODE END. Other portions of this file, whether 
  10:Src/gpio.c    ****   * inserted by the user or by software development tools
  11:Src/gpio.c    ****   * are owned by their respective copyright owners.
  12:Src/gpio.c    ****   *
  13:Src/gpio.c    ****   * COPYRIGHT(c) 2020 STMicroelectronics
  14:Src/gpio.c    ****   *
  15:Src/gpio.c    ****   * Redistribution and use in source and binary forms, with or without modification,
  16:Src/gpio.c    ****   * are permitted provided that the following conditions are met:
  17:Src/gpio.c    ****   *   1. Redistributions of source code must retain the above copyright notice,
  18:Src/gpio.c    ****   *      this list of conditions and the following disclaimer.
  19:Src/gpio.c    ****   *   2. Redistributions in binary form must reproduce the above copyright notice,
  20:Src/gpio.c    ****   *      this list of conditions and the following disclaimer in the documentation
  21:Src/gpio.c    ****   *      and/or other materials provided with the distribution.
  22:Src/gpio.c    ****   *   3. Neither the name of STMicroelectronics nor the names of its contributors
  23:Src/gpio.c    ****   *      may be used to endorse or promote products derived from this software
  24:Src/gpio.c    ****   *      without specific prior written permission.
  25:Src/gpio.c    ****   *
  26:Src/gpio.c    ****   * THIS SOFTWARE IS PROVIDED BY THE COPYRIGHT HOLDERS AND CONTRIBUTORS "AS IS"
  27:Src/gpio.c    ****   * AND ANY EXPRESS OR IMPLIED WARRANTIES, INCLUDING, BUT NOT LIMITED TO, THE
  28:Src/gpio.c    ****   * IMPLIED WARRANTIES OF MERCHANTABILITY AND FITNESS FOR A PARTICULAR PURPOSE ARE
  29:Src/gpio.c    ****   * DISCLAIMED. IN NO EVENT SHALL THE COPYRIGHT HOLDER OR CONTRIBUTORS BE LIABLE
  30:Src/gpio.c    ****   * FOR ANY DIRECT, INDIRECT, INCIDENTAL, SPECIAL, EXEMPLARY, OR CONSEQUENTIAL
ARM GAS  /tmp/ccII60jf.s 			page 2


  31:Src/gpio.c    ****   * DAMAGES (INCLUDING, BUT NOT LIMITED TO, PROCUREMENT OF SUBSTITUTE GOODS OR
  32:Src/gpio.c    ****   * SERVICES; LOSS OF USE, DATA, OR PROFITS; OR BUSINESS INTERRUPTION) HOWEVER
  33:Src/gpio.c    ****   * CAUSED AND ON ANY THEORY OF LIABILITY, WHETHER IN CONTRACT, STRICT LIABILITY,
  34:Src/gpio.c    ****   * OR TORT (INCLUDING NEGLIGENCE OR OTHERWISE) ARISING IN ANY WAY OUT OF THE USE
  35:Src/gpio.c    ****   * OF THIS SOFTWARE, EVEN IF ADVISED OF THE POSSIBILITY OF SUCH DAMAGE.
  36:Src/gpio.c    ****   *
  37:Src/gpio.c    ****   ******************************************************************************
  38:Src/gpio.c    ****   */
  39:Src/gpio.c    **** 
  40:Src/gpio.c    **** /* Includes ------------------------------------------------------------------*/
  41:Src/gpio.c    **** #include "gpio.h"
  42:Src/gpio.c    **** /* USER CODE BEGIN 0 */
  43:Src/gpio.c    **** 
  44:Src/gpio.c    **** /* USER CODE END 0 */
  45:Src/gpio.c    **** 
  46:Src/gpio.c    **** /*----------------------------------------------------------------------------*/
  47:Src/gpio.c    **** /* Configure GPIO                                                             */
  48:Src/gpio.c    **** /*----------------------------------------------------------------------------*/
  49:Src/gpio.c    **** /* USER CODE BEGIN 1 */
  50:Src/gpio.c    **** 
  51:Src/gpio.c    **** /* USER CODE END 1 */
  52:Src/gpio.c    **** 
  53:Src/gpio.c    **** /** Configure pins as 
  54:Src/gpio.c    ****         * Analog 
  55:Src/gpio.c    ****         * Input 
  56:Src/gpio.c    ****         * Output
  57:Src/gpio.c    ****         * EVENT_OUT
  58:Src/gpio.c    ****         * EXTI
  59:Src/gpio.c    **** */
  60:Src/gpio.c    **** void MX_GPIO_Init(void)
  61:Src/gpio.c    **** {
  29              		.loc 1 61 1 view -0
  30              		.cfi_startproc
  31              		@ args = 0, pretend = 0, frame = 48
  32              		@ frame_needed = 0, uses_anonymous_args = 0
  33 0000 2DE9F043 		push	{r4, r5, r6, r7, r8, r9, lr}
  34              	.LCFI0:
  35              		.cfi_def_cfa_offset 28
  36              		.cfi_offset 4, -28
  37              		.cfi_offset 5, -24
  38              		.cfi_offset 6, -20
  39              		.cfi_offset 7, -16
  40              		.cfi_offset 8, -12
  41              		.cfi_offset 9, -8
  42              		.cfi_offset 14, -4
  43 0004 8DB0     		sub	sp, sp, #52
  44              	.LCFI1:
  45              		.cfi_def_cfa_offset 80
  62:Src/gpio.c    **** 
  63:Src/gpio.c    ****   GPIO_InitTypeDef GPIO_InitStruct;
  46              		.loc 1 63 3 view .LVU1
  64:Src/gpio.c    **** 
  65:Src/gpio.c    ****   /* GPIO Ports Clock Enable */
  66:Src/gpio.c    ****   __HAL_RCC_GPIOE_CLK_ENABLE();
  47              		.loc 1 66 3 view .LVU2
  48              	.LBB2:
  49              		.loc 1 66 3 view .LVU3
ARM GAS  /tmp/ccII60jf.s 			page 3


  50 0006 0024     		movs	r4, #0
  51 0008 0194     		str	r4, [sp, #4]
  52              		.loc 1 66 3 view .LVU4
  53 000a 484B     		ldr	r3, .L3
  54 000c 1A6B     		ldr	r2, [r3, #48]
  55 000e 42F01002 		orr	r2, r2, #16
  56 0012 1A63     		str	r2, [r3, #48]
  57              		.loc 1 66 3 view .LVU5
  58 0014 1A6B     		ldr	r2, [r3, #48]
  59 0016 02F01002 		and	r2, r2, #16
  60 001a 0192     		str	r2, [sp, #4]
  61              		.loc 1 66 3 view .LVU6
  62 001c 019A     		ldr	r2, [sp, #4]
  63              	.LBE2:
  64              		.loc 1 66 3 view .LVU7
  67:Src/gpio.c    ****   __HAL_RCC_GPIOC_CLK_ENABLE();
  65              		.loc 1 67 3 view .LVU8
  66              	.LBB3:
  67              		.loc 1 67 3 view .LVU9
  68 001e 0294     		str	r4, [sp, #8]
  69              		.loc 1 67 3 view .LVU10
  70 0020 1A6B     		ldr	r2, [r3, #48]
  71 0022 42F00402 		orr	r2, r2, #4
  72 0026 1A63     		str	r2, [r3, #48]
  73              		.loc 1 67 3 view .LVU11
  74 0028 1A6B     		ldr	r2, [r3, #48]
  75 002a 02F00402 		and	r2, r2, #4
  76 002e 0292     		str	r2, [sp, #8]
  77              		.loc 1 67 3 view .LVU12
  78 0030 029A     		ldr	r2, [sp, #8]
  79              	.LBE3:
  80              		.loc 1 67 3 view .LVU13
  68:Src/gpio.c    ****   __HAL_RCC_GPIOH_CLK_ENABLE();
  81              		.loc 1 68 3 view .LVU14
  82              	.LBB4:
  83              		.loc 1 68 3 view .LVU15
  84 0032 0394     		str	r4, [sp, #12]
  85              		.loc 1 68 3 view .LVU16
  86 0034 1A6B     		ldr	r2, [r3, #48]
  87 0036 42F08002 		orr	r2, r2, #128
  88 003a 1A63     		str	r2, [r3, #48]
  89              		.loc 1 68 3 view .LVU17
  90 003c 1A6B     		ldr	r2, [r3, #48]
  91 003e 02F08002 		and	r2, r2, #128
  92 0042 0392     		str	r2, [sp, #12]
  93              		.loc 1 68 3 view .LVU18
  94 0044 039A     		ldr	r2, [sp, #12]
  95              	.LBE4:
  96              		.loc 1 68 3 view .LVU19
  69:Src/gpio.c    ****   __HAL_RCC_GPIOA_CLK_ENABLE();
  97              		.loc 1 69 3 view .LVU20
  98              	.LBB5:
  99              		.loc 1 69 3 view .LVU21
 100 0046 0494     		str	r4, [sp, #16]
 101              		.loc 1 69 3 view .LVU22
 102 0048 1A6B     		ldr	r2, [r3, #48]
 103 004a 42F00102 		orr	r2, r2, #1
ARM GAS  /tmp/ccII60jf.s 			page 4


 104 004e 1A63     		str	r2, [r3, #48]
 105              		.loc 1 69 3 view .LVU23
 106 0050 1A6B     		ldr	r2, [r3, #48]
 107 0052 02F00102 		and	r2, r2, #1
 108 0056 0492     		str	r2, [sp, #16]
 109              		.loc 1 69 3 view .LVU24
 110 0058 049A     		ldr	r2, [sp, #16]
 111              	.LBE5:
 112              		.loc 1 69 3 view .LVU25
  70:Src/gpio.c    ****   __HAL_RCC_GPIOB_CLK_ENABLE();
 113              		.loc 1 70 3 view .LVU26
 114              	.LBB6:
 115              		.loc 1 70 3 view .LVU27
 116 005a 0594     		str	r4, [sp, #20]
 117              		.loc 1 70 3 view .LVU28
 118 005c 1A6B     		ldr	r2, [r3, #48]
 119 005e 42F00202 		orr	r2, r2, #2
 120 0062 1A63     		str	r2, [r3, #48]
 121              		.loc 1 70 3 view .LVU29
 122 0064 1A6B     		ldr	r2, [r3, #48]
 123 0066 02F00202 		and	r2, r2, #2
 124 006a 0592     		str	r2, [sp, #20]
 125              		.loc 1 70 3 view .LVU30
 126 006c 059A     		ldr	r2, [sp, #20]
 127              	.LBE6:
 128              		.loc 1 70 3 view .LVU31
  71:Src/gpio.c    ****   __HAL_RCC_GPIOD_CLK_ENABLE();
 129              		.loc 1 71 3 view .LVU32
 130              	.LBB7:
 131              		.loc 1 71 3 view .LVU33
 132 006e 0694     		str	r4, [sp, #24]
 133              		.loc 1 71 3 view .LVU34
 134 0070 1A6B     		ldr	r2, [r3, #48]
 135 0072 42F00802 		orr	r2, r2, #8
 136 0076 1A63     		str	r2, [r3, #48]
 137              		.loc 1 71 3 view .LVU35
 138 0078 1B6B     		ldr	r3, [r3, #48]
 139 007a 03F00803 		and	r3, r3, #8
 140 007e 0693     		str	r3, [sp, #24]
 141              		.loc 1 71 3 view .LVU36
 142 0080 069B     		ldr	r3, [sp, #24]
 143              	.LBE7:
 144              		.loc 1 71 3 view .LVU37
  72:Src/gpio.c    **** 
  73:Src/gpio.c    ****   /*Configure GPIO pin Output Level */
  74:Src/gpio.c    ****   HAL_GPIO_WritePin(GPIOC, KEYB_SIGN_0_Pin|KEYB_SIGN_1_Pin|KEYB_SIGN_2_Pin|KEYB_SIGN_3_Pin 
 145              		.loc 1 74 3 view .LVU38
 146 0082 DFF8B490 		ldr	r9, .L3+12
 147 0086 0122     		movs	r2, #1
 148 0088 FF21     		movs	r1, #255
 149 008a 4846     		mov	r0, r9
 150 008c FFF7FEFF 		bl	HAL_GPIO_WritePin
 151              	.LVL0:
  75:Src/gpio.c    ****                           |KEYB_SIGN_4_Pin|KEYB_SIGN_5_Pin|KEYB_SIGN_6_Pin|KEYB_SIGN_7_Pin, GPIO_PI
  76:Src/gpio.c    **** 
  77:Src/gpio.c    ****   /*Configure GPIO pin Output Level */
  78:Src/gpio.c    ****   HAL_GPIO_WritePin(GPIOA, SYS_LED_Pin|BOARD_LED_Pin, GPIO_PIN_SET);
ARM GAS  /tmp/ccII60jf.s 			page 5


 152              		.loc 1 78 3 view .LVU39
 153 0090 274F     		ldr	r7, .L3+4
 154 0092 0122     		movs	r2, #1
 155 0094 C021     		movs	r1, #192
 156 0096 3846     		mov	r0, r7
 157 0098 FFF7FEFF 		bl	HAL_GPIO_WritePin
 158              	.LVL1:
  79:Src/gpio.c    **** 
  80:Src/gpio.c    ****   /*Configure GPIO pin Output Level */
  81:Src/gpio.c    ****   HAL_GPIO_WritePin(BEEPER_GPIO_Port, BEEPER_Pin, GPIO_PIN_SET);
 159              		.loc 1 81 3 view .LVU40
 160 009c DFF89C80 		ldr	r8, .L3+16
 161 00a0 0122     		movs	r2, #1
 162 00a2 0221     		movs	r1, #2
 163 00a4 4046     		mov	r0, r8
 164 00a6 FFF7FEFF 		bl	HAL_GPIO_WritePin
 165              	.LVL2:
  82:Src/gpio.c    **** 
  83:Src/gpio.c    ****   /*Configure GPIO pin Output Level */
  84:Src/gpio.c    ****   HAL_GPIO_WritePin(LCD_RST_GPIO_Port, LCD_RST_Pin, GPIO_PIN_SET);
 166              		.loc 1 84 3 view .LVU41
 167 00aa 224E     		ldr	r6, .L3+8
 168 00ac 0122     		movs	r2, #1
 169 00ae 4FF40061 		mov	r1, #2048
 170 00b2 3046     		mov	r0, r6
 171 00b4 FFF7FEFF 		bl	HAL_GPIO_WritePin
 172              	.LVL3:
  85:Src/gpio.c    **** 
  86:Src/gpio.c    ****   /*Configure GPIO pins : PEPin PEPin PEPin PEPin 
  87:Src/gpio.c    ****                            PEPin PEPin PEPin */
  88:Src/gpio.c    ****   GPIO_InitStruct.Pin = KEYB_SCAN_8_Pin|KEYB_SCAN_9_Pin|KEYB_SCAN_10_Pin|KEYB_SCAN_11_Pin 
 173              		.loc 1 88 3 view .LVU42
 174              		.loc 1 88 23 is_stmt 0 view .LVU43
 175 00b8 7F23     		movs	r3, #127
 176 00ba 0793     		str	r3, [sp, #28]
  89:Src/gpio.c    ****                           |KEYB_SCAN_12_Pin|KEYB_SCAN_6_Pin|KEYB_SCAN_7_Pin;
  90:Src/gpio.c    ****   GPIO_InitStruct.Mode = GPIO_MODE_INPUT;
 177              		.loc 1 90 3 is_stmt 1 view .LVU44
 178              		.loc 1 90 24 is_stmt 0 view .LVU45
 179 00bc 0894     		str	r4, [sp, #32]
  91:Src/gpio.c    ****   GPIO_InitStruct.Pull = GPIO_PULLUP;
 180              		.loc 1 91 3 is_stmt 1 view .LVU46
 181              		.loc 1 91 24 is_stmt 0 view .LVU47
 182 00be 0125     		movs	r5, #1
 183 00c0 0995     		str	r5, [sp, #36]
  92:Src/gpio.c    ****   HAL_GPIO_Init(GPIOE, &GPIO_InitStruct);
 184              		.loc 1 92 3 is_stmt 1 view .LVU48
 185 00c2 07A9     		add	r1, sp, #28
 186 00c4 3046     		mov	r0, r6
 187 00c6 FFF7FEFF 		bl	HAL_GPIO_Init
 188              	.LVL4:
  93:Src/gpio.c    **** 
  94:Src/gpio.c    ****   /*Configure GPIO pins : PCPin PCPin PCPin PCPin 
  95:Src/gpio.c    ****                            PCPin PCPin PCPin PCPin */
  96:Src/gpio.c    ****   GPIO_InitStruct.Pin = KEYB_SIGN_0_Pin|KEYB_SIGN_1_Pin|KEYB_SIGN_2_Pin|KEYB_SIGN_3_Pin 
 189              		.loc 1 96 3 view .LVU49
 190              		.loc 1 96 23 is_stmt 0 view .LVU50
ARM GAS  /tmp/ccII60jf.s 			page 6


 191 00ca FF23     		movs	r3, #255
 192 00cc 0793     		str	r3, [sp, #28]
  97:Src/gpio.c    ****                           |KEYB_SIGN_4_Pin|KEYB_SIGN_5_Pin|KEYB_SIGN_6_Pin|KEYB_SIGN_7_Pin;
  98:Src/gpio.c    ****   GPIO_InitStruct.Mode = GPIO_MODE_OUTPUT_PP;
 193              		.loc 1 98 3 is_stmt 1 view .LVU51
 194              		.loc 1 98 24 is_stmt 0 view .LVU52
 195 00ce 0895     		str	r5, [sp, #32]
  99:Src/gpio.c    ****   GPIO_InitStruct.Pull = GPIO_NOPULL;
 196              		.loc 1 99 3 is_stmt 1 view .LVU53
 197              		.loc 1 99 24 is_stmt 0 view .LVU54
 198 00d0 0994     		str	r4, [sp, #36]
 100:Src/gpio.c    ****   GPIO_InitStruct.Speed = GPIO_SPEED_FREQ_VERY_HIGH;
 199              		.loc 1 100 3 is_stmt 1 view .LVU55
 200              		.loc 1 100 25 is_stmt 0 view .LVU56
 201 00d2 0323     		movs	r3, #3
 202 00d4 0A93     		str	r3, [sp, #40]
 101:Src/gpio.c    ****   HAL_GPIO_Init(GPIOC, &GPIO_InitStruct);
 203              		.loc 1 101 3 is_stmt 1 view .LVU57
 204 00d6 07A9     		add	r1, sp, #28
 205 00d8 4846     		mov	r0, r9
 206 00da FFF7FEFF 		bl	HAL_GPIO_Init
 207              	.LVL5:
 102:Src/gpio.c    **** 
 103:Src/gpio.c    ****   /*Configure GPIO pins : PAPin PAPin PAPin PAPin 
 104:Src/gpio.c    ****                            PAPin PAPin */
 105:Src/gpio.c    ****   GPIO_InitStruct.Pin = KEYB_SCAN_0_Pin|KEYB_SCAN_1_Pin|KEYB_SCAN_2_Pin|KEYB_SCAN_3_Pin 
 208              		.loc 1 105 3 view .LVU58
 209              		.loc 1 105 23 is_stmt 0 view .LVU59
 210 00de 3F23     		movs	r3, #63
 211 00e0 0793     		str	r3, [sp, #28]
 106:Src/gpio.c    ****                           |KEYB_SCAN_4_Pin|KEYB_SCAN_5_Pin;
 107:Src/gpio.c    ****   GPIO_InitStruct.Mode = GPIO_MODE_INPUT;
 212              		.loc 1 107 3 is_stmt 1 view .LVU60
 213              		.loc 1 107 24 is_stmt 0 view .LVU61
 214 00e2 0894     		str	r4, [sp, #32]
 108:Src/gpio.c    ****   GPIO_InitStruct.Pull = GPIO_PULLUP;
 215              		.loc 1 108 3 is_stmt 1 view .LVU62
 216              		.loc 1 108 24 is_stmt 0 view .LVU63
 217 00e4 0995     		str	r5, [sp, #36]
 109:Src/gpio.c    ****   HAL_GPIO_Init(GPIOA, &GPIO_InitStruct);
 218              		.loc 1 109 3 is_stmt 1 view .LVU64
 219 00e6 07A9     		add	r1, sp, #28
 220 00e8 3846     		mov	r0, r7
 221 00ea FFF7FEFF 		bl	HAL_GPIO_Init
 222              	.LVL6:
 110:Src/gpio.c    **** 
 111:Src/gpio.c    ****   /*Configure GPIO pins : PAPin PAPin */
 112:Src/gpio.c    ****   GPIO_InitStruct.Pin = SYS_LED_Pin|BOARD_LED_Pin;
 223              		.loc 1 112 3 view .LVU65
 224              		.loc 1 112 23 is_stmt 0 view .LVU66
 225 00ee C023     		movs	r3, #192
 226 00f0 0793     		str	r3, [sp, #28]
 113:Src/gpio.c    ****   GPIO_InitStruct.Mode = GPIO_MODE_OUTPUT_PP;
 227              		.loc 1 113 3 is_stmt 1 view .LVU67
 228              		.loc 1 113 24 is_stmt 0 view .LVU68
 229 00f2 0895     		str	r5, [sp, #32]
 114:Src/gpio.c    ****   GPIO_InitStruct.Pull = GPIO_NOPULL;
ARM GAS  /tmp/ccII60jf.s 			page 7


 230              		.loc 1 114 3 is_stmt 1 view .LVU69
 231              		.loc 1 114 24 is_stmt 0 view .LVU70
 232 00f4 0994     		str	r4, [sp, #36]
 115:Src/gpio.c    ****   GPIO_InitStruct.Speed = GPIO_SPEED_FREQ_LOW;
 233              		.loc 1 115 3 is_stmt 1 view .LVU71
 234              		.loc 1 115 25 is_stmt 0 view .LVU72
 235 00f6 0A94     		str	r4, [sp, #40]
 116:Src/gpio.c    ****   HAL_GPIO_Init(GPIOA, &GPIO_InitStruct);
 236              		.loc 1 116 3 is_stmt 1 view .LVU73
 237 00f8 07A9     		add	r1, sp, #28
 238 00fa 3846     		mov	r0, r7
 239 00fc FFF7FEFF 		bl	HAL_GPIO_Init
 240              	.LVL7:
 117:Src/gpio.c    **** 
 118:Src/gpio.c    ****   /*Configure GPIO pin : PtPin */
 119:Src/gpio.c    ****   GPIO_InitStruct.Pin = BEEPER_Pin;
 241              		.loc 1 119 3 view .LVU74
 242              		.loc 1 119 23 is_stmt 0 view .LVU75
 243 0100 0223     		movs	r3, #2
 244 0102 0793     		str	r3, [sp, #28]
 120:Src/gpio.c    ****   GPIO_InitStruct.Mode = GPIO_MODE_OUTPUT_PP;
 245              		.loc 1 120 3 is_stmt 1 view .LVU76
 246              		.loc 1 120 24 is_stmt 0 view .LVU77
 247 0104 0895     		str	r5, [sp, #32]
 121:Src/gpio.c    ****   GPIO_InitStruct.Pull = GPIO_NOPULL;
 248              		.loc 1 121 3 is_stmt 1 view .LVU78
 249              		.loc 1 121 24 is_stmt 0 view .LVU79
 250 0106 0994     		str	r4, [sp, #36]
 122:Src/gpio.c    ****   GPIO_InitStruct.Speed = GPIO_SPEED_FREQ_LOW;
 251              		.loc 1 122 3 is_stmt 1 view .LVU80
 252              		.loc 1 122 25 is_stmt 0 view .LVU81
 253 0108 0A94     		str	r4, [sp, #40]
 123:Src/gpio.c    ****   HAL_GPIO_Init(BEEPER_GPIO_Port, &GPIO_InitStruct);
 254              		.loc 1 123 3 is_stmt 1 view .LVU82
 255 010a 07A9     		add	r1, sp, #28
 256 010c 4046     		mov	r0, r8
 257 010e FFF7FEFF 		bl	HAL_GPIO_Init
 258              	.LVL8:
 124:Src/gpio.c    **** 
 125:Src/gpio.c    ****   /*Configure GPIO pin : PtPin */
 126:Src/gpio.c    ****   GPIO_InitStruct.Pin = LCD_RST_Pin;
 259              		.loc 1 126 3 view .LVU83
 260              		.loc 1 126 23 is_stmt 0 view .LVU84
 261 0112 4FF40063 		mov	r3, #2048
 262 0116 0793     		str	r3, [sp, #28]
 127:Src/gpio.c    ****   GPIO_InitStruct.Mode = GPIO_MODE_OUTPUT_PP;
 263              		.loc 1 127 3 is_stmt 1 view .LVU85
 264              		.loc 1 127 24 is_stmt 0 view .LVU86
 265 0118 0895     		str	r5, [sp, #32]
 128:Src/gpio.c    ****   GPIO_InitStruct.Pull = GPIO_NOPULL;
 266              		.loc 1 128 3 is_stmt 1 view .LVU87
 267              		.loc 1 128 24 is_stmt 0 view .LVU88
 268 011a 0994     		str	r4, [sp, #36]
 129:Src/gpio.c    ****   GPIO_InitStruct.Speed = GPIO_SPEED_FREQ_LOW;
 269              		.loc 1 129 3 is_stmt 1 view .LVU89
 270              		.loc 1 129 25 is_stmt 0 view .LVU90
 271 011c 0A94     		str	r4, [sp, #40]
ARM GAS  /tmp/ccII60jf.s 			page 8


 130:Src/gpio.c    ****   HAL_GPIO_Init(LCD_RST_GPIO_Port, &GPIO_InitStruct);
 272              		.loc 1 130 3 is_stmt 1 view .LVU91
 273 011e 07A9     		add	r1, sp, #28
 274 0120 3046     		mov	r0, r6
 275 0122 FFF7FEFF 		bl	HAL_GPIO_Init
 276              	.LVL9:
 131:Src/gpio.c    **** 
 132:Src/gpio.c    **** }
 277              		.loc 1 132 1 is_stmt 0 view .LVU92
 278 0126 0DB0     		add	sp, sp, #52
 279              	.LCFI2:
 280              		.cfi_def_cfa_offset 28
 281              		@ sp needed
 282 0128 BDE8F083 		pop	{r4, r5, r6, r7, r8, r9, pc}
 283              	.L4:
 284              		.align	2
 285              	.L3:
 286 012c 00380240 		.word	1073887232
 287 0130 00000240 		.word	1073872896
 288 0134 00100240 		.word	1073876992
 289 0138 00080240 		.word	1073874944
 290 013c 00040240 		.word	1073873920
 291              		.cfi_endproc
 292              	.LFE126:
 294              		.text
 295              	.Letext0:
 296              		.file 2 "/usr/lib/gcc/arm-none-eabi/9.2.1/include/stdint.h"
 297              		.file 3 "Drivers/CMSIS/Include/core_cm4.h"
 298              		.file 4 "Drivers/CMSIS/Device/ST/STM32F4xx/Include/system_stm32f4xx.h"
 299              		.file 5 "Drivers/CMSIS/Device/ST/STM32F4xx/Include/stm32f407xx.h"
 300              		.file 6 "/usr/lib/gcc/arm-none-eabi/9.2.1/include/stddef.h"
 301              		.file 7 "/usr/include/newlib/sys/_types.h"
 302              		.file 8 "/usr/include/newlib/sys/reent.h"
 303              		.file 9 "/usr/include/newlib/sys/lock.h"
 304              		.file 10 "Drivers/STM32F4xx_HAL_Driver/Inc/stm32f4xx_hal_gpio.h"
ARM GAS  /tmp/ccII60jf.s 			page 9


DEFINED SYMBOLS
                            *ABS*:0000000000000000 gpio.c
     /tmp/ccII60jf.s:18     .text.MX_GPIO_Init:0000000000000000 $t
     /tmp/ccII60jf.s:26     .text.MX_GPIO_Init:0000000000000000 MX_GPIO_Init
     /tmp/ccII60jf.s:286    .text.MX_GPIO_Init:000000000000012c $d

UNDEFINED SYMBOLS
HAL_GPIO_WritePin
HAL_GPIO_Init
