ARM GAS  /tmp/cc3p5PBn.s 			page 1


   1              		.cpu cortex-m4
   2              		.eabi_attribute 27, 1
   3              		.eabi_attribute 28, 1
   4              		.eabi_attribute 20, 1
   5              		.eabi_attribute 21, 1
   6              		.eabi_attribute 23, 3
   7              		.eabi_attribute 24, 1
   8              		.eabi_attribute 25, 1
   9              		.eabi_attribute 26, 1
  10              		.eabi_attribute 30, 1
  11              		.eabi_attribute 34, 1
  12              		.eabi_attribute 18, 4
  13              		.file	"logger.c"
  14              		.text
  15              	.Ltext0:
  16              		.cfi_sections	.debug_frame
  17              		.section	.text.logger,"ax",%progbits
  18              		.align	1
  19              		.global	logger
  20              		.arch armv7e-m
  21              		.syntax unified
  22              		.thumb
  23              		.thumb_func
  24              		.fpu fpv4-sp-d16
  26              	logger:
  27              	.LVL0:
  28              	.LFB126:
  29              		.file 1 "logger/logger.c"
   1:logger/logger.c **** #include <string.h>
   2:logger/logger.c **** #include <stdarg.h>
   3:logger/logger.c **** #include <stdio.h>
   4:logger/logger.c **** #include <stdint.h>
   5:logger/logger.c **** 
   6:logger/logger.c **** #include "stm32f4xx_hal.h"
   7:logger/logger.c **** 
   8:logger/logger.c **** #define LOGGER_BUFFER_SIZE  (200)
   9:logger/logger.c **** 
  10:logger/logger.c **** typedef struct
  11:logger/logger.c **** {
  12:logger/logger.c ****     uint8_t length;
  13:logger/logger.c ****     uint8_t data[LOGGER_BUFFER_SIZE];
  14:logger/logger.c **** } buffer_t;
  15:logger/logger.c **** 
  16:logger/logger.c **** extern UART_HandleTypeDef huart1;
  17:logger/logger.c **** static buffer_t buffer;
  18:logger/logger.c **** 
  19:logger/logger.c **** void logger(const char * format, ...)
  20:logger/logger.c **** {
  30              		.loc 1 20 1 view -0
  31              		.cfi_startproc
  32              		@ args = 4, pretend = 16, frame = 8
  33              		@ frame_needed = 0, uses_anonymous_args = 1
  34              		.loc 1 20 1 is_stmt 0 view .LVU1
  35 0000 0FB4     		push	{r0, r1, r2, r3}
  36              	.LCFI0:
  37              		.cfi_def_cfa_offset 16
  38              		.cfi_offset 0, -16
ARM GAS  /tmp/cc3p5PBn.s 			page 2


  39              		.cfi_offset 1, -12
  40              		.cfi_offset 2, -8
  41              		.cfi_offset 3, -4
  42 0002 30B5     		push	{r4, r5, lr}
  43              	.LCFI1:
  44              		.cfi_def_cfa_offset 28
  45              		.cfi_offset 4, -28
  46              		.cfi_offset 5, -24
  47              		.cfi_offset 14, -20
  48 0004 83B0     		sub	sp, sp, #12
  49              	.LCFI2:
  50              		.cfi_def_cfa_offset 40
  51 0006 06AB     		add	r3, sp, #24
  52 0008 53F8042B 		ldr	r2, [r3], #4
  21:logger/logger.c ****     va_list args;
  53              		.loc 1 21 5 is_stmt 1 view .LVU2
  22:logger/logger.c ****     va_start(args, format);
  54              		.loc 1 22 5 view .LVU3
  55 000c 0193     		str	r3, [sp, #4]
  23:logger/logger.c ****     buffer.length = vsnprintf((char *) buffer.data, sizeof(buffer.data), format, args);
  56              		.loc 1 23 5 view .LVU4
  57              		.loc 1 23 21 is_stmt 0 view .LVU5
  58 000e 094D     		ldr	r5, .L3
  59 0010 6C1C     		adds	r4, r5, #1
  60 0012 C821     		movs	r1, #200
  61 0014 2046     		mov	r0, r4
  62 0016 FFF7FEFF 		bl	vsnprintf
  63              	.LVL1:
  64              		.loc 1 23 19 view .LVU6
  65 001a C2B2     		uxtb	r2, r0
  66 001c 2A70     		strb	r2, [r5]
  24:logger/logger.c ****     va_end(args);
  67              		.loc 1 24 5 is_stmt 1 view .LVU7
  25:logger/logger.c **** 
  26:logger/logger.c ****     HAL_UART_Transmit(&huart1, buffer.data, buffer.length, HAL_MAX_DELAY);
  68              		.loc 1 26 5 view .LVU8
  69 001e 4FF0FF33 		mov	r3, #-1
  70 0022 2146     		mov	r1, r4
  71 0024 0448     		ldr	r0, .L3+4
  72 0026 FFF7FEFF 		bl	HAL_UART_Transmit
  73              	.LVL2:
  27:logger/logger.c **** }...
  74              		.loc 1 27 1 is_stmt 0 view .LVU9
  75 002a 03B0     		add	sp, sp, #12
  76              	.LCFI3:
  77              		.cfi_def_cfa_offset 28
  78              		@ sp needed
  79 002c BDE83040 		pop	{r4, r5, lr}
  80              	.LCFI4:
  81              		.cfi_restore 14
  82              		.cfi_restore 5
  83              		.cfi_restore 4
  84              		.cfi_def_cfa_offset 16
  85 0030 04B0     		add	sp, sp, #16
  86              	.LCFI5:
  87              		.cfi_restore 3
  88              		.cfi_restore 2
ARM GAS  /tmp/cc3p5PBn.s 			page 3


  89              		.cfi_restore 1
  90              		.cfi_restore 0
  91              		.cfi_def_cfa_offset 0
  92 0032 7047     		bx	lr
  93              	.L4:
  94              		.align	2
  95              	.L3:
  96 0034 00000000 		.word	.LANCHOR0
  97 0038 00000000 		.word	huart1
  98              		.cfi_endproc
  99              	.LFE126:
 101              		.section	.bss.buffer,"aw",%nobits
 102              		.align	2
 103              		.set	.LANCHOR0,. + 0
 106              	buffer:
 107 0000 00000000 		.space	201
 107      00000000 
 107      00000000 
 107      00000000 
 107      00000000 
 108              		.text
 109              	.Letext0:
 110              		.file 2 "/usr/lib/gcc/arm-none-eabi/9.2.1/include/stddef.h"
 111              		.file 3 "/usr/include/newlib/machine/_default_types.h"
 112              		.file 4 "/usr/include/newlib/sys/_types.h"
 113              		.file 5 "/usr/include/newlib/sys/reent.h"
 114              		.file 6 "/usr/include/newlib/sys/lock.h"
 115              		.file 7 "/usr/lib/gcc/arm-none-eabi/9.2.1/include/stdarg.h"
 116              		.file 8 "/usr/include/newlib/sys/_stdint.h"
 117              		.file 9 "Drivers/CMSIS/Include/core_cm4.h"
 118              		.file 10 "Drivers/CMSIS/Device/ST/STM32F4xx/Include/system_stm32f4xx.h"
 119              		.file 11 "Drivers/CMSIS/Device/ST/STM32F4xx/Include/stm32f407xx.h"
 120              		.file 12 "Drivers/STM32F4xx_HAL_Driver/Inc/stm32f4xx_hal_def.h"
 121              		.file 13 "Drivers/STM32F4xx_HAL_Driver/Inc/stm32f4xx_hal_dma.h"
 122              		.file 14 "Drivers/STM32F4xx_HAL_Driver/Inc/stm32f4xx_hal_uart.h"
 123              		.file 15 "/usr/include/newlib/stdio.h"
 124              		.file 16 "<built-in>"
ARM GAS  /tmp/cc3p5PBn.s 			page 4


DEFINED SYMBOLS
                            *ABS*:0000000000000000 logger.c
     /tmp/cc3p5PBn.s:18     .text.logger:0000000000000000 $t
     /tmp/cc3p5PBn.s:26     .text.logger:0000000000000000 logger
     /tmp/cc3p5PBn.s:96     .text.logger:0000000000000034 $d
     /tmp/cc3p5PBn.s:102    .bss.buffer:0000000000000000 $d
     /tmp/cc3p5PBn.s:106    .bss.buffer:0000000000000000 buffer

UNDEFINED SYMBOLS
vsnprintf
HAL_UART_Transmit
huart1
