ARM GAS  /tmp/ccVAdH3x.s 			page 1


   1              		.cpu cortex-m4
   2              		.eabi_attribute 27, 1
   3              		.eabi_attribute 28, 1
   4              		.eabi_attribute 20, 1
   5              		.eabi_attribute 21, 1
   6              		.eabi_attribute 23, 3
   7              		.eabi_attribute 24, 1
   8              		.eabi_attribute 25, 1
   9              		.eabi_attribute 26, 1
  10              		.eabi_attribute 30, 1
  11              		.eabi_attribute 34, 1
  12              		.eabi_attribute 18, 4
  13              		.file	"stm32f4xx_it.c"
  14              		.text
  15              	.Ltext0:
  16              		.cfi_sections	.debug_frame
  17              		.section	.text.NMI_Handler,"ax",%progbits
  18              		.align	1
  19              		.global	NMI_Handler
  20              		.arch armv7e-m
  21              		.syntax unified
  22              		.thumb
  23              		.thumb_func
  24              		.fpu fpv4-sp-d16
  26              	NMI_Handler:
  27              	.LFB126:
  28              		.file 1 "Src/stm32f4xx_it.c"
   1:Src/stm32f4xx_it.c **** /**
   2:Src/stm32f4xx_it.c ****   ******************************************************************************
   3:Src/stm32f4xx_it.c ****   * @file    stm32f4xx_it.c
   4:Src/stm32f4xx_it.c ****   * @brief   Interrupt Service Routines.
   5:Src/stm32f4xx_it.c ****   ******************************************************************************
   6:Src/stm32f4xx_it.c ****   *
   7:Src/stm32f4xx_it.c ****   * COPYRIGHT(c) 2020 STMicroelectronics
   8:Src/stm32f4xx_it.c ****   *
   9:Src/stm32f4xx_it.c ****   * Redistribution and use in source and binary forms, with or without modification,
  10:Src/stm32f4xx_it.c ****   * are permitted provided that the following conditions are met:
  11:Src/stm32f4xx_it.c ****   *   1. Redistributions of source code must retain the above copyright notice,
  12:Src/stm32f4xx_it.c ****   *      this list of conditions and the following disclaimer.
  13:Src/stm32f4xx_it.c ****   *   2. Redistributions in binary form must reproduce the above copyright notice,
  14:Src/stm32f4xx_it.c ****   *      this list of conditions and the following disclaimer in the documentation
  15:Src/stm32f4xx_it.c ****   *      and/or other materials provided with the distribution.
  16:Src/stm32f4xx_it.c ****   *   3. Neither the name of STMicroelectronics nor the names of its contributors
  17:Src/stm32f4xx_it.c ****   *      may be used to endorse or promote products derived from this software
  18:Src/stm32f4xx_it.c ****   *      without specific prior written permission.
  19:Src/stm32f4xx_it.c ****   *
  20:Src/stm32f4xx_it.c ****   * THIS SOFTWARE IS PROVIDED BY THE COPYRIGHT HOLDERS AND CONTRIBUTORS "AS IS"
  21:Src/stm32f4xx_it.c ****   * AND ANY EXPRESS OR IMPLIED WARRANTIES, INCLUDING, BUT NOT LIMITED TO, THE
  22:Src/stm32f4xx_it.c ****   * IMPLIED WARRANTIES OF MERCHANTABILITY AND FITNESS FOR A PARTICULAR PURPOSE ARE
  23:Src/stm32f4xx_it.c ****   * DISCLAIMED. IN NO EVENT SHALL THE COPYRIGHT HOLDER OR CONTRIBUTORS BE LIABLE
  24:Src/stm32f4xx_it.c ****   * FOR ANY DIRECT, INDIRECT, INCIDENTAL, SPECIAL, EXEMPLARY, OR CONSEQUENTIAL
  25:Src/stm32f4xx_it.c ****   * DAMAGES (INCLUDING, BUT NOT LIMITED TO, PROCUREMENT OF SUBSTITUTE GOODS OR
  26:Src/stm32f4xx_it.c ****   * SERVICES; LOSS OF USE, DATA, OR PROFITS; OR BUSINESS INTERRUPTION) HOWEVER
  27:Src/stm32f4xx_it.c ****   * CAUSED AND ON ANY THEORY OF LIABILITY, WHETHER IN CONTRACT, STRICT LIABILITY,
  28:Src/stm32f4xx_it.c ****   * OR TORT (INCLUDING NEGLIGENCE OR OTHERWISE) ARISING IN ANY WAY OUT OF THE USE
  29:Src/stm32f4xx_it.c ****   * OF THIS SOFTWARE, EVEN IF ADVISED OF THE POSSIBILITY OF SUCH DAMAGE.
  30:Src/stm32f4xx_it.c ****   *
ARM GAS  /tmp/ccVAdH3x.s 			page 2


  31:Src/stm32f4xx_it.c ****   ******************************************************************************
  32:Src/stm32f4xx_it.c ****   */
  33:Src/stm32f4xx_it.c **** /* Includes ------------------------------------------------------------------*/
  34:Src/stm32f4xx_it.c **** #include "stm32f4xx_hal.h"
  35:Src/stm32f4xx_it.c **** #include "stm32f4xx.h"
  36:Src/stm32f4xx_it.c **** #include "stm32f4xx_it.h"
  37:Src/stm32f4xx_it.c **** 
  38:Src/stm32f4xx_it.c **** /* USER CODE BEGIN 0 */
  39:Src/stm32f4xx_it.c **** 
  40:Src/stm32f4xx_it.c **** /* USER CODE END 0 */
  41:Src/stm32f4xx_it.c **** 
  42:Src/stm32f4xx_it.c **** /* External variables --------------------------------------------------------*/
  43:Src/stm32f4xx_it.c **** extern DMA_HandleTypeDef hdma_usart1_rx;
  44:Src/stm32f4xx_it.c **** 
  45:Src/stm32f4xx_it.c **** extern TIM_HandleTypeDef htim1;
  46:Src/stm32f4xx_it.c **** 
  47:Src/stm32f4xx_it.c **** /******************************************************************************/
  48:Src/stm32f4xx_it.c **** /*            Cortex-M4 Processor Interruption and Exception Handlers         */ 
  49:Src/stm32f4xx_it.c **** /******************************************************************************/
  50:Src/stm32f4xx_it.c **** 
  51:Src/stm32f4xx_it.c **** /**
  52:Src/stm32f4xx_it.c **** * @brief This function handles Non maskable interrupt.
  53:Src/stm32f4xx_it.c **** */
  54:Src/stm32f4xx_it.c **** void NMI_Handler(void)
  55:Src/stm32f4xx_it.c **** {
  29              		.loc 1 55 1 view -0
  30              		.cfi_startproc
  31              		@ args = 0, pretend = 0, frame = 0
  32              		@ frame_needed = 0, uses_anonymous_args = 0
  33              		@ link register save eliminated.
  56:Src/stm32f4xx_it.c ****   /* USER CODE BEGIN NonMaskableInt_IRQn 0 */
  57:Src/stm32f4xx_it.c **** 
  58:Src/stm32f4xx_it.c ****   /* USER CODE END NonMaskableInt_IRQn 0 */
  59:Src/stm32f4xx_it.c ****   /* USER CODE BEGIN NonMaskableInt_IRQn 1 */
  60:Src/stm32f4xx_it.c **** 
  61:Src/stm32f4xx_it.c ****   /* USER CODE END NonMaskableInt_IRQn 1 */
  62:Src/stm32f4xx_it.c **** }
  34              		.loc 1 62 1 view .LVU1
  35 0000 7047     		bx	lr
  36              		.cfi_endproc
  37              	.LFE126:
  39              		.section	.text.HardFault_Handler,"ax",%progbits
  40              		.align	1
  41              		.global	HardFault_Handler
  42              		.syntax unified
  43              		.thumb
  44              		.thumb_func
  45              		.fpu fpv4-sp-d16
  47              	HardFault_Handler:
  48              	.LFB127:
  63:Src/stm32f4xx_it.c **** 
  64:Src/stm32f4xx_it.c **** /**
  65:Src/stm32f4xx_it.c **** * @brief This function handles Hard fault interrupt.
  66:Src/stm32f4xx_it.c **** */
  67:Src/stm32f4xx_it.c **** void HardFault_Handler(void)
  68:Src/stm32f4xx_it.c **** {
  49              		.loc 1 68 1 view -0
ARM GAS  /tmp/ccVAdH3x.s 			page 3


  50              		.cfi_startproc
  51              		@ Volatile: function does not return.
  52              		@ args = 0, pretend = 0, frame = 0
  53              		@ frame_needed = 0, uses_anonymous_args = 0
  54              		@ link register save eliminated.
  55              	.L3:
  69:Src/stm32f4xx_it.c ****   /* USER CODE BEGIN HardFault_IRQn 0 */
  70:Src/stm32f4xx_it.c **** 
  71:Src/stm32f4xx_it.c ****   /* USER CODE END HardFault_IRQn 0 */
  72:Src/stm32f4xx_it.c ****   while (1)
  56              		.loc 1 72 3 discriminator 1 view .LVU3
  73:Src/stm32f4xx_it.c ****   {
  74:Src/stm32f4xx_it.c ****     /* USER CODE BEGIN W1_HardFault_IRQn 0 */
  75:Src/stm32f4xx_it.c ****     /* USER CODE END W1_HardFault_IRQn 0 */
  76:Src/stm32f4xx_it.c ****   }
  57              		.loc 1 76 3 discriminator 1 view .LVU4
  72:Src/stm32f4xx_it.c ****   {
  58              		.loc 1 72 9 discriminator 1 view .LVU5
  59 0000 FEE7     		b	.L3
  60              		.cfi_endproc
  61              	.LFE127:
  63              		.section	.text.MemManage_Handler,"ax",%progbits
  64              		.align	1
  65              		.global	MemManage_Handler
  66              		.syntax unified
  67              		.thumb
  68              		.thumb_func
  69              		.fpu fpv4-sp-d16
  71              	MemManage_Handler:
  72              	.LFB128:
  77:Src/stm32f4xx_it.c ****   /* USER CODE BEGIN HardFault_IRQn 1 */
  78:Src/stm32f4xx_it.c **** 
  79:Src/stm32f4xx_it.c ****   /* USER CODE END HardFault_IRQn 1 */
  80:Src/stm32f4xx_it.c **** }
  81:Src/stm32f4xx_it.c **** 
  82:Src/stm32f4xx_it.c **** /**
  83:Src/stm32f4xx_it.c **** * @brief This function handles Memory management fault.
  84:Src/stm32f4xx_it.c **** */
  85:Src/stm32f4xx_it.c **** void MemManage_Handler(void)
  86:Src/stm32f4xx_it.c **** {
  73              		.loc 1 86 1 view -0
  74              		.cfi_startproc
  75              		@ Volatile: function does not return.
  76              		@ args = 0, pretend = 0, frame = 0
  77              		@ frame_needed = 0, uses_anonymous_args = 0
  78              		@ link register save eliminated.
  79              	.L5:
  87:Src/stm32f4xx_it.c ****   /* USER CODE BEGIN MemoryManagement_IRQn 0 */
  88:Src/stm32f4xx_it.c **** 
  89:Src/stm32f4xx_it.c ****   /* USER CODE END MemoryManagement_IRQn 0 */
  90:Src/stm32f4xx_it.c ****   while (1)
  80              		.loc 1 90 3 discriminator 1 view .LVU7
  91:Src/stm32f4xx_it.c ****   {
  92:Src/stm32f4xx_it.c ****     /* USER CODE BEGIN W1_MemoryManagement_IRQn 0 */
  93:Src/stm32f4xx_it.c ****     /* USER CODE END W1_MemoryManagement_IRQn 0 */
  94:Src/stm32f4xx_it.c ****   }
  81              		.loc 1 94 3 discriminator 1 view .LVU8
ARM GAS  /tmp/ccVAdH3x.s 			page 4


  90:Src/stm32f4xx_it.c ****   {
  82              		.loc 1 90 9 discriminator 1 view .LVU9
  83 0000 FEE7     		b	.L5
  84              		.cfi_endproc
  85              	.LFE128:
  87              		.section	.text.BusFault_Handler,"ax",%progbits
  88              		.align	1
  89              		.global	BusFault_Handler
  90              		.syntax unified
  91              		.thumb
  92              		.thumb_func
  93              		.fpu fpv4-sp-d16
  95              	BusFault_Handler:
  96              	.LFB129:
  95:Src/stm32f4xx_it.c ****   /* USER CODE BEGIN MemoryManagement_IRQn 1 */
  96:Src/stm32f4xx_it.c **** 
  97:Src/stm32f4xx_it.c ****   /* USER CODE END MemoryManagement_IRQn 1 */
  98:Src/stm32f4xx_it.c **** }
  99:Src/stm32f4xx_it.c **** 
 100:Src/stm32f4xx_it.c **** /**
 101:Src/stm32f4xx_it.c **** * @brief This function handles Pre-fetch fault, memory access fault.
 102:Src/stm32f4xx_it.c **** */
 103:Src/stm32f4xx_it.c **** void BusFault_Handler(void)
 104:Src/stm32f4xx_it.c **** {
  97              		.loc 1 104 1 view -0
  98              		.cfi_startproc
  99              		@ Volatile: function does not return.
 100              		@ args = 0, pretend = 0, frame = 0
 101              		@ frame_needed = 0, uses_anonymous_args = 0
 102              		@ link register save eliminated.
 103              	.L7:
 105:Src/stm32f4xx_it.c ****   /* USER CODE BEGIN BusFault_IRQn 0 */
 106:Src/stm32f4xx_it.c **** 
 107:Src/stm32f4xx_it.c ****   /* USER CODE END BusFault_IRQn 0 */
 108:Src/stm32f4xx_it.c ****   while (1)
 104              		.loc 1 108 3 discriminator 1 view .LVU11
 109:Src/stm32f4xx_it.c ****   {
 110:Src/stm32f4xx_it.c ****     /* USER CODE BEGIN W1_BusFault_IRQn 0 */
 111:Src/stm32f4xx_it.c ****     /* USER CODE END W1_BusFault_IRQn 0 */
 112:Src/stm32f4xx_it.c ****   }
 105              		.loc 1 112 3 discriminator 1 view .LVU12
 108:Src/stm32f4xx_it.c ****   {
 106              		.loc 1 108 9 discriminator 1 view .LVU13
 107 0000 FEE7     		b	.L7
 108              		.cfi_endproc
 109              	.LFE129:
 111              		.section	.text.UsageFault_Handler,"ax",%progbits
 112              		.align	1
 113              		.global	UsageFault_Handler
 114              		.syntax unified
 115              		.thumb
 116              		.thumb_func
 117              		.fpu fpv4-sp-d16
 119              	UsageFault_Handler:
 120              	.LFB130:
 113:Src/stm32f4xx_it.c ****   /* USER CODE BEGIN BusFault_IRQn 1 */
 114:Src/stm32f4xx_it.c **** 
ARM GAS  /tmp/ccVAdH3x.s 			page 5


 115:Src/stm32f4xx_it.c ****   /* USER CODE END BusFault_IRQn 1 */
 116:Src/stm32f4xx_it.c **** }
 117:Src/stm32f4xx_it.c **** 
 118:Src/stm32f4xx_it.c **** /**
 119:Src/stm32f4xx_it.c **** * @brief This function handles Undefined instruction or illegal state.
 120:Src/stm32f4xx_it.c **** */
 121:Src/stm32f4xx_it.c **** void UsageFault_Handler(void)
 122:Src/stm32f4xx_it.c **** {
 121              		.loc 1 122 1 view -0
 122              		.cfi_startproc
 123              		@ Volatile: function does not return.
 124              		@ args = 0, pretend = 0, frame = 0
 125              		@ frame_needed = 0, uses_anonymous_args = 0
 126              		@ link register save eliminated.
 127              	.L9:
 123:Src/stm32f4xx_it.c ****   /* USER CODE BEGIN UsageFault_IRQn 0 */
 124:Src/stm32f4xx_it.c **** 
 125:Src/stm32f4xx_it.c ****   /* USER CODE END UsageFault_IRQn 0 */
 126:Src/stm32f4xx_it.c ****   while (1)
 128              		.loc 1 126 3 discriminator 1 view .LVU15
 127:Src/stm32f4xx_it.c ****   {
 128:Src/stm32f4xx_it.c ****     /* USER CODE BEGIN W1_UsageFault_IRQn 0 */
 129:Src/stm32f4xx_it.c ****     /* USER CODE END W1_UsageFault_IRQn 0 */
 130:Src/stm32f4xx_it.c ****   }
 129              		.loc 1 130 3 discriminator 1 view .LVU16
 126:Src/stm32f4xx_it.c ****   {
 130              		.loc 1 126 9 discriminator 1 view .LVU17
 131 0000 FEE7     		b	.L9
 132              		.cfi_endproc
 133              	.LFE130:
 135              		.section	.text.SVC_Handler,"ax",%progbits
 136              		.align	1
 137              		.global	SVC_Handler
 138              		.syntax unified
 139              		.thumb
 140              		.thumb_func
 141              		.fpu fpv4-sp-d16
 143              	SVC_Handler:
 144              	.LFB131:
 131:Src/stm32f4xx_it.c ****   /* USER CODE BEGIN UsageFault_IRQn 1 */
 132:Src/stm32f4xx_it.c **** 
 133:Src/stm32f4xx_it.c ****   /* USER CODE END UsageFault_IRQn 1 */
 134:Src/stm32f4xx_it.c **** }
 135:Src/stm32f4xx_it.c **** 
 136:Src/stm32f4xx_it.c **** /**
 137:Src/stm32f4xx_it.c **** * @brief This function handles System service call via SWI instruction.
 138:Src/stm32f4xx_it.c **** */
 139:Src/stm32f4xx_it.c **** void SVC_Handler(void)
 140:Src/stm32f4xx_it.c **** {
 145              		.loc 1 140 1 view -0
 146              		.cfi_startproc
 147              		@ args = 0, pretend = 0, frame = 0
 148              		@ frame_needed = 0, uses_anonymous_args = 0
 149              		@ link register save eliminated.
 141:Src/stm32f4xx_it.c ****   /* USER CODE BEGIN SVCall_IRQn 0 */
 142:Src/stm32f4xx_it.c **** 
 143:Src/stm32f4xx_it.c ****   /* USER CODE END SVCall_IRQn 0 */
ARM GAS  /tmp/ccVAdH3x.s 			page 6


 144:Src/stm32f4xx_it.c ****   /* USER CODE BEGIN SVCall_IRQn 1 */
 145:Src/stm32f4xx_it.c **** 
 146:Src/stm32f4xx_it.c ****   /* USER CODE END SVCall_IRQn 1 */
 147:Src/stm32f4xx_it.c **** }
 150              		.loc 1 147 1 view .LVU19
 151 0000 7047     		bx	lr
 152              		.cfi_endproc
 153              	.LFE131:
 155              		.section	.text.DebugMon_Handler,"ax",%progbits
 156              		.align	1
 157              		.global	DebugMon_Handler
 158              		.syntax unified
 159              		.thumb
 160              		.thumb_func
 161              		.fpu fpv4-sp-d16
 163              	DebugMon_Handler:
 164              	.LFB132:
 148:Src/stm32f4xx_it.c **** 
 149:Src/stm32f4xx_it.c **** /**
 150:Src/stm32f4xx_it.c **** * @brief This function handles Debug monitor.
 151:Src/stm32f4xx_it.c **** */
 152:Src/stm32f4xx_it.c **** void DebugMon_Handler(void)
 153:Src/stm32f4xx_it.c **** {
 165              		.loc 1 153 1 view -0
 166              		.cfi_startproc
 167              		@ args = 0, pretend = 0, frame = 0
 168              		@ frame_needed = 0, uses_anonymous_args = 0
 169              		@ link register save eliminated.
 154:Src/stm32f4xx_it.c ****   /* USER CODE BEGIN DebugMonitor_IRQn 0 */
 155:Src/stm32f4xx_it.c **** 
 156:Src/stm32f4xx_it.c ****   /* USER CODE END DebugMonitor_IRQn 0 */
 157:Src/stm32f4xx_it.c ****   /* USER CODE BEGIN DebugMonitor_IRQn 1 */
 158:Src/stm32f4xx_it.c **** 
 159:Src/stm32f4xx_it.c ****   /* USER CODE END DebugMonitor_IRQn 1 */
 160:Src/stm32f4xx_it.c **** }
 170              		.loc 1 160 1 view .LVU21
 171 0000 7047     		bx	lr
 172              		.cfi_endproc
 173              	.LFE132:
 175              		.section	.text.PendSV_Handler,"ax",%progbits
 176              		.align	1
 177              		.global	PendSV_Handler
 178              		.syntax unified
 179              		.thumb
 180              		.thumb_func
 181              		.fpu fpv4-sp-d16
 183              	PendSV_Handler:
 184              	.LFB133:
 161:Src/stm32f4xx_it.c **** 
 162:Src/stm32f4xx_it.c **** /**
 163:Src/stm32f4xx_it.c **** * @brief This function handles Pendable request for system service.
 164:Src/stm32f4xx_it.c **** */
 165:Src/stm32f4xx_it.c **** void PendSV_Handler(void)
 166:Src/stm32f4xx_it.c **** {
 185              		.loc 1 166 1 view -0
 186              		.cfi_startproc
 187              		@ args = 0, pretend = 0, frame = 0
ARM GAS  /tmp/ccVAdH3x.s 			page 7


 188              		@ frame_needed = 0, uses_anonymous_args = 0
 189              		@ link register save eliminated.
 167:Src/stm32f4xx_it.c ****   /* USER CODE BEGIN PendSV_IRQn 0 */
 168:Src/stm32f4xx_it.c **** 
 169:Src/stm32f4xx_it.c ****   /* USER CODE END PendSV_IRQn 0 */
 170:Src/stm32f4xx_it.c ****   /* USER CODE BEGIN PendSV_IRQn 1 */
 171:Src/stm32f4xx_it.c **** 
 172:Src/stm32f4xx_it.c ****   /* USER CODE END PendSV_IRQn 1 */
 173:Src/stm32f4xx_it.c **** }
 190              		.loc 1 173 1 view .LVU23
 191 0000 7047     		bx	lr
 192              		.cfi_endproc
 193              	.LFE133:
 195              		.section	.text.SysTick_Handler,"ax",%progbits
 196              		.align	1
 197              		.global	SysTick_Handler
 198              		.syntax unified
 199              		.thumb
 200              		.thumb_func
 201              		.fpu fpv4-sp-d16
 203              	SysTick_Handler:
 204              	.LFB134:
 174:Src/stm32f4xx_it.c **** 
 175:Src/stm32f4xx_it.c **** /**
 176:Src/stm32f4xx_it.c **** * @brief This function handles System tick timer.
 177:Src/stm32f4xx_it.c **** */
 178:Src/stm32f4xx_it.c **** void SysTick_Handler(void)
 179:Src/stm32f4xx_it.c **** {
 205              		.loc 1 179 1 view -0
 206              		.cfi_startproc
 207              		@ args = 0, pretend = 0, frame = 0
 208              		@ frame_needed = 0, uses_anonymous_args = 0
 209 0000 08B5     		push	{r3, lr}
 210              	.LCFI0:
 211              		.cfi_def_cfa_offset 8
 212              		.cfi_offset 3, -8
 213              		.cfi_offset 14, -4
 180:Src/stm32f4xx_it.c ****   /* USER CODE BEGIN SysTick_IRQn 0 */
 181:Src/stm32f4xx_it.c **** 
 182:Src/stm32f4xx_it.c ****   /* USER CODE END SysTick_IRQn 0 */
 183:Src/stm32f4xx_it.c ****   HAL_SYSTICK_IRQHandler();
 214              		.loc 1 183 3 view .LVU25
 215 0002 FFF7FEFF 		bl	HAL_SYSTICK_IRQHandler
 216              	.LVL0:
 184:Src/stm32f4xx_it.c ****   /* USER CODE BEGIN SysTick_IRQn 1 */
 185:Src/stm32f4xx_it.c **** 
 186:Src/stm32f4xx_it.c ****   /* USER CODE END SysTick_IRQn 1 */
 187:Src/stm32f4xx_it.c **** }
 217              		.loc 1 187 1 is_stmt 0 view .LVU26
 218 0006 08BD     		pop	{r3, pc}
 219              		.cfi_endproc
 220              	.LFE134:
 222              		.section	.text.TIM1_UP_TIM10_IRQHandler,"ax",%progbits
 223              		.align	1
 224              		.global	TIM1_UP_TIM10_IRQHandler
 225              		.syntax unified
 226              		.thumb
ARM GAS  /tmp/ccVAdH3x.s 			page 8


 227              		.thumb_func
 228              		.fpu fpv4-sp-d16
 230              	TIM1_UP_TIM10_IRQHandler:
 231              	.LFB135:
 188:Src/stm32f4xx_it.c **** 
 189:Src/stm32f4xx_it.c **** /******************************************************************************/
 190:Src/stm32f4xx_it.c **** /* STM32F4xx Peripheral Interrupt Handlers                                    */
 191:Src/stm32f4xx_it.c **** /* Add here the Interrupt Handlers for the used peripherals.                  */
 192:Src/stm32f4xx_it.c **** /* For the available peripheral interrupt handler names,                      */
 193:Src/stm32f4xx_it.c **** /* please refer to the startup file (startup_stm32f4xx.s).                    */
 194:Src/stm32f4xx_it.c **** /******************************************************************************/
 195:Src/stm32f4xx_it.c **** 
 196:Src/stm32f4xx_it.c **** /**
 197:Src/stm32f4xx_it.c **** * @brief This function handles TIM1 update interrupt and TIM10 global interrupt.
 198:Src/stm32f4xx_it.c **** */
 199:Src/stm32f4xx_it.c **** void TIM1_UP_TIM10_IRQHandler(void)
 200:Src/stm32f4xx_it.c **** {
 232              		.loc 1 200 1 is_stmt 1 view -0
 233              		.cfi_startproc
 234              		@ args = 0, pretend = 0, frame = 0
 235              		@ frame_needed = 0, uses_anonymous_args = 0
 236 0000 08B5     		push	{r3, lr}
 237              	.LCFI1:
 238              		.cfi_def_cfa_offset 8
 239              		.cfi_offset 3, -8
 240              		.cfi_offset 14, -4
 201:Src/stm32f4xx_it.c ****   /* USER CODE BEGIN TIM1_UP_TIM10_IRQn 0 */
 202:Src/stm32f4xx_it.c **** 
 203:Src/stm32f4xx_it.c ****   /* USER CODE END TIM1_UP_TIM10_IRQn 0 */
 204:Src/stm32f4xx_it.c ****   HAL_TIM_IRQHandler(&htim1);
 241              		.loc 1 204 3 view .LVU28
 242 0002 0248     		ldr	r0, .L17
 243 0004 FFF7FEFF 		bl	HAL_TIM_IRQHandler
 244              	.LVL1:
 205:Src/stm32f4xx_it.c ****   /* USER CODE BEGIN TIM1_UP_TIM10_IRQn 1 */
 206:Src/stm32f4xx_it.c **** 
 207:Src/stm32f4xx_it.c ****   /* USER CODE END TIM1_UP_TIM10_IRQn 1 */
 208:Src/stm32f4xx_it.c **** }
 245              		.loc 1 208 1 is_stmt 0 view .LVU29
 246 0008 08BD     		pop	{r3, pc}
 247              	.L18:
 248 000a 00BF     		.align	2
 249              	.L17:
 250 000c 00000000 		.word	htim1
 251              		.cfi_endproc
 252              	.LFE135:
 254              		.section	.text.DMA2_Stream2_IRQHandler,"ax",%progbits
 255              		.align	1
 256              		.global	DMA2_Stream2_IRQHandler
 257              		.syntax unified
 258              		.thumb
 259              		.thumb_func
 260              		.fpu fpv4-sp-d16
 262              	DMA2_Stream2_IRQHandler:
 263              	.LFB136:
 209:Src/stm32f4xx_it.c **** 
 210:Src/stm32f4xx_it.c **** /**
ARM GAS  /tmp/ccVAdH3x.s 			page 9


 211:Src/stm32f4xx_it.c **** * @brief This function handles DMA2 stream2 global interrupt.
 212:Src/stm32f4xx_it.c **** */
 213:Src/stm32f4xx_it.c **** void DMA2_Stream2_IRQHandler(void)
 214:Src/stm32f4xx_it.c **** {
 264              		.loc 1 214 1 is_stmt 1 view -0
 265              		.cfi_startproc
 266              		@ args = 0, pretend = 0, frame = 0
 267              		@ frame_needed = 0, uses_anonymous_args = 0
 268 0000 08B5     		push	{r3, lr}
 269              	.LCFI2:
 270              		.cfi_def_cfa_offset 8
 271              		.cfi_offset 3, -8
 272              		.cfi_offset 14, -4
 215:Src/stm32f4xx_it.c ****   /* USER CODE BEGIN DMA2_Stream2_IRQn 0 */
 216:Src/stm32f4xx_it.c **** 
 217:Src/stm32f4xx_it.c ****   /* USER CODE END DMA2_Stream2_IRQn 0 */
 218:Src/stm32f4xx_it.c ****   HAL_DMA_IRQHandler(&hdma_usart1_rx);
 273              		.loc 1 218 3 view .LVU31
 274 0002 0248     		ldr	r0, .L21
 275 0004 FFF7FEFF 		bl	HAL_DMA_IRQHandler
 276              	.LVL2:
 219:Src/stm32f4xx_it.c ****   /* USER CODE BEGIN DMA2_Stream2_IRQn 1 */
 220:Src/stm32f4xx_it.c **** 
 221:Src/stm32f4xx_it.c ****   /* USER CODE END DMA2_Stream2_IRQn 1 */
 222:Src/stm32f4xx_it.c **** }
 277              		.loc 1 222 1 is_stmt 0 view .LVU32
 278 0008 08BD     		pop	{r3, pc}
 279              	.L22:
 280 000a 00BF     		.align	2
 281              	.L21:
 282 000c 00000000 		.word	hdma_usart1_rx
 283              		.cfi_endproc
 284              	.LFE136:
 286              		.text
 287              	.Letext0:
 288              		.file 2 "/usr/lib/gcc/arm-none-eabi/9.2.1/include/stdint.h"
 289              		.file 3 "Drivers/CMSIS/Include/core_cm4.h"
 290              		.file 4 "Drivers/CMSIS/Device/ST/STM32F4xx/Include/system_stm32f4xx.h"
 291              		.file 5 "Drivers/CMSIS/Device/ST/STM32F4xx/Include/stm32f407xx.h"
 292              		.file 6 "/usr/lib/gcc/arm-none-eabi/9.2.1/include/stddef.h"
 293              		.file 7 "/usr/include/newlib/sys/_types.h"
 294              		.file 8 "/usr/include/newlib/sys/reent.h"
 295              		.file 9 "/usr/include/newlib/sys/lock.h"
 296              		.file 10 "Drivers/STM32F4xx_HAL_Driver/Inc/stm32f4xx_hal_def.h"
 297              		.file 11 "Drivers/STM32F4xx_HAL_Driver/Inc/stm32f4xx_hal_dma.h"
 298              		.file 12 "Drivers/STM32F4xx_HAL_Driver/Inc/stm32f4xx_hal_tim.h"
 299              		.file 13 "Drivers/STM32F4xx_HAL_Driver/Inc/stm32f4xx_hal_cortex.h"
ARM GAS  /tmp/ccVAdH3x.s 			page 10


DEFINED SYMBOLS
                            *ABS*:0000000000000000 stm32f4xx_it.c
     /tmp/ccVAdH3x.s:18     .text.NMI_Handler:0000000000000000 $t
     /tmp/ccVAdH3x.s:26     .text.NMI_Handler:0000000000000000 NMI_Handler
     /tmp/ccVAdH3x.s:40     .text.HardFault_Handler:0000000000000000 $t
     /tmp/ccVAdH3x.s:47     .text.HardFault_Handler:0000000000000000 HardFault_Handler
     /tmp/ccVAdH3x.s:64     .text.MemManage_Handler:0000000000000000 $t
     /tmp/ccVAdH3x.s:71     .text.MemManage_Handler:0000000000000000 MemManage_Handler
     /tmp/ccVAdH3x.s:88     .text.BusFault_Handler:0000000000000000 $t
     /tmp/ccVAdH3x.s:95     .text.BusFault_Handler:0000000000000000 BusFault_Handler
     /tmp/ccVAdH3x.s:112    .text.UsageFault_Handler:0000000000000000 $t
     /tmp/ccVAdH3x.s:119    .text.UsageFault_Handler:0000000000000000 UsageFault_Handler
     /tmp/ccVAdH3x.s:136    .text.SVC_Handler:0000000000000000 $t
     /tmp/ccVAdH3x.s:143    .text.SVC_Handler:0000000000000000 SVC_Handler
     /tmp/ccVAdH3x.s:156    .text.DebugMon_Handler:0000000000000000 $t
     /tmp/ccVAdH3x.s:163    .text.DebugMon_Handler:0000000000000000 DebugMon_Handler
     /tmp/ccVAdH3x.s:176    .text.PendSV_Handler:0000000000000000 $t
     /tmp/ccVAdH3x.s:183    .text.PendSV_Handler:0000000000000000 PendSV_Handler
     /tmp/ccVAdH3x.s:196    .text.SysTick_Handler:0000000000000000 $t
     /tmp/ccVAdH3x.s:203    .text.SysTick_Handler:0000000000000000 SysTick_Handler
     /tmp/ccVAdH3x.s:223    .text.TIM1_UP_TIM10_IRQHandler:0000000000000000 $t
     /tmp/ccVAdH3x.s:230    .text.TIM1_UP_TIM10_IRQHandler:0000000000000000 TIM1_UP_TIM10_IRQHandler
     /tmp/ccVAdH3x.s:250    .text.TIM1_UP_TIM10_IRQHandler:000000000000000c $d
     /tmp/ccVAdH3x.s:255    .text.DMA2_Stream2_IRQHandler:0000000000000000 $t
     /tmp/ccVAdH3x.s:262    .text.DMA2_Stream2_IRQHandler:0000000000000000 DMA2_Stream2_IRQHandler
     /tmp/ccVAdH3x.s:282    .text.DMA2_Stream2_IRQHandler:000000000000000c $d

UNDEFINED SYMBOLS
HAL_SYSTICK_IRQHandler
HAL_TIM_IRQHandler
htim1
HAL_DMA_IRQHandler
hdma_usart1_rx
