ARM GAS  /tmp/cciDyo9S.s 			page 1


   1              		.cpu cortex-m4
   2              		.eabi_attribute 27, 1
   3              		.eabi_attribute 28, 1
   4              		.eabi_attribute 20, 1
   5              		.eabi_attribute 21, 1
   6              		.eabi_attribute 23, 3
   7              		.eabi_attribute 24, 1
   8              		.eabi_attribute 25, 1
   9              		.eabi_attribute 26, 1
  10              		.eabi_attribute 30, 1
  11              		.eabi_attribute 34, 1
  12              		.eabi_attribute 18, 4
  13              		.file	"stm32f4xx_hal_msp.c"
  14              		.text
  15              	.Ltext0:
  16              		.cfi_sections	.debug_frame
  17              		.section	.text.HAL_MspInit,"ax",%progbits
  18              		.align	1
  19              		.global	HAL_MspInit
  20              		.arch armv7e-m
  21              		.syntax unified
  22              		.thumb
  23              		.thumb_func
  24              		.fpu fpv4-sp-d16
  26              	HAL_MspInit:
  27              	.LFB126:
  28              		.file 1 "Src/stm32f4xx_hal_msp.c"
   1:Src/stm32f4xx_hal_msp.c **** /**
   2:Src/stm32f4xx_hal_msp.c ****   ******************************************************************************
   3:Src/stm32f4xx_hal_msp.c ****   * File Name          : stm32f4xx_hal_msp.c
   4:Src/stm32f4xx_hal_msp.c ****   * Description        : This file provides code for the MSP Initialization 
   5:Src/stm32f4xx_hal_msp.c ****   *                      and de-Initialization codes.
   6:Src/stm32f4xx_hal_msp.c ****   ******************************************************************************
   7:Src/stm32f4xx_hal_msp.c ****   ** This notice applies to any and all portions of this file
   8:Src/stm32f4xx_hal_msp.c ****   * that are not between comment pairs USER CODE BEGIN and
   9:Src/stm32f4xx_hal_msp.c ****   * USER CODE END. Other portions of this file, whether 
  10:Src/stm32f4xx_hal_msp.c ****   * inserted by the user or by software development tools
  11:Src/stm32f4xx_hal_msp.c ****   * are owned by their respective copyright owners.
  12:Src/stm32f4xx_hal_msp.c ****   *
  13:Src/stm32f4xx_hal_msp.c ****   * COPYRIGHT(c) 2020 STMicroelectronics
  14:Src/stm32f4xx_hal_msp.c ****   *
  15:Src/stm32f4xx_hal_msp.c ****   * Redistribution and use in source and binary forms, with or without modification,
  16:Src/stm32f4xx_hal_msp.c ****   * are permitted provided that the following conditions are met:
  17:Src/stm32f4xx_hal_msp.c ****   *   1. Redistributions of source code must retain the above copyright notice,
  18:Src/stm32f4xx_hal_msp.c ****   *      this list of conditions and the following disclaimer.
  19:Src/stm32f4xx_hal_msp.c ****   *   2. Redistributions in binary form must reproduce the above copyright notice,
  20:Src/stm32f4xx_hal_msp.c ****   *      this list of conditions and the following disclaimer in the documentation
  21:Src/stm32f4xx_hal_msp.c ****   *      and/or other materials provided with the distribution.
  22:Src/stm32f4xx_hal_msp.c ****   *   3. Neither the name of STMicroelectronics nor the names of its contributors
  23:Src/stm32f4xx_hal_msp.c ****   *      may be used to endorse or promote products derived from this software
  24:Src/stm32f4xx_hal_msp.c ****   *      without specific prior written permission.
  25:Src/stm32f4xx_hal_msp.c ****   *
  26:Src/stm32f4xx_hal_msp.c ****   * THIS SOFTWARE IS PROVIDED BY THE COPYRIGHT HOLDERS AND CONTRIBUTORS "AS IS"
  27:Src/stm32f4xx_hal_msp.c ****   * AND ANY EXPRESS OR IMPLIED WARRANTIES, INCLUDING, BUT NOT LIMITED TO, THE
  28:Src/stm32f4xx_hal_msp.c ****   * IMPLIED WARRANTIES OF MERCHANTABILITY AND FITNESS FOR A PARTICULAR PURPOSE ARE
  29:Src/stm32f4xx_hal_msp.c ****   * DISCLAIMED. IN NO EVENT SHALL THE COPYRIGHT HOLDER OR CONTRIBUTORS BE LIABLE
  30:Src/stm32f4xx_hal_msp.c ****   * FOR ANY DIRECT, INDIRECT, INCIDENTAL, SPECIAL, EXEMPLARY, OR CONSEQUENTIAL
ARM GAS  /tmp/cciDyo9S.s 			page 2


  31:Src/stm32f4xx_hal_msp.c ****   * DAMAGES (INCLUDING, BUT NOT LIMITED TO, PROCUREMENT OF SUBSTITUTE GOODS OR
  32:Src/stm32f4xx_hal_msp.c ****   * SERVICES; LOSS OF USE, DATA, OR PROFITS; OR BUSINESS INTERRUPTION) HOWEVER
  33:Src/stm32f4xx_hal_msp.c ****   * CAUSED AND ON ANY THEORY OF LIABILITY, WHETHER IN CONTRACT, STRICT LIABILITY,
  34:Src/stm32f4xx_hal_msp.c ****   * OR TORT (INCLUDING NEGLIGENCE OR OTHERWISE) ARISING IN ANY WAY OUT OF THE USE
  35:Src/stm32f4xx_hal_msp.c ****   * OF THIS SOFTWARE, EVEN IF ADVISED OF THE POSSIBILITY OF SUCH DAMAGE.
  36:Src/stm32f4xx_hal_msp.c ****   *
  37:Src/stm32f4xx_hal_msp.c ****   ******************************************************************************
  38:Src/stm32f4xx_hal_msp.c ****   */
  39:Src/stm32f4xx_hal_msp.c **** /* Includes ------------------------------------------------------------------*/
  40:Src/stm32f4xx_hal_msp.c **** #include "stm32f4xx_hal.h"
  41:Src/stm32f4xx_hal_msp.c **** extern void _Error_Handler(char *, int);
  42:Src/stm32f4xx_hal_msp.c **** /* USER CODE BEGIN 0 */
  43:Src/stm32f4xx_hal_msp.c **** 
  44:Src/stm32f4xx_hal_msp.c **** /* USER CODE END 0 */
  45:Src/stm32f4xx_hal_msp.c **** /**
  46:Src/stm32f4xx_hal_msp.c ****   * Initializes the Global MSP.
  47:Src/stm32f4xx_hal_msp.c ****   */
  48:Src/stm32f4xx_hal_msp.c **** void HAL_MspInit(void)
  49:Src/stm32f4xx_hal_msp.c **** {
  29              		.loc 1 49 1 view -0
  30              		.cfi_startproc
  31              		@ args = 0, pretend = 0, frame = 8
  32              		@ frame_needed = 0, uses_anonymous_args = 0
  33 0000 10B5     		push	{r4, lr}
  34              	.LCFI0:
  35              		.cfi_def_cfa_offset 8
  36              		.cfi_offset 4, -8
  37              		.cfi_offset 14, -4
  38 0002 82B0     		sub	sp, sp, #8
  39              	.LCFI1:
  40              		.cfi_def_cfa_offset 16
  50:Src/stm32f4xx_hal_msp.c ****   /* USER CODE BEGIN MspInit 0 */
  51:Src/stm32f4xx_hal_msp.c **** 
  52:Src/stm32f4xx_hal_msp.c ****   /* USER CODE END MspInit 0 */
  53:Src/stm32f4xx_hal_msp.c **** 
  54:Src/stm32f4xx_hal_msp.c ****   __HAL_RCC_SYSCFG_CLK_ENABLE();
  41              		.loc 1 54 3 view .LVU1
  42              	.LBB2:
  43              		.loc 1 54 3 view .LVU2
  44 0004 0024     		movs	r4, #0
  45 0006 0094     		str	r4, [sp]
  46              		.loc 1 54 3 view .LVU3
  47 0008 214B     		ldr	r3, .L3
  48 000a 5A6C     		ldr	r2, [r3, #68]
  49 000c 42F48042 		orr	r2, r2, #16384
  50 0010 5A64     		str	r2, [r3, #68]
  51              		.loc 1 54 3 view .LVU4
  52 0012 5A6C     		ldr	r2, [r3, #68]
  53 0014 02F48042 		and	r2, r2, #16384
  54 0018 0092     		str	r2, [sp]
  55              		.loc 1 54 3 view .LVU5
  56 001a 009A     		ldr	r2, [sp]
  57              	.LBE2:
  58              		.loc 1 54 3 view .LVU6
  55:Src/stm32f4xx_hal_msp.c ****   __HAL_RCC_PWR_CLK_ENABLE();
  59              		.loc 1 55 3 view .LVU7
  60              	.LBB3:
ARM GAS  /tmp/cciDyo9S.s 			page 3


  61              		.loc 1 55 3 view .LVU8
  62 001c 0194     		str	r4, [sp, #4]
  63              		.loc 1 55 3 view .LVU9
  64 001e 1A6C     		ldr	r2, [r3, #64]
  65 0020 42F08052 		orr	r2, r2, #268435456
  66 0024 1A64     		str	r2, [r3, #64]
  67              		.loc 1 55 3 view .LVU10
  68 0026 1B6C     		ldr	r3, [r3, #64]
  69 0028 03F08053 		and	r3, r3, #268435456
  70 002c 0193     		str	r3, [sp, #4]
  71              		.loc 1 55 3 view .LVU11
  72 002e 019B     		ldr	r3, [sp, #4]
  73              	.LBE3:
  74              		.loc 1 55 3 view .LVU12
  56:Src/stm32f4xx_hal_msp.c **** 
  57:Src/stm32f4xx_hal_msp.c ****   HAL_NVIC_SetPriorityGrouping(NVIC_PRIORITYGROUP_4);
  75              		.loc 1 57 3 view .LVU13
  76 0030 0320     		movs	r0, #3
  77 0032 FFF7FEFF 		bl	HAL_NVIC_SetPriorityGrouping
  78              	.LVL0:
  58:Src/stm32f4xx_hal_msp.c **** 
  59:Src/stm32f4xx_hal_msp.c ****   /* System interrupt init*/
  60:Src/stm32f4xx_hal_msp.c ****   /* MemoryManagement_IRQn interrupt configuration */
  61:Src/stm32f4xx_hal_msp.c ****   HAL_NVIC_SetPriority(MemoryManagement_IRQn, 0, 0);
  79              		.loc 1 61 3 view .LVU14
  80 0036 2246     		mov	r2, r4
  81 0038 2146     		mov	r1, r4
  82 003a 6FF00B00 		mvn	r0, #11
  83 003e FFF7FEFF 		bl	HAL_NVIC_SetPriority
  84              	.LVL1:
  62:Src/stm32f4xx_hal_msp.c ****   /* BusFault_IRQn interrupt configuration */
  63:Src/stm32f4xx_hal_msp.c ****   HAL_NVIC_SetPriority(BusFault_IRQn, 0, 0);
  85              		.loc 1 63 3 view .LVU15
  86 0042 2246     		mov	r2, r4
  87 0044 2146     		mov	r1, r4
  88 0046 6FF00A00 		mvn	r0, #10
  89 004a FFF7FEFF 		bl	HAL_NVIC_SetPriority
  90              	.LVL2:
  64:Src/stm32f4xx_hal_msp.c ****   /* UsageFault_IRQn interrupt configuration */
  65:Src/stm32f4xx_hal_msp.c ****   HAL_NVIC_SetPriority(UsageFault_IRQn, 0, 0);
  91              		.loc 1 65 3 view .LVU16
  92 004e 2246     		mov	r2, r4
  93 0050 2146     		mov	r1, r4
  94 0052 6FF00900 		mvn	r0, #9
  95 0056 FFF7FEFF 		bl	HAL_NVIC_SetPriority
  96              	.LVL3:
  66:Src/stm32f4xx_hal_msp.c ****   /* SVCall_IRQn interrupt configuration */
  67:Src/stm32f4xx_hal_msp.c ****   HAL_NVIC_SetPriority(SVCall_IRQn, 0, 0);
  97              		.loc 1 67 3 view .LVU17
  98 005a 2246     		mov	r2, r4
  99 005c 2146     		mov	r1, r4
 100 005e 6FF00400 		mvn	r0, #4
 101 0062 FFF7FEFF 		bl	HAL_NVIC_SetPriority
 102              	.LVL4:
  68:Src/stm32f4xx_hal_msp.c ****   /* DebugMonitor_IRQn interrupt configuration */
  69:Src/stm32f4xx_hal_msp.c ****   HAL_NVIC_SetPriority(DebugMonitor_IRQn, 0, 0);
 103              		.loc 1 69 3 view .LVU18
ARM GAS  /tmp/cciDyo9S.s 			page 4


 104 0066 2246     		mov	r2, r4
 105 0068 2146     		mov	r1, r4
 106 006a 6FF00300 		mvn	r0, #3
 107 006e FFF7FEFF 		bl	HAL_NVIC_SetPriority
 108              	.LVL5:
  70:Src/stm32f4xx_hal_msp.c ****   /* PendSV_IRQn interrupt configuration */
  71:Src/stm32f4xx_hal_msp.c ****   HAL_NVIC_SetPriority(PendSV_IRQn, 0, 0);
 109              		.loc 1 71 3 view .LVU19
 110 0072 2246     		mov	r2, r4
 111 0074 2146     		mov	r1, r4
 112 0076 6FF00100 		mvn	r0, #1
 113 007a FFF7FEFF 		bl	HAL_NVIC_SetPriority
 114              	.LVL6:
  72:Src/stm32f4xx_hal_msp.c ****   /* SysTick_IRQn interrupt configuration */
  73:Src/stm32f4xx_hal_msp.c ****   HAL_NVIC_SetPriority(SysTick_IRQn, 0, 0);
 115              		.loc 1 73 3 view .LVU20
 116 007e 2246     		mov	r2, r4
 117 0080 2146     		mov	r1, r4
 118 0082 4FF0FF30 		mov	r0, #-1
 119 0086 FFF7FEFF 		bl	HAL_NVIC_SetPriority
 120              	.LVL7:
  74:Src/stm32f4xx_hal_msp.c **** 
  75:Src/stm32f4xx_hal_msp.c ****   /* USER CODE BEGIN MspInit 1 */
  76:Src/stm32f4xx_hal_msp.c **** 
  77:Src/stm32f4xx_hal_msp.c ****   /* USER CODE END MspInit 1 */
  78:Src/stm32f4xx_hal_msp.c **** }
 121              		.loc 1 78 1 is_stmt 0 view .LVU21
 122 008a 02B0     		add	sp, sp, #8
 123              	.LCFI2:
 124              		.cfi_def_cfa_offset 8
 125              		@ sp needed
 126 008c 10BD     		pop	{r4, pc}
 127              	.L4:
 128 008e 00BF     		.align	2
 129              	.L3:
 130 0090 00380240 		.word	1073887232
 131              		.cfi_endproc
 132              	.LFE126:
 134              		.text
 135              	.Letext0:
 136              		.file 2 "/usr/lib/gcc/arm-none-eabi/9.2.1/include/stdint.h"
 137              		.file 3 "Drivers/CMSIS/Include/core_cm4.h"
 138              		.file 4 "Drivers/CMSIS/Device/ST/STM32F4xx/Include/system_stm32f4xx.h"
 139              		.file 5 "Drivers/CMSIS/Device/ST/STM32F4xx/Include/stm32f407xx.h"
 140              		.file 6 "/usr/lib/gcc/arm-none-eabi/9.2.1/include/stddef.h"
 141              		.file 7 "/usr/include/newlib/sys/_types.h"
 142              		.file 8 "/usr/include/newlib/sys/reent.h"
 143              		.file 9 "/usr/include/newlib/sys/lock.h"
 144              		.file 10 "Drivers/STM32F4xx_HAL_Driver/Inc/stm32f4xx_hal_cortex.h"
ARM GAS  /tmp/cciDyo9S.s 			page 5


DEFINED SYMBOLS
                            *ABS*:0000000000000000 stm32f4xx_hal_msp.c
     /tmp/cciDyo9S.s:18     .text.HAL_MspInit:0000000000000000 $t
     /tmp/cciDyo9S.s:26     .text.HAL_MspInit:0000000000000000 HAL_MspInit
     /tmp/cciDyo9S.s:130    .text.HAL_MspInit:0000000000000090 $d

UNDEFINED SYMBOLS
HAL_NVIC_SetPriorityGrouping
HAL_NVIC_SetPriority
